{"/Users/e/dev/github.com/cloudbring/groq-code-cli/src/commands/base.ts": {"path":"/Users/e/dev/github.com/cloudbring/groq-code-cli/src/commands/base.ts","all":false,"statementMap":{"15":{"start":{"line":16,"column":0},"end":{"line":16,"column":64}},"19":{"start":{"line":20,"column":0},"end":{"line":20,"column":1}}},"s":{"15":1,"19":1},"branchMap":{},"b":{},"fnMap":{},"f":{}}
,"/Users/e/dev/github.com/cloudbring/groq-code-cli/src/commands/index.ts": {"path":"/Users/e/dev/github.com/cloudbring/groq-code-cli/src/commands/index.ts","all":false,"statementMap":{"1":{"start":{"line":2,"column":0},"end":{"line":2,"column":52}},"2":{"start":{"line":3,"column":0},"end":{"line":3,"column":54}},"3":{"start":{"line":4,"column":0},"end":{"line":4,"column":54}},"4":{"start":{"line":5,"column":0},"end":{"line":5,"column":54}},"5":{"start":{"line":6,"column":0},"end":{"line":6,"column":62}},"7":{"start":{"line":8,"column":0},"end":{"line":8,"column":48}},"8":{"start":{"line":9,"column":0},"end":{"line":9,"column":14}},"9":{"start":{"line":10,"column":0},"end":{"line":10,"column":15}},"10":{"start":{"line":11,"column":0},"end":{"line":11,"column":15}},"11":{"start":{"line":12,"column":0},"end":{"line":12,"column":15}},"12":{"start":{"line":13,"column":0},"end":{"line":13,"column":19}},"13":{"start":{"line":14,"column":0},"end":{"line":14,"column":2}},"15":{"start":{"line":16,"column":0},"end":{"line":16,"column":61}},"16":{"start":{"line":17,"column":0},"end":{"line":17,"column":32}},"17":{"start":{"line":18,"column":0},"end":{"line":18,"column":1}},"19":{"start":{"line":20,"column":0},"end":{"line":20,"column":45}},"20":{"start":{"line":21,"column":0},"end":{"line":21,"column":56}},"21":{"start":{"line":22,"column":0},"end":{"line":22,"column":1}},"23":{"start":{"line":24,"column":0},"end":{"line":24,"column":35}},"24":{"start":{"line":25,"column":0},"end":{"line":25,"column":19}},"25":{"start":{"line":26,"column":0},"end":{"line":26,"column":25}},"26":{"start":{"line":27,"column":0},"end":{"line":27,"column":3}},"28":{"start":{"line":29,"column":0},"end":{"line":29,"column":39}},"29":{"start":{"line":30,"column":0},"end":{"line":30,"column":46}},"30":{"start":{"line":31,"column":0},"end":{"line":31,"column":111}},"32":{"start":{"line":33,"column":0},"end":{"line":33,"column":73}},"35":{"start":{"line":36,"column":0},"end":{"line":36,"column":22}},"36":{"start":{"line":37,"column":0},"end":{"line":37,"column":17}},"37":{"start":{"line":38,"column":0},"end":{"line":38,"column":21}},"38":{"start":{"line":39,"column":0},"end":{"line":39,"column":5}},"40":{"start":{"line":41,"column":0},"end":{"line":41,"column":19}},"41":{"start":{"line":42,"column":0},"end":{"line":42,"column":32}},"42":{"start":{"line":43,"column":0},"end":{"line":43,"column":3}},"43":{"start":{"line":44,"column":0},"end":{"line":44,"column":1}},"45":{"start":{"line":46,"column":0},"end":{"line":46,"column":62}}},"s":{"1":1,"2":1,"3":1,"4":1,"5":1,"7":1,"8":1,"9":1,"10":1,"11":1,"12":1,"13":1,"15":1,"16":30,"17":30,"19":1,"20":3,"21":3,"23":1,"24":16,"25":16,"26":16,"28":16,"29":16,"30":16,"32":16,"35":16,"36":16,"37":16,"38":16,"40":16,"41":14,"42":14,"43":16,"45":1},"branchMap":{"0":{"type":"branch","line":16,"loc":{"start":{"line":16,"column":7},"end":{"line":18,"column":1}},"locations":[{"start":{"line":16,"column":7},"end":{"line":18,"column":1}}]},"1":{"type":"branch","line":20,"loc":{"start":{"line":20,"column":7},"end":{"line":22,"column":1}},"locations":[{"start":{"line":20,"column":7},"end":{"line":22,"column":1}}]},"2":{"type":"branch","line":21,"loc":{"start":{"line":21,"column":36},"end":{"line":21,"column":54}},"locations":[{"start":{"line":21,"column":36},"end":{"line":21,"column":54}}]},"3":{"type":"branch","line":24,"loc":{"start":{"line":24,"column":7},"end":{"line":44,"column":1}},"locations":[{"start":{"line":24,"column":7},"end":{"line":44,"column":1}}]},"4":{"type":"branch","line":31,"loc":{"start":{"line":31,"column":27},"end":{"line":31,"column":85}},"locations":[{"start":{"line":31,"column":27},"end":{"line":31,"column":85}}]},"5":{"type":"branch","line":31,"loc":{"start":{"line":31,"column":81},"end":{"line":31,"column":111}},"locations":[{"start":{"line":31,"column":81},"end":{"line":31,"column":111}}]},"6":{"type":"branch","line":41,"loc":{"start":{"line":41,"column":18},"end":{"line":43,"column":3}},"locations":[{"start":{"line":41,"column":18},"end":{"line":43,"column":3}}]},"7":{"type":"branch","line":33,"loc":{"start":{"line":33,"column":49},"end":{"line":33,"column":71}},"locations":[{"start":{"line":33,"column":49},"end":{"line":33,"column":71}}]}},"b":{"0":[30],"1":[3],"2":[15],"3":[16],"4":[2],"5":[14],"6":[14],"7":[46]},"fnMap":{"0":{"name":"getAvailableCommands","decl":{"start":{"line":16,"column":7},"end":{"line":18,"column":1}},"loc":{"start":{"line":16,"column":7},"end":{"line":18,"column":1}},"line":16},"1":{"name":"getCommandNames","decl":{"start":{"line":20,"column":7},"end":{"line":22,"column":1}},"loc":{"start":{"line":20,"column":7},"end":{"line":22,"column":1}},"line":20},"2":{"name":"handleSlashCommand","decl":{"start":{"line":24,"column":7},"end":{"line":44,"column":1}},"loc":{"start":{"line":24,"column":7},"end":{"line":44,"column":1}},"line":24}},"f":{"0":30,"1":3,"2":16}}
,"/Users/e/dev/github.com/cloudbring/groq-code-cli/src/commands/definitions/clear.ts": {"path":"/Users/e/dev/github.com/cloudbring/groq-code-cli/src/commands/definitions/clear.ts","all":false,"statementMap":{"2":{"start":{"line":3,"column":0},"end":{"line":3,"column":48}},"3":{"start":{"line":4,"column":0},"end":{"line":4,"column":19}},"4":{"start":{"line":5,"column":0},"end":{"line":5,"column":48}},"5":{"start":{"line":6,"column":0},"end":{"line":6,"column":62}},"6":{"start":{"line":7,"column":0},"end":{"line":7,"column":19}},"7":{"start":{"line":8,"column":0},"end":{"line":8,"column":16}},"8":{"start":{"line":9,"column":0},"end":{"line":9,"column":21}},"9":{"start":{"line":10,"column":0},"end":{"line":10,"column":51}},"10":{"start":{"line":11,"column":0},"end":{"line":11,"column":7}},"11":{"start":{"line":12,"column":0},"end":{"line":12,"column":3}},"12":{"start":{"line":13,"column":0},"end":{"line":13,"column":2}}},"s":{"2":1,"3":1,"4":1,"5":1,"6":8,"7":8,"8":8,"9":8,"10":8,"11":8,"12":1},"branchMap":{"0":{"type":"branch","line":6,"loc":{"start":{"line":6,"column":11},"end":{"line":12,"column":3}},"locations":[{"start":{"line":6,"column":11},"end":{"line":12,"column":3}}]}},"b":{"0":[8]},"fnMap":{"0":{"name":"handler","decl":{"start":{"line":6,"column":11},"end":{"line":12,"column":3}},"loc":{"start":{"line":6,"column":11},"end":{"line":12,"column":3}},"line":6}},"f":{"0":8}}
,"/Users/e/dev/github.com/cloudbring/groq-code-cli/src/commands/definitions/help.ts": {"path":"/Users/e/dev/github.com/cloudbring/groq-code-cli/src/commands/definitions/help.ts","all":false,"statementMap":{"1":{"start":{"line":2,"column":0},"end":{"line":2,"column":51}},"3":{"start":{"line":4,"column":0},"end":{"line":4,"column":47}},"4":{"start":{"line":5,"column":0},"end":{"line":5,"column":18}},"5":{"start":{"line":6,"column":0},"end":{"line":6,"column":50}},"6":{"start":{"line":7,"column":0},"end":{"line":7,"column":48}},"7":{"start":{"line":8,"column":0},"end":{"line":8,"column":44}},"8":{"start":{"line":9,"column":0},"end":{"line":9,"column":95}},"10":{"start":{"line":11,"column":0},"end":{"line":11,"column":16}},"11":{"start":{"line":12,"column":0},"end":{"line":12,"column":21}},"12":{"start":{"line":13,"column":0},"end":{"line":13,"column":35}},"13":{"start":{"line":14,"column":0},"end":{"line":14,"column":14}},"27":{"start":{"line":28,"column":0},"end":{"line":28,"column":7}},"28":{"start":{"line":29,"column":0},"end":{"line":29,"column":3}},"29":{"start":{"line":30,"column":0},"end":{"line":30,"column":2}}},"s":{"1":1,"3":1,"4":1,"5":1,"6":1,"7":11,"8":11,"10":11,"11":11,"12":11,"13":11,"27":11,"28":11,"29":1},"branchMap":{"0":{"type":"branch","line":7,"loc":{"start":{"line":7,"column":11},"end":{"line":29,"column":3}},"locations":[{"start":{"line":7,"column":11},"end":{"line":29,"column":3}}]},"1":{"type":"branch","line":9,"loc":{"start":{"line":9,"column":37},"end":{"line":9,"column":82}},"locations":[{"start":{"line":9,"column":37},"end":{"line":9,"column":82}}]}},"b":{"0":[11],"1":[55]},"fnMap":{"0":{"name":"handler","decl":{"start":{"line":7,"column":11},"end":{"line":29,"column":3}},"loc":{"start":{"line":7,"column":11},"end":{"line":29,"column":3}},"line":7}},"f":{"0":11}}
,"/Users/e/dev/github.com/cloudbring/groq-code-cli/src/commands/definitions/login.ts": {"path":"/Users/e/dev/github.com/cloudbring/groq-code-cli/src/commands/definitions/login.ts","all":false,"statementMap":{"2":{"start":{"line":3,"column":0},"end":{"line":3,"column":48}},"3":{"start":{"line":4,"column":0},"end":{"line":4,"column":19}},"4":{"start":{"line":5,"column":0},"end":{"line":5,"column":45}},"5":{"start":{"line":6,"column":0},"end":{"line":6,"column":50}},"6":{"start":{"line":7,"column":0},"end":{"line":7,"column":23}},"7":{"start":{"line":8,"column":0},"end":{"line":8,"column":3}},"8":{"start":{"line":9,"column":0},"end":{"line":9,"column":2}}},"s":{"2":1,"3":1,"4":1,"5":1,"6":6,"7":6,"8":1},"branchMap":{"0":{"type":"branch","line":6,"loc":{"start":{"line":6,"column":11},"end":{"line":8,"column":3}},"locations":[{"start":{"line":6,"column":11},"end":{"line":8,"column":3}}]}},"b":{"0":[6]},"fnMap":{"0":{"name":"handler","decl":{"start":{"line":6,"column":11},"end":{"line":8,"column":3}},"loc":{"start":{"line":6,"column":11},"end":{"line":8,"column":3}},"line":6}},"f":{"0":6}}
,"/Users/e/dev/github.com/cloudbring/groq-code-cli/src/commands/definitions/model.ts": {"path":"/Users/e/dev/github.com/cloudbring/groq-code-cli/src/commands/definitions/model.ts","all":false,"statementMap":{"2":{"start":{"line":3,"column":0},"end":{"line":3,"column":48}},"3":{"start":{"line":4,"column":0},"end":{"line":4,"column":19}},"4":{"start":{"line":5,"column":0},"end":{"line":5,"column":40}},"5":{"start":{"line":6,"column":0},"end":{"line":6,"column":58}},"6":{"start":{"line":7,"column":0},"end":{"line":7,"column":31}},"7":{"start":{"line":8,"column":0},"end":{"line":8,"column":33}},"8":{"start":{"line":9,"column":0},"end":{"line":9,"column":5}},"9":{"start":{"line":10,"column":0},"end":{"line":10,"column":3}},"10":{"start":{"line":11,"column":0},"end":{"line":11,"column":2}}},"s":{"2":1,"3":1,"4":1,"5":1,"6":10,"7":6,"8":6,"9":10,"10":1},"branchMap":{"0":{"type":"branch","line":6,"loc":{"start":{"line":6,"column":11},"end":{"line":10,"column":3}},"locations":[{"start":{"line":6,"column":11},"end":{"line":10,"column":3}}]},"1":{"type":"branch","line":7,"loc":{"start":{"line":7,"column":30},"end":{"line":9,"column":5}},"locations":[{"start":{"line":7,"column":30},"end":{"line":9,"column":5}}]}},"b":{"0":[10],"1":[6]},"fnMap":{"0":{"name":"handler","decl":{"start":{"line":6,"column":11},"end":{"line":10,"column":3}},"loc":{"start":{"line":6,"column":11},"end":{"line":10,"column":3}},"line":6}},"f":{"0":10}}
,"/Users/e/dev/github.com/cloudbring/groq-code-cli/src/commands/definitions/reasoning.ts": {"path":"/Users/e/dev/github.com/cloudbring/groq-code-cli/src/commands/definitions/reasoning.ts","all":false,"statementMap":{"2":{"start":{"line":3,"column":0},"end":{"line":3,"column":52}},"3":{"start":{"line":4,"column":0},"end":{"line":4,"column":23}},"4":{"start":{"line":5,"column":0},"end":{"line":5,"column":65}},"5":{"start":{"line":6,"column":0},"end":{"line":6,"column":80}},"6":{"start":{"line":7,"column":0},"end":{"line":7,"column":26}},"7":{"start":{"line":8,"column":0},"end":{"line":8,"column":24}},"8":{"start":{"line":9,"column":0},"end":{"line":9,"column":38}},"9":{"start":{"line":10,"column":0},"end":{"line":10,"column":18}},"10":{"start":{"line":11,"column":0},"end":{"line":11,"column":23}},"11":{"start":{"line":12,"column":0},"end":{"line":12,"column":82}},"12":{"start":{"line":13,"column":0},"end":{"line":13,"column":9}},"13":{"start":{"line":14,"column":0},"end":{"line":14,"column":12}},"14":{"start":{"line":15,"column":0},"end":{"line":15,"column":18}},"15":{"start":{"line":16,"column":0},"end":{"line":16,"column":23}},"16":{"start":{"line":17,"column":0},"end":{"line":17,"column":68}},"17":{"start":{"line":18,"column":0},"end":{"line":18,"column":9}},"18":{"start":{"line":19,"column":0},"end":{"line":19,"column":5}},"19":{"start":{"line":20,"column":0},"end":{"line":20,"column":3}},"20":{"start":{"line":21,"column":0},"end":{"line":21,"column":2}}},"s":{"2":1,"3":1,"4":1,"5":1,"6":13,"7":9,"8":9,"9":9,"10":9,"11":9,"12":9,"13":13,"14":4,"15":4,"16":4,"17":4,"18":4,"19":13,"20":1},"branchMap":{"0":{"type":"branch","line":6,"loc":{"start":{"line":6,"column":11},"end":{"line":20,"column":3}},"locations":[{"start":{"line":6,"column":11},"end":{"line":20,"column":3}}]},"1":{"type":"branch","line":7,"loc":{"start":{"line":7,"column":25},"end":{"line":14,"column":11}},"locations":[{"start":{"line":7,"column":25},"end":{"line":14,"column":11}}]},"2":{"type":"branch","line":12,"loc":{"start":{"line":12,"column":45},"end":{"line":12,"column":68}},"locations":[{"start":{"line":12,"column":45},"end":{"line":12,"column":68}}]},"3":{"type":"branch","line":12,"loc":{"start":{"line":12,"column":56},"end":{"line":12,"column":78}},"locations":[{"start":{"line":12,"column":56},"end":{"line":12,"column":78}}]},"4":{"type":"branch","line":14,"loc":{"start":{"line":14,"column":4},"end":{"line":19,"column":5}},"locations":[{"start":{"line":14,"column":4},"end":{"line":19,"column":5}}]}},"b":{"0":[13],"1":[9],"2":[6],"3":[3],"4":[4]},"fnMap":{"0":{"name":"handler","decl":{"start":{"line":6,"column":11},"end":{"line":20,"column":3}},"loc":{"start":{"line":6,"column":11},"end":{"line":20,"column":3}},"line":6}},"f":{"0":13}}
,"/Users/e/dev/github.com/cloudbring/groq-code-cli/src/core/agent.ts": {"path":"/Users/e/dev/github.com/cloudbring/groq-code-cli/src/core/agent.ts","all":false,"statementMap":{"0":{"start":{"line":1,"column":0},"end":{"line":1,"column":28}},"1":{"start":{"line":2,"column":0},"end":{"line":2,"column":48}},"2":{"start":{"line":3,"column":0},"end":{"line":3,"column":88}},"3":{"start":{"line":4,"column":0},"end":{"line":4,"column":102}},"4":{"start":{"line":5,"column":0},"end":{"line":5,"column":59}},"5":{"start":{"line":6,"column":0},"end":{"line":6,"column":20}},"6":{"start":{"line":7,"column":0},"end":{"line":7,"column":24}},"15":{"start":{"line":16,"column":0},"end":{"line":16,"column":20}},"16":{"start":{"line":17,"column":0},"end":{"line":17,"column":37}},"17":{"start":{"line":18,"column":0},"end":{"line":18,"column":35}},"18":{"start":{"line":19,"column":0},"end":{"line":19,"column":39}},"19":{"start":{"line":20,"column":0},"end":{"line":20,"column":24}},"20":{"start":{"line":21,"column":0},"end":{"line":21,"column":30}},"21":{"start":{"line":22,"column":0},"end":{"line":22,"column":46}},"22":{"start":{"line":23,"column":0},"end":{"line":23,"column":32}},"23":{"start":{"line":24,"column":0},"end":{"line":24,"column":39}},"24":{"start":{"line":25,"column":0},"end":{"line":25,"column":74}},"25":{"start":{"line":26,"column":0},"end":{"line":26,"column":58}},"26":{"start":{"line":27,"column":0},"end":{"line":27,"column":141}},"27":{"start":{"line":28,"column":0},"end":{"line":28,"column":73}},"28":{"start":{"line":29,"column":0},"end":{"line":29,"column":73}},"29":{"start":{"line":30,"column":0},"end":{"line":30,"column":72}},"30":{"start":{"line":31,"column":0},"end":{"line":31,"column":115}},"31":{"start":{"line":32,"column":0},"end":{"line":32,"column":35}},"32":{"start":{"line":33,"column":0},"end":{"line":33,"column":64}},"33":{"start":{"line":34,"column":0},"end":{"line":34,"column":41}},"35":{"start":{"line":36,"column":0},"end":{"line":36,"column":22}},"36":{"start":{"line":37,"column":0},"end":{"line":37,"column":18}},"37":{"start":{"line":38,"column":0},"end":{"line":38,"column":24}},"38":{"start":{"line":39,"column":0},"end":{"line":39,"column":33}},"39":{"start":{"line":40,"column":0},"end":{"line":40,"column":19}},"40":{"start":{"line":41,"column":0},"end":{"line":41,"column":5}},"41":{"start":{"line":42,"column":0},"end":{"line":42,"column":23}},"42":{"start":{"line":43,"column":0},"end":{"line":43,"column":35}},"43":{"start":{"line":44,"column":0},"end":{"line":44,"column":45}},"46":{"start":{"line":47,"column":0},"end":{"line":47,"column":34}},"49":{"start":{"line":50,"column":0},"end":{"line":50,"column":24}},"50":{"start":{"line":51,"column":0},"end":{"line":51,"column":41}},"51":{"start":{"line":52,"column":0},"end":{"line":52,"column":12}},"52":{"start":{"line":53,"column":0},"end":{"line":53,"column":60}},"53":{"start":{"line":54,"column":0},"end":{"line":54,"column":5}},"56":{"start":{"line":57,"column":0},"end":{"line":57,"column":72}},"57":{"start":{"line":58,"column":0},"end":{"line":58,"column":3}},"59":{"start":{"line":60,"column":0},"end":{"line":60,"column":22}},"60":{"start":{"line":61,"column":0},"end":{"line":61,"column":18}},"61":{"start":{"line":62,"column":0},"end":{"line":62,"column":24}},"62":{"start":{"line":63,"column":0},"end":{"line":63,"column":33}},"63":{"start":{"line":64,"column":0},"end":{"line":64,"column":19}},"64":{"start":{"line":65,"column":0},"end":{"line":65,"column":21}},"66":{"start":{"line":67,"column":0},"end":{"line":67,"column":46}},"67":{"start":{"line":68,"column":0},"end":{"line":68,"column":57}},"68":{"start":{"line":69,"column":0},"end":{"line":69,"column":48}},"70":{"start":{"line":71,"column":0},"end":{"line":71,"column":28}},"71":{"start":{"line":72,"column":0},"end":{"line":72,"column":20}},"72":{"start":{"line":73,"column":0},"end":{"line":73,"column":18}},"73":{"start":{"line":74,"column":0},"end":{"line":74,"column":20}},"74":{"start":{"line":75,"column":0},"end":{"line":75,"column":11}},"75":{"start":{"line":76,"column":0},"end":{"line":76,"column":6}},"76":{"start":{"line":77,"column":0},"end":{"line":77,"column":17}},"77":{"start":{"line":78,"column":0},"end":{"line":78,"column":3}},"79":{"start":{"line":80,"column":0},"end":{"line":80,"column":47}},"80":{"start":{"line":81,"column":0},"end":{"line":81,"column":129}},"129":{"start":{"line":130,"column":0},"end":{"line":130,"column":129}},"130":{"start":{"line":131,"column":0},"end":{"line":131,"column":3}},"133":{"start":{"line":134,"column":0},"end":{"line":134,"column":38}},"141":{"start":{"line":142,"column":0},"end":{"line":142,"column":6}},"142":{"start":{"line":143,"column":0},"end":{"line":143,"column":45}},"143":{"start":{"line":144,"column":0},"end":{"line":144,"column":41}},"144":{"start":{"line":145,"column":0},"end":{"line":145,"column":51}},"145":{"start":{"line":146,"column":0},"end":{"line":146,"column":51}},"146":{"start":{"line":147,"column":0},"end":{"line":147,"column":51}},"147":{"start":{"line":148,"column":0},"end":{"line":148,"column":53}},"148":{"start":{"line":149,"column":0},"end":{"line":149,"column":43}},"149":{"start":{"line":150,"column":0},"end":{"line":150,"column":3}},"151":{"start":{"line":152,"column":0},"end":{"line":152,"column":42}},"152":{"start":{"line":153,"column":0},"end":{"line":153,"column":44}},"153":{"start":{"line":154,"column":0},"end":{"line":154,"column":85}},"154":{"start":{"line":155,"column":0},"end":{"line":155,"column":25}},"155":{"start":{"line":156,"column":0},"end":{"line":156,"column":39}},"156":{"start":{"line":157,"column":0},"end":{"line":157,"column":62}},"157":{"start":{"line":158,"column":0},"end":{"line":158,"column":3}},"159":{"start":{"line":160,"column":0},"end":{"line":160,"column":43}},"160":{"start":{"line":161,"column":0},"end":{"line":161,"column":41}},"161":{"start":{"line":162,"column":0},"end":{"line":162,"column":27}},"162":{"start":{"line":163,"column":0},"end":{"line":163,"column":3}},"164":{"start":{"line":165,"column":0},"end":{"line":165,"column":30}},"165":{"start":{"line":166,"column":0},"end":{"line":166,"column":37}},"166":{"start":{"line":167,"column":0},"end":{"line":167,"column":23}},"167":{"start":{"line":168,"column":0},"end":{"line":168,"column":23}},"168":{"start":{"line":169,"column":0},"end":{"line":169,"column":3}},"170":{"start":{"line":171,"column":0},"end":{"line":171,"column":31}},"172":{"start":{"line":173,"column":0},"end":{"line":173,"column":71}},"173":{"start":{"line":174,"column":0},"end":{"line":174,"column":3}},"175":{"start":{"line":176,"column":0},"end":{"line":176,"column":40}},"176":{"start":{"line":177,"column":0},"end":{"line":177,"column":23}},"178":{"start":{"line":179,"column":0},"end":{"line":179,"column":46}},"180":{"start":{"line":181,"column":0},"end":{"line":181,"column":62}},"181":{"start":{"line":182,"column":0},"end":{"line":182,"column":42}},"183":{"start":{"line":184,"column":0},"end":{"line":184,"column":125}},"184":{"start":{"line":185,"column":0},"end":{"line":185,"column":30}},"185":{"start":{"line":186,"column":0},"end":{"line":186,"column":63}},"186":{"start":{"line":187,"column":0},"end":{"line":187,"column":5}},"187":{"start":{"line":188,"column":0},"end":{"line":188,"column":3}},"189":{"start":{"line":190,"column":0},"end":{"line":190,"column":36}},"190":{"start":{"line":191,"column":0},"end":{"line":191,"column":22}},"191":{"start":{"line":192,"column":0},"end":{"line":192,"column":3}},"193":{"start":{"line":194,"column":0},"end":{"line":194,"column":56}},"194":{"start":{"line":195,"column":0},"end":{"line":195,"column":38}},"195":{"start":{"line":196,"column":0},"end":{"line":196,"column":3}},"197":{"start":{"line":198,"column":0},"end":{"line":198,"column":28}},"198":{"start":{"line":199,"column":0},"end":{"line":199,"column":45}},"199":{"start":{"line":200,"column":0},"end":{"line":200,"column":30}},"201":{"start":{"line":202,"column":0},"end":{"line":202,"column":38}},"202":{"start":{"line":203,"column":0},"end":{"line":203,"column":47}},"203":{"start":{"line":204,"column":0},"end":{"line":204,"column":42}},"204":{"start":{"line":205,"column":0},"end":{"line":205,"column":5}},"207":{"start":{"line":208,"column":0},"end":{"line":208,"column":24}},"208":{"start":{"line":209,"column":0},"end":{"line":209,"column":21}},"209":{"start":{"line":210,"column":0},"end":{"line":210,"column":50}},"210":{"start":{"line":211,"column":0},"end":{"line":211,"column":7}},"211":{"start":{"line":212,"column":0},"end":{"line":212,"column":3}},"213":{"start":{"line":214,"column":0},"end":{"line":214,"column":48}},"215":{"start":{"line":216,"column":0},"end":{"line":216,"column":31}},"218":{"start":{"line":219,"column":0},"end":{"line":219,"column":23}},"219":{"start":{"line":220,"column":0},"end":{"line":220,"column":46}},"221":{"start":{"line":222,"column":0},"end":{"line":222,"column":49}},"222":{"start":{"line":223,"column":0},"end":{"line":223,"column":22}},"223":{"start":{"line":224,"column":0},"end":{"line":224,"column":60}},"224":{"start":{"line":225,"column":0},"end":{"line":225,"column":34}},"225":{"start":{"line":226,"column":0},"end":{"line":226,"column":14}},"227":{"start":{"line":228,"column":0},"end":{"line":228,"column":86}},"228":{"start":{"line":229,"column":0},"end":{"line":229,"column":60}},"229":{"start":{"line":230,"column":0},"end":{"line":230,"column":27}},"230":{"start":{"line":231,"column":0},"end":{"line":231,"column":53}},"231":{"start":{"line":232,"column":0},"end":{"line":232,"column":39}},"232":{"start":{"line":233,"column":0},"end":{"line":233,"column":16}},"233":{"start":{"line":234,"column":0},"end":{"line":234,"column":48}},"234":{"start":{"line":235,"column":0},"end":{"line":235,"column":95}},"235":{"start":{"line":236,"column":0},"end":{"line":236,"column":9}},"236":{"start":{"line":237,"column":0},"end":{"line":237,"column":7}},"237":{"start":{"line":238,"column":0},"end":{"line":238,"column":55}},"238":{"start":{"line":239,"column":0},"end":{"line":239,"column":5}},"241":{"start":{"line":242,"column":0},"end":{"line":242,"column":61}},"243":{"start":{"line":244,"column":0},"end":{"line":244,"column":29}},"244":{"start":{"line":245,"column":0},"end":{"line":245,"column":22}},"246":{"start":{"line":247,"column":0},"end":{"line":247,"column":52}},"247":{"start":{"line":248,"column":0},"end":{"line":248,"column":41}},"249":{"start":{"line":250,"column":0},"end":{"line":250,"column":33}},"250":{"start":{"line":251,"column":0},"end":{"line":251,"column":52}},"251":{"start":{"line":252,"column":0},"end":{"line":252,"column":45}},"252":{"start":{"line":253,"column":0},"end":{"line":253,"column":17}},"253":{"start":{"line":254,"column":0},"end":{"line":254,"column":9}},"255":{"start":{"line":256,"column":0},"end":{"line":256,"column":13}},"257":{"start":{"line":258,"column":0},"end":{"line":258,"column":29}},"258":{"start":{"line":259,"column":0},"end":{"line":259,"column":59}},"259":{"start":{"line":260,"column":0},"end":{"line":260,"column":11}},"261":{"start":{"line":262,"column":0},"end":{"line":262,"column":70}},"262":{"start":{"line":263,"column":0},"end":{"line":263,"column":60}},"263":{"start":{"line":264,"column":0},"end":{"line":264,"column":66}},"266":{"start":{"line":267,"column":0},"end":{"line":267,"column":31}},"267":{"start":{"line":268,"column":0},"end":{"line":268,"column":30}},"268":{"start":{"line":269,"column":0},"end":{"line":269,"column":36}},"269":{"start":{"line":270,"column":0},"end":{"line":270,"column":36}},"270":{"start":{"line":271,"column":0},"end":{"line":271,"column":41}},"271":{"start":{"line":272,"column":0},"end":{"line":272,"column":42}},"272":{"start":{"line":273,"column":0},"end":{"line":273,"column":29}},"273":{"start":{"line":274,"column":0},"end":{"line":274,"column":34}},"274":{"start":{"line":275,"column":0},"end":{"line":275,"column":12}},"277":{"start":{"line":278,"column":0},"end":{"line":278,"column":30}},"278":{"start":{"line":279,"column":0},"end":{"line":279,"column":96}},"279":{"start":{"line":280,"column":0},"end":{"line":280,"column":28}},"280":{"start":{"line":281,"column":0},"end":{"line":281,"column":62}},"281":{"start":{"line":282,"column":0},"end":{"line":282,"column":11}},"284":{"start":{"line":285,"column":0},"end":{"line":285,"column":62}},"286":{"start":{"line":287,"column":0},"end":{"line":287,"column":70}},"287":{"start":{"line":288,"column":0},"end":{"line":288,"column":30}},"288":{"start":{"line":289,"column":0},"end":{"line":289,"column":43}},"289":{"start":{"line":290,"column":0},"end":{"line":290,"column":36}},"290":{"start":{"line":291,"column":0},"end":{"line":291,"column":32}},"291":{"start":{"line":292,"column":0},"end":{"line":292,"column":42}},"292":{"start":{"line":293,"column":0},"end":{"line":293,"column":29}},"293":{"start":{"line":294,"column":0},"end":{"line":294,"column":25}},"294":{"start":{"line":295,"column":0},"end":{"line":295,"column":14}},"295":{"start":{"line":296,"column":0},"end":{"line":296,"column":54}},"296":{"start":{"line":297,"column":0},"end":{"line":297,"column":13}},"298":{"start":{"line":299,"column":0},"end":{"line":299,"column":60}},"299":{"start":{"line":300,"column":0},"end":{"line":300,"column":54}},"300":{"start":{"line":301,"column":0},"end":{"line":301,"column":81}},"301":{"start":{"line":302,"column":0},"end":{"line":302,"column":72}},"303":{"start":{"line":304,"column":0},"end":{"line":304,"column":54}},"306":{"start":{"line":307,"column":0},"end":{"line":307,"column":55}},"309":{"start":{"line":310,"column":0},"end":{"line":310,"column":50}},"310":{"start":{"line":311,"column":0},"end":{"line":311,"column":29}},"311":{"start":{"line":312,"column":0},"end":{"line":312,"column":58}},"312":{"start":{"line":313,"column":0},"end":{"line":313,"column":66}},"313":{"start":{"line":314,"column":0},"end":{"line":314,"column":55}},"314":{"start":{"line":315,"column":0},"end":{"line":315,"column":15}},"315":{"start":{"line":316,"column":0},"end":{"line":316,"column":11}},"316":{"start":{"line":317,"column":0},"end":{"line":317,"column":76}},"317":{"start":{"line":318,"column":0},"end":{"line":318,"column":68}},"318":{"start":{"line":319,"column":0},"end":{"line":319,"column":81}},"320":{"start":{"line":321,"column":0},"end":{"line":321,"column":115}},"321":{"start":{"line":322,"column":0},"end":{"line":322,"column":95}},"322":{"start":{"line":323,"column":0},"end":{"line":323,"column":11}},"325":{"start":{"line":326,"column":0},"end":{"line":326,"column":35}},"327":{"start":{"line":328,"column":0},"end":{"line":328,"column":47}},"328":{"start":{"line":329,"column":0},"end":{"line":329,"column":40}},"329":{"start":{"line":330,"column":0},"end":{"line":330,"column":70}},"330":{"start":{"line":331,"column":0},"end":{"line":331,"column":15}},"331":{"start":{"line":332,"column":0},"end":{"line":332,"column":13}},"334":{"start":{"line":335,"column":0},"end":{"line":335,"column":43}},"335":{"start":{"line":336,"column":0},"end":{"line":336,"column":32}},"336":{"start":{"line":337,"column":0},"end":{"line":337,"column":44}},"337":{"start":{"line":338,"column":0},"end":{"line":338,"column":14}},"338":{"start":{"line":339,"column":0},"end":{"line":339,"column":57}},"339":{"start":{"line":340,"column":0},"end":{"line":340,"column":45}},"342":{"start":{"line":343,"column":0},"end":{"line":343,"column":56}},"344":{"start":{"line":345,"column":0},"end":{"line":345,"column":39}},"345":{"start":{"line":346,"column":0},"end":{"line":346,"column":63}},"346":{"start":{"line":347,"column":0},"end":{"line":347,"column":51}},"347":{"start":{"line":348,"column":0},"end":{"line":348,"column":23}},"348":{"start":{"line":349,"column":0},"end":{"line":349,"column":15}},"350":{"start":{"line":351,"column":0},"end":{"line":351,"column":66}},"353":{"start":{"line":354,"column":0},"end":{"line":354,"column":34}},"354":{"start":{"line":355,"column":0},"end":{"line":355,"column":29}},"355":{"start":{"line":356,"column":0},"end":{"line":356,"column":42}},"356":{"start":{"line":357,"column":0},"end":{"line":357,"column":47}},"357":{"start":{"line":358,"column":0},"end":{"line":358,"column":17}},"360":{"start":{"line":361,"column":0},"end":{"line":361,"column":40}},"362":{"start":{"line":363,"column":0},"end":{"line":363,"column":36}},"363":{"start":{"line":364,"column":0},"end":{"line":364,"column":33}},"364":{"start":{"line":365,"column":0},"end":{"line":365,"column":171}},"365":{"start":{"line":366,"column":0},"end":{"line":366,"column":19}},"366":{"start":{"line":367,"column":0},"end":{"line":367,"column":23}},"367":{"start":{"line":368,"column":0},"end":{"line":368,"column":15}},"368":{"start":{"line":369,"column":0},"end":{"line":369,"column":13}},"371":{"start":{"line":372,"column":0},"end":{"line":372,"column":24}},"372":{"start":{"line":373,"column":0},"end":{"line":373,"column":21}},"373":{"start":{"line":374,"column":0},"end":{"line":374,"column":11}},"376":{"start":{"line":377,"column":0},"end":{"line":377,"column":48}},"377":{"start":{"line":378,"column":0},"end":{"line":378,"column":62}},"378":{"start":{"line":379,"column":0},"end":{"line":379,"column":60}},"379":{"start":{"line":380,"column":0},"end":{"line":380,"column":72}},"381":{"start":{"line":382,"column":0},"end":{"line":382,"column":36}},"382":{"start":{"line":383,"column":0},"end":{"line":383,"column":56}},"383":{"start":{"line":384,"column":0},"end":{"line":384,"column":52}},"384":{"start":{"line":385,"column":0},"end":{"line":385,"column":18}},"385":{"start":{"line":386,"column":0},"end":{"line":386,"column":55}},"386":{"start":{"line":387,"column":0},"end":{"line":387,"column":11}},"389":{"start":{"line":390,"column":0},"end":{"line":390,"column":30}},"390":{"start":{"line":391,"column":0},"end":{"line":391,"column":30}},"391":{"start":{"line":392,"column":0},"end":{"line":392,"column":28}},"392":{"start":{"line":393,"column":0},"end":{"line":393,"column":13}},"394":{"start":{"line":395,"column":0},"end":{"line":395,"column":86}},"395":{"start":{"line":396,"column":0},"end":{"line":396,"column":71}},"396":{"start":{"line":397,"column":0},"end":{"line":397,"column":60}},"398":{"start":{"line":399,"column":0},"end":{"line":399,"column":25}},"399":{"start":{"line":400,"column":0},"end":{"line":400,"column":71}},"402":{"start":{"line":403,"column":0},"end":{"line":403,"column":41}},"403":{"start":{"line":404,"column":0},"end":{"line":404,"column":60}},"404":{"start":{"line":405,"column":0},"end":{"line":405,"column":66}},"405":{"start":{"line":406,"column":0},"end":{"line":406,"column":39}},"406":{"start":{"line":407,"column":0},"end":{"line":407,"column":14}},"407":{"start":{"line":408,"column":0},"end":{"line":408,"column":69}},"409":{"start":{"line":410,"column":0},"end":{"line":410,"column":19}},"410":{"start":{"line":411,"column":0},"end":{"line":411,"column":11}},"412":{"start":{"line":413,"column":0},"end":{"line":413,"column":61}},"413":{"start":{"line":414,"column":0},"end":{"line":414,"column":38}},"414":{"start":{"line":415,"column":0},"end":{"line":415,"column":76}},"415":{"start":{"line":416,"column":0},"end":{"line":416,"column":78}},"416":{"start":{"line":417,"column":0},"end":{"line":417,"column":13}},"419":{"start":{"line":420,"column":0},"end":{"line":420,"column":54}},"420":{"start":{"line":421,"column":0},"end":{"line":421,"column":33}},"422":{"start":{"line":423,"column":0},"end":{"line":423,"column":39}},"424":{"start":{"line":425,"column":0},"end":{"line":425,"column":56}},"425":{"start":{"line":426,"column":0},"end":{"line":426,"column":44}},"426":{"start":{"line":427,"column":0},"end":{"line":427,"column":51}},"427":{"start":{"line":428,"column":0},"end":{"line":428,"column":51}},"428":{"start":{"line":429,"column":0},"end":{"line":429,"column":97}},"429":{"start":{"line":430,"column":0},"end":{"line":430,"column":48}},"430":{"start":{"line":431,"column":0},"end":{"line":431,"column":74}},"431":{"start":{"line":432,"column":0},"end":{"line":432,"column":17}},"432":{"start":{"line":433,"column":0},"end":{"line":433,"column":22}},"433":{"start":{"line":434,"column":0},"end":{"line":434,"column":82}},"434":{"start":{"line":435,"column":0},"end":{"line":435,"column":15}},"435":{"start":{"line":436,"column":0},"end":{"line":436,"column":20}},"436":{"start":{"line":437,"column":0},"end":{"line":437,"column":55}},"437":{"start":{"line":438,"column":0},"end":{"line":438,"column":13}},"438":{"start":{"line":439,"column":0},"end":{"line":439,"column":18}},"439":{"start":{"line":440,"column":0},"end":{"line":440,"column":53}},"440":{"start":{"line":441,"column":0},"end":{"line":441,"column":11}},"443":{"start":{"line":444,"column":0},"end":{"line":444,"column":27}},"444":{"start":{"line":445,"column":0},"end":{"line":445,"column":109}},"445":{"start":{"line":446,"column":0},"end":{"line":446,"column":11}},"448":{"start":{"line":449,"column":0},"end":{"line":449,"column":30}},"449":{"start":{"line":450,"column":0},"end":{"line":450,"column":27}},"450":{"start":{"line":451,"column":0},"end":{"line":451,"column":146}},"451":{"start":{"line":452,"column":0},"end":{"line":452,"column":13}},"454":{"start":{"line":455,"column":0},"end":{"line":455,"column":22}},"455":{"start":{"line":456,"column":0},"end":{"line":456,"column":19}},"456":{"start":{"line":457,"column":0},"end":{"line":457,"column":9}},"457":{"start":{"line":458,"column":0},"end":{"line":458,"column":7}},"460":{"start":{"line":461,"column":0},"end":{"line":461,"column":39}},"461":{"start":{"line":462,"column":0},"end":{"line":462,"column":35}},"462":{"start":{"line":463,"column":0},"end":{"line":463,"column":35}},"463":{"start":{"line":464,"column":0},"end":{"line":464,"column":69}},"464":{"start":{"line":465,"column":0},"end":{"line":465,"column":9}},"465":{"start":{"line":466,"column":0},"end":{"line":466,"column":29}},"466":{"start":{"line":467,"column":0},"end":{"line":467,"column":51}},"467":{"start":{"line":468,"column":0},"end":{"line":468,"column":46}},"468":{"start":{"line":469,"column":0},"end":{"line":469,"column":16}},"469":{"start":{"line":470,"column":0},"end":{"line":470,"column":36}},"470":{"start":{"line":471,"column":0},"end":{"line":471,"column":9}},"471":{"start":{"line":472,"column":0},"end":{"line":472,"column":7}},"472":{"start":{"line":473,"column":0},"end":{"line":473,"column":5}},"473":{"start":{"line":474,"column":0},"end":{"line":474,"column":3}},"475":{"start":{"line":476,"column":0},"end":{"line":476,"column":78}},"476":{"start":{"line":477,"column":0},"end":{"line":477,"column":9}},"478":{"start":{"line":479,"column":0},"end":{"line":479,"column":44}},"479":{"start":{"line":480,"column":0},"end":{"line":480,"column":49}},"480":{"start":{"line":481,"column":0},"end":{"line":481,"column":62}},"481":{"start":{"line":482,"column":0},"end":{"line":482,"column":7}},"484":{"start":{"line":485,"column":0},"end":{"line":485,"column":24}},"485":{"start":{"line":486,"column":0},"end":{"line":486,"column":11}},"486":{"start":{"line":487,"column":0},"end":{"line":487,"column":59}},"487":{"start":{"line":488,"column":0},"end":{"line":488,"column":23}},"488":{"start":{"line":489,"column":0},"end":{"line":489,"column":16}},"489":{"start":{"line":490,"column":0},"end":{"line":490,"column":117}},"490":{"start":{"line":491,"column":0},"end":{"line":491,"column":24}},"491":{"start":{"line":492,"column":0},"end":{"line":492,"column":10}},"492":{"start":{"line":493,"column":0},"end":{"line":493,"column":7}},"495":{"start":{"line":496,"column":0},"end":{"line":496,"column":29}},"496":{"start":{"line":497,"column":0},"end":{"line":497,"column":45}},"497":{"start":{"line":498,"column":0},"end":{"line":498,"column":7}},"500":{"start":{"line":501,"column":0},"end":{"line":501,"column":59}},"501":{"start":{"line":502,"column":0},"end":{"line":502,"column":58}},"502":{"start":{"line":503,"column":0},"end":{"line":503,"column":74}},"503":{"start":{"line":504,"column":0},"end":{"line":504,"column":65}},"504":{"start":{"line":505,"column":0},"end":{"line":505,"column":31}},"505":{"start":{"line":506,"column":0},"end":{"line":506,"column":45}},"506":{"start":{"line":507,"column":0},"end":{"line":507,"column":11}},"507":{"start":{"line":508,"column":0},"end":{"line":508,"column":24}},"508":{"start":{"line":509,"column":0},"end":{"line":509,"column":9}},"509":{"start":{"line":510,"column":0},"end":{"line":510,"column":7}},"512":{"start":{"line":513,"column":0},"end":{"line":513,"column":61}},"513":{"start":{"line":514,"column":0},"end":{"line":514,"column":74}},"514":{"start":{"line":515,"column":0},"end":{"line":515,"column":60}},"517":{"start":{"line":518,"column":0},"end":{"line":518,"column":89}},"519":{"start":{"line":520,"column":0},"end":{"line":520,"column":45}},"520":{"start":{"line":521,"column":0},"end":{"line":521,"column":80}},"522":{"start":{"line":523,"column":0},"end":{"line":523,"column":34}},"524":{"start":{"line":525,"column":0},"end":{"line":525,"column":35}},"525":{"start":{"line":526,"column":0},"end":{"line":526,"column":111}},"526":{"start":{"line":527,"column":0},"end":{"line":527,"column":33}},"527":{"start":{"line":528,"column":0},"end":{"line":528,"column":47}},"528":{"start":{"line":529,"column":0},"end":{"line":529,"column":13}},"529":{"start":{"line":530,"column":0},"end":{"line":530,"column":26}},"530":{"start":{"line":531,"column":0},"end":{"line":531,"column":11}},"532":{"start":{"line":533,"column":0},"end":{"line":533,"column":73}},"535":{"start":{"line":536,"column":0},"end":{"line":536,"column":35}},"536":{"start":{"line":537,"column":0},"end":{"line":537,"column":111}},"537":{"start":{"line":538,"column":0},"end":{"line":538,"column":33}},"538":{"start":{"line":539,"column":0},"end":{"line":539,"column":47}},"539":{"start":{"line":540,"column":0},"end":{"line":540,"column":13}},"540":{"start":{"line":541,"column":0},"end":{"line":541,"column":26}},"541":{"start":{"line":542,"column":0},"end":{"line":542,"column":11}},"542":{"start":{"line":543,"column":0},"end":{"line":543,"column":16}},"544":{"start":{"line":545,"column":0},"end":{"line":545,"column":47}},"545":{"start":{"line":546,"column":0},"end":{"line":546,"column":9}},"548":{"start":{"line":549,"column":0},"end":{"line":549,"column":84}},"549":{"start":{"line":550,"column":0},"end":{"line":550,"column":41}},"550":{"start":{"line":551,"column":0},"end":{"line":551,"column":9}},"552":{"start":{"line":553,"column":0},"end":{"line":553,"column":39}},"553":{"start":{"line":554,"column":0},"end":{"line":554,"column":106}},"554":{"start":{"line":555,"column":0},"end":{"line":555,"column":31}},"555":{"start":{"line":556,"column":0},"end":{"line":556,"column":45}},"556":{"start":{"line":557,"column":0},"end":{"line":557,"column":11}},"557":{"start":{"line":558,"column":0},"end":{"line":558,"column":24}},"558":{"start":{"line":559,"column":0},"end":{"line":559,"column":9}},"559":{"start":{"line":560,"column":0},"end":{"line":560,"column":7}},"562":{"start":{"line":563,"column":0},"end":{"line":563,"column":59}},"565":{"start":{"line":566,"column":0},"end":{"line":566,"column":27}},"566":{"start":{"line":567,"column":0},"end":{"line":567,"column":41}},"567":{"start":{"line":568,"column":0},"end":{"line":568,"column":7}},"569":{"start":{"line":570,"column":0},"end":{"line":570,"column":20}},"571":{"start":{"line":572,"column":0},"end":{"line":572,"column":21}},"572":{"start":{"line":573,"column":0},"end":{"line":573,"column":56}},"573":{"start":{"line":574,"column":0},"end":{"line":574,"column":49}},"574":{"start":{"line":575,"column":0},"end":{"line":575,"column":5}},"575":{"start":{"line":576,"column":0},"end":{"line":576,"column":3}},"576":{"start":{"line":577,"column":0},"end":{"line":577,"column":1}},"580":{"start":{"line":581,"column":0},"end":{"line":581,"column":67}},"581":{"start":{"line":582,"column":0},"end":{"line":582,"column":28}},"582":{"start":{"line":583,"column":0},"end":{"line":583,"column":25}},"584":{"start":{"line":585,"column":0},"end":{"line":585,"column":48}},"585":{"start":{"line":586,"column":0},"end":{"line":586,"column":28}},"588":{"start":{"line":589,"column":0},"end":{"line":589,"column":25}},"589":{"start":{"line":590,"column":0},"end":{"line":590,"column":41}},"590":{"start":{"line":591,"column":0},"end":{"line":591,"column":27}},"591":{"start":{"line":592,"column":0},"end":{"line":592,"column":3}},"593":{"start":{"line":594,"column":0},"end":{"line":594,"column":45}},"594":{"start":{"line":595,"column":0},"end":{"line":595,"column":100}},"595":{"start":{"line":596,"column":0},"end":{"line":596,"column":46}},"596":{"start":{"line":597,"column":0},"end":{"line":597,"column":1}},"598":{"start":{"line":599,"column":0},"end":{"line":599,"column":94}},"599":{"start":{"line":600,"column":0},"end":{"line":600,"column":31}},"601":{"start":{"line":602,"column":0},"end":{"line":602,"column":92}},"604":{"start":{"line":605,"column":0},"end":{"line":605,"column":60}},"605":{"start":{"line":606,"column":0},"end":{"line":606,"column":62}},"606":{"start":{"line":607,"column":0},"end":{"line":607,"column":71}},"608":{"start":{"line":609,"column":0},"end":{"line":609,"column":84}},"609":{"start":{"line":610,"column":0},"end":{"line":610,"column":47}},"611":{"start":{"line":612,"column":0},"end":{"line":612,"column":23}},"613":{"start":{"line":614,"column":0},"end":{"line":614,"column":17}},"614":{"start":{"line":615,"column":0},"end":{"line":615,"column":1}}},"s":{"0":1,"1":1,"2":1,"3":1,"4":1,"5":1,"6":1,"15":1,"16":1,"17":34,"18":34,"19":34,"20":34,"21":34,"22":34,"23":34,"24":34,"25":34,"26":34,"27":34,"28":34,"29":34,"30":34,"31":34,"32":34,"33":34,"35":1,"36":34,"37":34,"38":34,"39":34,"40":34,"41":34,"42":34,"43":34,"46":34,"49":34,"50":1,"51":34,"52":33,"53":33,"56":34,"57":34,"59":1,"60":34,"61":34,"62":34,"63":34,"64":34,"66":34,"67":34,"68":34,"70":34,"71":34,"72":34,"73":34,"74":34,"75":34,"76":34,"77":34,"79":1,"80":35,"129":35,"130":35,"133":1,"141":16,"142":16,"143":16,"144":16,"145":16,"146":16,"147":16,"148":16,"149":16,"151":1,"152":20,"153":20,"154":20,"155":20,"156":20,"157":20,"159":1,"160":1,"161":1,"162":1,"164":1,"165":1,"166":1,"167":1,"168":1,"170":1,"172":2,"173":2,"175":1,"176":2,"178":2,"180":2,"181":2,"183":2,"184":2,"185":2,"186":2,"187":2,"189":1,"190":7,"191":7,"193":1,"194":3,"195":3,"197":1,"198":3,"199":3,"201":3,"202":1,"203":1,"204":1,"207":3,"208":3,"209":3,"210":3,"211":3,"213":1,"215":19,"218":19,"219":4,"221":4,"222":4,"223":1,"224":1,"225":4,"227":3,"228":3,"229":3,"230":1,"231":1,"232":3,"233":2,"234":2,"235":2,"236":3,"237":2,"238":2,"241":17,"243":17,"244":17,"246":19,"247":18,"249":412,"250":0,"251":0,"252":0,"253":0,"255":412,"257":412,"258":0,"259":0,"261":412,"262":412,"263":412,"266":412,"267":412,"268":412,"269":412,"270":412,"271":412,"272":412,"273":412,"274":412,"277":412,"278":412,"279":412,"280":1,"281":1,"284":412,"286":412,"287":412,"288":412,"289":412,"290":412,"291":412,"292":412,"293":412,"294":412,"295":412,"296":412,"298":409,"299":409,"300":409,"301":409,"303":409,"306":409,"309":412,"310":1,"311":1,"312":1,"313":1,"314":1,"315":1,"316":412,"317":412,"318":412,"320":412,"321":0,"322":0,"325":412,"327":402,"328":402,"329":101,"330":101,"331":402,"334":402,"335":402,"336":402,"337":402,"338":402,"339":402,"342":402,"344":402,"345":0,"346":0,"347":0,"348":0,"350":402,"353":402,"354":402,"355":402,"356":402,"357":402,"360":402,"362":1,"363":1,"364":1,"365":1,"366":1,"367":1,"368":402,"371":401,"372":401,"373":401,"376":412,"377":412,"378":412,"379":412,"381":412,"382":6,"383":6,"384":412,"385":1,"386":1,"389":7,"390":7,"391":7,"392":7,"394":7,"395":7,"396":7,"398":412,"399":3,"402":3,"403":3,"404":2,"405":2,"406":3,"407":1,"409":1,"410":1,"412":2,"413":2,"414":3,"415":3,"416":3,"419":3,"420":3,"422":3,"424":2,"425":2,"426":2,"427":2,"428":2,"429":2,"430":1,"431":1,"432":2,"433":0,"434":0,"435":2,"436":0,"437":0,"438":3,"439":0,"440":0,"443":3,"444":1,"445":1,"448":1,"449":1,"450":1,"451":1,"454":1,"455":1,"456":1,"457":412,"460":8,"461":8,"462":8,"463":2,"464":2,"465":8,"466":1,"467":1,"468":8,"469":7,"470":7,"471":8,"472":18,"473":19,"475":1,"476":402,"478":402,"479":402,"480":50,"481":50,"484":402,"485":402,"486":402,"487":402,"488":50,"489":50,"490":50,"491":50,"492":50,"495":402,"496":201,"497":201,"500":402,"501":100,"502":50,"503":50,"504":50,"505":50,"506":50,"507":50,"508":50,"509":100,"512":302,"513":302,"514":402,"517":402,"519":402,"520":51,"522":51,"524":51,"525":0,"526":0,"527":0,"528":0,"529":0,"530":0,"532":51,"535":51,"536":0,"537":0,"538":0,"539":0,"540":0,"541":0,"542":51,"544":0,"545":0,"548":51,"549":0,"550":0,"552":51,"553":1,"554":1,"555":1,"556":1,"557":1,"558":1,"559":51,"562":301,"565":402,"566":1,"567":1,"569":251,"571":402,"572":50,"573":50,"574":50,"575":402,"576":1,"580":1,"581":1,"582":1,"584":4217,"585":4217,"588":4217,"589":1,"590":1,"591":1,"593":19,"594":4217,"595":4217,"596":4217,"598":412,"599":412,"601":1,"604":1,"605":1,"606":1,"608":1,"609":1,"611":1,"613":1,"614":1},"branchMap":{"0":{"type":"branch","line":17,"loc":{"start":{"line":17,"column":10},"end":{"line":34,"column":41}},"locations":[{"start":{"line":17,"column":10},"end":{"line":34,"column":41}}]},"1":{"type":"branch","line":36,"loc":{"start":{"line":36,"column":10},"end":{"line":58,"column":3}},"locations":[{"start":{"line":36,"column":10},"end":{"line":58,"column":3}}]},"2":{"type":"branch","line":47,"loc":{"start":{"line":47,"column":19},"end":{"line":47,"column":34}},"locations":[{"start":{"line":47,"column":19},"end":{"line":47,"column":34}}]},"3":{"type":"branch","line":50,"loc":{"start":{"line":50,"column":23},"end":{"line":52,"column":11}},"locations":[{"start":{"line":50,"column":23},"end":{"line":52,"column":11}}]},"4":{"type":"branch","line":52,"loc":{"start":{"line":52,"column":4},"end":{"line":54,"column":5}},"locations":[{"start":{"line":52,"column":4},"end":{"line":54,"column":5}}]},"5":{"type":"branch","line":60,"loc":{"start":{"line":60,"column":2},"end":{"line":78,"column":3}},"locations":[{"start":{"line":60,"column":2},"end":{"line":78,"column":3}}]},"6":{"type":"branch","line":69,"loc":{"start":{"line":69,"column":26},"end":{"line":69,"column":48}},"locations":[{"start":{"line":69,"column":26},"end":{"line":69,"column":48}}]},"7":{"type":"branch","line":80,"loc":{"start":{"line":80,"column":10},"end":{"line":131,"column":3}},"locations":[{"start":{"line":80,"column":10},"end":{"line":131,"column":3}}]},"8":{"type":"branch","line":134,"loc":{"start":{"line":134,"column":9},"end":{"line":150,"column":3}},"locations":[{"start":{"line":134,"column":9},"end":{"line":150,"column":3}}]},"9":{"type":"branch","line":152,"loc":{"start":{"line":152,"column":9},"end":{"line":158,"column":3}},"locations":[{"start":{"line":152,"column":9},"end":{"line":158,"column":3}}]},"10":{"type":"branch","line":154,"loc":{"start":{"line":154,"column":68},"end":{"line":154,"column":83}},"locations":[{"start":{"line":154,"column":68},"end":{"line":154,"column":83}}]},"11":{"type":"branch","line":160,"loc":{"start":{"line":160,"column":9},"end":{"line":163,"column":3}},"locations":[{"start":{"line":160,"column":9},"end":{"line":163,"column":3}}]},"12":{"type":"branch","line":165,"loc":{"start":{"line":165,"column":9},"end":{"line":169,"column":3}},"locations":[{"start":{"line":165,"column":9},"end":{"line":169,"column":3}}]},"13":{"type":"branch","line":171,"loc":{"start":{"line":171,"column":9},"end":{"line":174,"column":3}},"locations":[{"start":{"line":171,"column":9},"end":{"line":174,"column":3}}]},"14":{"type":"branch","line":173,"loc":{"start":{"line":173,"column":41},"end":{"line":173,"column":69}},"locations":[{"start":{"line":173,"column":41},"end":{"line":173,"column":69}}]},"15":{"type":"branch","line":176,"loc":{"start":{"line":176,"column":9},"end":{"line":188,"column":3}},"locations":[{"start":{"line":176,"column":9},"end":{"line":188,"column":3}}]},"16":{"type":"branch","line":184,"loc":{"start":{"line":184,"column":51},"end":{"line":184,"column":123}},"locations":[{"start":{"line":184,"column":51},"end":{"line":184,"column":123}}]},"17":{"type":"branch","line":190,"loc":{"start":{"line":190,"column":9},"end":{"line":192,"column":3}},"locations":[{"start":{"line":190,"column":9},"end":{"line":192,"column":3}}]},"18":{"type":"branch","line":194,"loc":{"start":{"line":194,"column":9},"end":{"line":196,"column":3}},"locations":[{"start":{"line":194,"column":9},"end":{"line":196,"column":3}}]},"19":{"type":"branch","line":198,"loc":{"start":{"line":198,"column":9},"end":{"line":212,"column":3}},"locations":[{"start":{"line":198,"column":9},"end":{"line":212,"column":3}}]},"20":{"type":"branch","line":202,"loc":{"start":{"line":202,"column":37},"end":{"line":205,"column":5}},"locations":[{"start":{"line":202,"column":37},"end":{"line":205,"column":5}}]},"21":{"type":"branch","line":214,"loc":{"start":{"line":214,"column":2},"end":{"line":474,"column":3}},"locations":[{"start":{"line":214,"column":2},"end":{"line":474,"column":3}}]},"22":{"type":"branch","line":219,"loc":{"start":{"line":219,"column":22},"end":{"line":239,"column":5}},"locations":[{"start":{"line":219,"column":22},"end":{"line":239,"column":5}}]},"23":{"type":"branch","line":223,"loc":{"start":{"line":223,"column":21},"end":{"line":226,"column":13}},"locations":[{"start":{"line":223,"column":21},"end":{"line":226,"column":13}}]},"24":{"type":"branch","line":226,"loc":{"start":{"line":226,"column":6},"end":{"line":237,"column":7}},"locations":[{"start":{"line":226,"column":6},"end":{"line":237,"column":7}}]},"25":{"type":"branch","line":230,"loc":{"start":{"line":230,"column":26},"end":{"line":233,"column":15}},"locations":[{"start":{"line":230,"column":26},"end":{"line":233,"column":15}}]},"26":{"type":"branch","line":233,"loc":{"start":{"line":233,"column":8},"end":{"line":236,"column":9}},"locations":[{"start":{"line":233,"column":8},"end":{"line":236,"column":9}}]},"27":{"type":"branch","line":237,"loc":{"start":{"line":237,"column":6},"end":{"line":239,"column":5}},"locations":[{"start":{"line":237,"column":6},"end":{"line":239,"column":5}}]},"28":{"type":"branch","line":239,"loc":{"start":{"line":239,"column":4},"end":{"line":247,"column":17}},"locations":[{"start":{"line":239,"column":4},"end":{"line":247,"column":17}}]},"29":{"type":"branch","line":247,"loc":{"start":{"line":247,"column":17},"end":{"line":473,"column":5}},"locations":[{"start":{"line":247,"column":17},"end":{"line":473,"column":5}}]},"30":{"type":"branch","line":248,"loc":{"start":{"line":248,"column":40},"end":{"line":458,"column":7}},"locations":[{"start":{"line":248,"column":40},"end":{"line":458,"column":7}}]},"31":{"type":"branch","line":250,"loc":{"start":{"line":250,"column":32},"end":{"line":254,"column":9}},"locations":[{"start":{"line":250,"column":32},"end":{"line":254,"column":9}}]},"32":{"type":"branch","line":258,"loc":{"start":{"line":258,"column":28},"end":{"line":260,"column":11}},"locations":[{"start":{"line":258,"column":28},"end":{"line":260,"column":11}}]},"33":{"type":"branch","line":280,"loc":{"start":{"line":280,"column":27},"end":{"line":282,"column":11}},"locations":[{"start":{"line":280,"column":27},"end":{"line":282,"column":11}}]},"34":{"type":"branch","line":297,"loc":{"start":{"line":297,"column":11},"end":{"line":310,"column":32}},"locations":[{"start":{"line":297,"column":11},"end":{"line":310,"column":32}}]},"35":{"type":"branch","line":310,"loc":{"start":{"line":310,"column":23},"end":{"line":310,"column":49}},"locations":[{"start":{"line":310,"column":23},"end":{"line":310,"column":49}}]},"36":{"type":"branch","line":310,"loc":{"start":{"line":310,"column":49},"end":{"line":316,"column":11}},"locations":[{"start":{"line":310,"column":49},"end":{"line":316,"column":11}}]},"37":{"type":"branch","line":316,"loc":{"start":{"line":316,"column":10},"end":{"line":317,"column":73}},"locations":[{"start":{"line":316,"column":10},"end":{"line":317,"column":73}}]},"38":{"type":"branch","line":317,"loc":{"start":{"line":317,"column":63},"end":{"line":317,"column":74}},"locations":[{"start":{"line":317,"column":63},"end":{"line":317,"column":74}}]},"39":{"type":"branch","line":319,"loc":{"start":{"line":319,"column":56},"end":{"line":319,"column":78}},"locations":[{"start":{"line":319,"column":56},"end":{"line":319,"column":78}}]},"40":{"type":"branch","line":319,"loc":{"start":{"line":319,"column":68},"end":{"line":319,"column":79}},"locations":[{"start":{"line":319,"column":68},"end":{"line":319,"column":79}}]},"41":{"type":"branch","line":321,"loc":{"start":{"line":321,"column":52},"end":{"line":321,"column":114}},"locations":[{"start":{"line":321,"column":52},"end":{"line":321,"column":114}}]},"42":{"type":"branch","line":321,"loc":{"start":{"line":321,"column":114},"end":{"line":323,"column":11}},"locations":[{"start":{"line":321,"column":114},"end":{"line":323,"column":11}}]},"43":{"type":"branch","line":323,"loc":{"start":{"line":323,"column":10},"end":{"line":326,"column":34}},"locations":[{"start":{"line":323,"column":10},"end":{"line":326,"column":34}}]},"44":{"type":"branch","line":326,"loc":{"start":{"line":326,"column":34},"end":{"line":374,"column":11}},"locations":[{"start":{"line":326,"column":34},"end":{"line":374,"column":11}}]},"45":{"type":"branch","line":328,"loc":{"start":{"line":328,"column":24},"end":{"line":328,"column":46}},"locations":[{"start":{"line":328,"column":24},"end":{"line":328,"column":46}}]},"46":{"type":"branch","line":329,"loc":{"start":{"line":329,"column":39},"end":{"line":331,"column":15}},"locations":[{"start":{"line":329,"column":39},"end":{"line":331,"column":15}}]},"47":{"type":"branch","line":330,"loc":{"start":{"line":330,"column":44},"end":{"line":330,"column":59}},"locations":[{"start":{"line":330,"column":44},"end":{"line":330,"column":59}}]},"48":{"type":"branch","line":337,"loc":{"start":{"line":337,"column":31},"end":{"line":337,"column":44}},"locations":[{"start":{"line":337,"column":31},"end":{"line":337,"column":44}}]},"49":{"type":"branch","line":345,"loc":{"start":{"line":345,"column":38},"end":{"line":349,"column":15}},"locations":[{"start":{"line":345,"column":38},"end":{"line":349,"column":15}}]},"50":{"type":"branch","line":361,"loc":{"start":{"line":361,"column":39},"end":{"line":368,"column":15}},"locations":[{"start":{"line":361,"column":39},"end":{"line":368,"column":15}}]},"51":{"type":"branch","line":369,"loc":{"start":{"line":369,"column":12},"end":{"line":374,"column":11}},"locations":[{"start":{"line":369,"column":12},"end":{"line":374,"column":11}}]},"52":{"type":"branch","line":374,"loc":{"start":{"line":374,"column":10},"end":{"line":377,"column":45}},"locations":[{"start":{"line":374,"column":10},"end":{"line":377,"column":45}}]},"53":{"type":"branch","line":377,"loc":{"start":{"line":377,"column":34},"end":{"line":377,"column":48}},"locations":[{"start":{"line":377,"column":34},"end":{"line":377,"column":48}}]},"54":{"type":"branch","line":382,"loc":{"start":{"line":382,"column":35},"end":{"line":385,"column":17}},"locations":[{"start":{"line":382,"column":35},"end":{"line":385,"column":17}}]},"55":{"type":"branch","line":385,"loc":{"start":{"line":385,"column":10},"end":{"line":387,"column":11}},"locations":[{"start":{"line":385,"column":10},"end":{"line":387,"column":11}}]},"56":{"type":"branch","line":387,"loc":{"start":{"line":387,"column":10},"end":{"line":399,"column":17}},"locations":[{"start":{"line":387,"column":10},"end":{"line":399,"column":17}}]},"57":{"type":"branch","line":399,"loc":{"start":{"line":399,"column":8},"end":{"line":457,"column":9}},"locations":[{"start":{"line":399,"column":8},"end":{"line":457,"column":9}}]},"58":{"type":"branch","line":404,"loc":{"start":{"line":404,"column":56},"end":{"line":405,"column":66}},"locations":[{"start":{"line":404,"column":56},"end":{"line":405,"column":66}}]},"59":{"type":"branch","line":405,"loc":{"start":{"line":405,"column":62},"end":{"line":406,"column":39}},"locations":[{"start":{"line":405,"column":62},"end":{"line":406,"column":39}}]},"60":{"type":"branch","line":407,"loc":{"start":{"line":407,"column":13},"end":{"line":411,"column":11}},"locations":[{"start":{"line":407,"column":13},"end":{"line":411,"column":11}}]},"61":{"type":"branch","line":411,"loc":{"start":{"line":411,"column":10},"end":{"line":415,"column":62}},"locations":[{"start":{"line":411,"column":10},"end":{"line":415,"column":62}}]},"62":{"type":"branch","line":415,"loc":{"start":{"line":415,"column":52},"end":{"line":415,"column":76}},"locations":[{"start":{"line":415,"column":52},"end":{"line":415,"column":76}}]},"63":{"type":"branch","line":416,"loc":{"start":{"line":416,"column":36},"end":{"line":416,"column":58}},"locations":[{"start":{"line":416,"column":36},"end":{"line":416,"column":58}}]},"64":{"type":"branch","line":416,"loc":{"start":{"line":416,"column":50},"end":{"line":416,"column":78}},"locations":[{"start":{"line":416,"column":50},"end":{"line":416,"column":78}}]},"65":{"type":"branch","line":423,"loc":{"start":{"line":423,"column":38},"end":{"line":439,"column":17}},"locations":[{"start":{"line":423,"column":38},"end":{"line":439,"column":17}}]},"66":{"type":"branch","line":430,"loc":{"start":{"line":430,"column":47},"end":{"line":432,"column":17}},"locations":[{"start":{"line":430,"column":47},"end":{"line":432,"column":17}}]},"67":{"type":"branch","line":433,"loc":{"start":{"line":433,"column":14},"end":{"line":435,"column":15}},"locations":[{"start":{"line":433,"column":14},"end":{"line":435,"column":15}}]},"68":{"type":"branch","line":436,"loc":{"start":{"line":436,"column":12},"end":{"line":438,"column":13}},"locations":[{"start":{"line":436,"column":12},"end":{"line":438,"column":13}}]},"69":{"type":"branch","line":439,"loc":{"start":{"line":439,"column":10},"end":{"line":441,"column":11}},"locations":[{"start":{"line":439,"column":10},"end":{"line":441,"column":11}}]},"70":{"type":"branch","line":441,"loc":{"start":{"line":441,"column":10},"end":{"line":444,"column":26}},"locations":[{"start":{"line":441,"column":10},"end":{"line":444,"column":26}}]},"71":{"type":"branch","line":444,"loc":{"start":{"line":444,"column":26},"end":{"line":457,"column":9}},"locations":[{"start":{"line":444,"column":26},"end":{"line":457,"column":9}}]},"72":{"type":"branch","line":458,"loc":{"start":{"line":458,"column":6},"end":{"line":472,"column":7}},"locations":[{"start":{"line":458,"column":6},"end":{"line":472,"column":7}}]},"73":{"type":"branch","line":463,"loc":{"start":{"line":463,"column":34},"end":{"line":465,"column":9}},"locations":[{"start":{"line":463,"column":34},"end":{"line":465,"column":9}}]},"74":{"type":"branch","line":466,"loc":{"start":{"line":466,"column":28},"end":{"line":469,"column":15}},"locations":[{"start":{"line":466,"column":28},"end":{"line":469,"column":15}}]},"75":{"type":"branch","line":469,"loc":{"start":{"line":469,"column":8},"end":{"line":471,"column":9}},"locations":[{"start":{"line":469,"column":8},"end":{"line":471,"column":9}}]},"76":{"type":"branch","line":476,"loc":{"start":{"line":476,"column":2},"end":{"line":576,"column":3}},"locations":[{"start":{"line":476,"column":2},"end":{"line":576,"column":3}}]},"77":{"type":"branch","line":480,"loc":{"start":{"line":480,"column":48},"end":{"line":482,"column":7}},"locations":[{"start":{"line":480,"column":48},"end":{"line":482,"column":7}}]},"78":{"type":"branch","line":488,"loc":{"start":{"line":488,"column":6},"end":{"line":493,"column":7}},"locations":[{"start":{"line":488,"column":6},"end":{"line":493,"column":7}}]},"79":{"type":"branch","line":493,"loc":{"start":{"line":493,"column":6},"end":{"line":496,"column":28}},"locations":[{"start":{"line":493,"column":6},"end":{"line":496,"column":28}}]},"80":{"type":"branch","line":496,"loc":{"start":{"line":496,"column":28},"end":{"line":498,"column":7}},"locations":[{"start":{"line":496,"column":28},"end":{"line":498,"column":7}}]},"81":{"type":"branch","line":498,"loc":{"start":{"line":498,"column":6},"end":{"line":501,"column":38}},"locations":[{"start":{"line":498,"column":6},"end":{"line":501,"column":38}}]},"82":{"type":"branch","line":501,"loc":{"start":{"line":501,"column":23},"end":{"line":501,"column":58}},"locations":[{"start":{"line":501,"column":23},"end":{"line":501,"column":58}}]},"83":{"type":"branch","line":501,"loc":{"start":{"line":501,"column":58},"end":{"line":510,"column":7}},"locations":[{"start":{"line":501,"column":58},"end":{"line":510,"column":7}}]},"84":{"type":"branch","line":502,"loc":{"start":{"line":502,"column":57},"end":{"line":509,"column":9}},"locations":[{"start":{"line":502,"column":57},"end":{"line":509,"column":9}}]},"85":{"type":"branch","line":510,"loc":{"start":{"line":510,"column":6},"end":{"line":515,"column":43}},"locations":[{"start":{"line":510,"column":6},"end":{"line":515,"column":43}}]},"86":{"type":"branch","line":515,"loc":{"start":{"line":515,"column":28},"end":{"line":515,"column":60}},"locations":[{"start":{"line":515,"column":28},"end":{"line":515,"column":60}}]},"87":{"type":"branch","line":518,"loc":{"start":{"line":518,"column":29},"end":{"line":518,"column":65}},"locations":[{"start":{"line":518,"column":29},"end":{"line":518,"column":65}}]},"88":{"type":"branch","line":518,"loc":{"start":{"line":518,"column":50},"end":{"line":518,"column":89}},"locations":[{"start":{"line":518,"column":50},"end":{"line":518,"column":89}}]},"89":{"type":"branch","line":520,"loc":{"start":{"line":520,"column":10},"end":{"line":520,"column":44}},"locations":[{"start":{"line":520,"column":10},"end":{"line":520,"column":44}}]},"90":{"type":"branch","line":520,"loc":{"start":{"line":520,"column":44},"end":{"line":560,"column":7}},"locations":[{"start":{"line":520,"column":44},"end":{"line":560,"column":7}}]},"91":{"type":"branch","line":525,"loc":{"start":{"line":525,"column":34},"end":{"line":531,"column":11}},"locations":[{"start":{"line":525,"column":34},"end":{"line":531,"column":11}}]},"92":{"type":"branch","line":536,"loc":{"start":{"line":536,"column":34},"end":{"line":542,"column":11}},"locations":[{"start":{"line":536,"column":34},"end":{"line":542,"column":11}}]},"93":{"type":"branch","line":543,"loc":{"start":{"line":543,"column":8},"end":{"line":546,"column":9}},"locations":[{"start":{"line":543,"column":8},"end":{"line":546,"column":9}}]},"94":{"type":"branch","line":549,"loc":{"start":{"line":549,"column":27},"end":{"line":549,"column":69}},"locations":[{"start":{"line":549,"column":27},"end":{"line":549,"column":69}}]},"95":{"type":"branch","line":549,"loc":{"start":{"line":549,"column":49},"end":{"line":549,"column":83}},"locations":[{"start":{"line":549,"column":49},"end":{"line":549,"column":83}}]},"96":{"type":"branch","line":549,"loc":{"start":{"line":549,"column":83},"end":{"line":551,"column":9}},"locations":[{"start":{"line":549,"column":83},"end":{"line":551,"column":9}}]},"97":{"type":"branch","line":553,"loc":{"start":{"line":553,"column":38},"end":{"line":559,"column":9}},"locations":[{"start":{"line":553,"column":38},"end":{"line":559,"column":9}}]},"98":{"type":"branch","line":560,"loc":{"start":{"line":560,"column":6},"end":{"line":563,"column":59}},"locations":[{"start":{"line":560,"column":6},"end":{"line":563,"column":59}}]},"99":{"type":"branch","line":563,"loc":{"start":{"line":563,"column":57},"end":{"line":566,"column":26}},"locations":[{"start":{"line":563,"column":57},"end":{"line":566,"column":26}}]},"100":{"type":"branch","line":566,"loc":{"start":{"line":566,"column":26},"end":{"line":568,"column":7}},"locations":[{"start":{"line":566,"column":26},"end":{"line":568,"column":7}}]},"101":{"type":"branch","line":568,"loc":{"start":{"line":568,"column":6},"end":{"line":572,"column":13}},"locations":[{"start":{"line":568,"column":6},"end":{"line":572,"column":13}}]},"102":{"type":"branch","line":572,"loc":{"start":{"line":572,"column":4},"end":{"line":575,"column":5}},"locations":[{"start":{"line":572,"column":4},"end":{"line":575,"column":5}}]},"103":{"type":"branch","line":585,"loc":{"start":{"line":585,"column":0},"end":{"line":597,"column":1}},"locations":[{"start":{"line":585,"column":0},"end":{"line":597,"column":1}}]},"104":{"type":"branch","line":586,"loc":{"start":{"line":586,"column":21},"end":{"line":586,"column":28}},"locations":[{"start":{"line":586,"column":21},"end":{"line":586,"column":28}}]},"105":{"type":"branch","line":586,"loc":{"start":{"line":586,"column":21},"end":{"line":589,"column":24}},"locations":[{"start":{"line":586,"column":21},"end":{"line":589,"column":24}}]},"106":{"type":"branch","line":589,"loc":{"start":{"line":589,"column":24},"end":{"line":592,"column":3}},"locations":[{"start":{"line":589,"column":24},"end":{"line":592,"column":3}}]},"107":{"type":"branch","line":592,"loc":{"start":{"line":592,"column":2},"end":{"line":595,"column":54}},"locations":[{"start":{"line":592,"column":2},"end":{"line":595,"column":54}}]},"108":{"type":"branch","line":595,"loc":{"start":{"line":595,"column":47},"end":{"line":595,"column":93}},"locations":[{"start":{"line":595,"column":47},"end":{"line":595,"column":93}}]},"109":{"type":"branch","line":595,"loc":{"start":{"line":595,"column":89},"end":{"line":595,"column":95}},"locations":[{"start":{"line":595,"column":89},"end":{"line":595,"column":95}}]},"110":{"type":"branch","line":599,"loc":{"start":{"line":599,"column":0},"end":{"line":615,"column":1}},"locations":[{"start":{"line":599,"column":0},"end":{"line":615,"column":1}}]},"111":{"type":"branch","line":600,"loc":{"start":{"line":600,"column":21},"end":{"line":600,"column":31}},"locations":[{"start":{"line":600,"column":21},"end":{"line":600,"column":31}}]},"112":{"type":"branch","line":600,"loc":{"start":{"line":600,"column":28},"end":{"line":615,"column":1}},"locations":[{"start":{"line":600,"column":28},"end":{"line":615,"column":1}}]}},"b":{"0":[34],"1":[34],"2":[32],"3":[1],"4":[33],"5":[34],"6":[33],"7":[35],"8":[16],"9":[20],"10":[0],"11":[1],"12":[1],"13":[2],"14":[2],"15":[2],"16":[2],"17":[7],"18":[3],"19":[3],"20":[1],"21":[19],"22":[4],"23":[1],"24":[3],"25":[1],"26":[2],"27":[2],"28":[17],"29":[18],"30":[412],"31":[0],"32":[0],"33":[1],"34":[409],"35":[3],"36":[1],"37":[409],"38":[0],"39":[402],"40":[7],"41":[402],"42":[0],"43":[409],"44":[402],"45":[0],"46":[101],"47":[0],"48":[0],"49":[0],"50":[1],"51":[401],"52":[7],"53":[0],"54":[6],"55":[1],"56":[7],"57":[3],"58":[2],"59":[2],"60":[1],"61":[2],"62":[0],"63":[2],"64":[0],"65":[2],"66":[1],"67":[0],"68":[0],"69":[0],"70":[2],"71":[1],"72":[8],"73":[2],"74":[1],"75":[7],"76":[402],"77":[50],"78":[50],"79":[352],"80":[201],"81":[352],"82":[100],"83":[100],"84":[50],"85":[302],"86":[301],"87":[100],"88":[100],"89":[101],"90":[51],"91":[0],"92":[0],"93":[0],"94":[0],"95":[0],"96":[0],"97":[1],"98":[301],"99":[251],"100":[1],"101":[251],"102":[50],"103":[4217],"104":[4198],"105":[19],"106":[1],"107":[19],"108":[11],"109":[8],"110":[412],"111":[411],"112":[1]},"fnMap":{"0":{"name":"<instance_members_initializer>","decl":{"start":{"line":17,"column":10},"end":{"line":34,"column":41}},"loc":{"start":{"line":17,"column":10},"end":{"line":34,"column":41}},"line":17},"1":{"name":"Agent","decl":{"start":{"line":36,"column":10},"end":{"line":58,"column":3}},"loc":{"start":{"line":36,"column":10},"end":{"line":58,"column":3}},"line":36},"2":{"name":"create","decl":{"start":{"line":60,"column":2},"end":{"line":78,"column":3}},"loc":{"start":{"line":60,"column":2},"end":{"line":78,"column":3}},"line":60},"3":{"name":"buildDefaultSystemMessage","decl":{"start":{"line":80,"column":10},"end":{"line":131,"column":3}},"loc":{"start":{"line":80,"column":10},"end":{"line":131,"column":3}},"line":80},"4":{"name":"setToolCallbacks","decl":{"start":{"line":134,"column":9},"end":{"line":150,"column":3}},"loc":{"start":{"line":134,"column":9},"end":{"line":150,"column":3}},"line":134},"5":{"name":"setApiKey","decl":{"start":{"line":152,"column":9},"end":{"line":158,"column":3}},"loc":{"start":{"line":152,"column":9},"end":{"line":158,"column":3}},"line":152},"6":{"name":"saveApiKey","decl":{"start":{"line":160,"column":9},"end":{"line":163,"column":3}},"loc":{"start":{"line":160,"column":9},"end":{"line":163,"column":3}},"line":160},"7":{"name":"clearApiKey","decl":{"start":{"line":165,"column":9},"end":{"line":169,"column":3}},"loc":{"start":{"line":165,"column":9},"end":{"line":169,"column":3}},"line":165},"8":{"name":"clearHistory","decl":{"start":{"line":171,"column":9},"end":{"line":174,"column":3}},"loc":{"start":{"line":171,"column":9},"end":{"line":174,"column":3}},"line":171},"9":{"name":"setModel","decl":{"start":{"line":176,"column":9},"end":{"line":188,"column":3}},"loc":{"start":{"line":176,"column":9},"end":{"line":188,"column":3}},"line":176},"10":{"name":"getCurrentModel","decl":{"start":{"line":190,"column":9},"end":{"line":192,"column":3}},"loc":{"start":{"line":190,"column":9},"end":{"line":192,"column":3}},"line":190},"11":{"name":"setSessionAutoApprove","decl":{"start":{"line":194,"column":9},"end":{"line":196,"column":3}},"loc":{"start":{"line":194,"column":9},"end":{"line":196,"column":3}},"line":194},"12":{"name":"interrupt","decl":{"start":{"line":198,"column":9},"end":{"line":212,"column":3}},"loc":{"start":{"line":198,"column":9},"end":{"line":212,"column":3}},"line":198},"13":{"name":"chat","decl":{"start":{"line":214,"column":2},"end":{"line":474,"column":3}},"loc":{"start":{"line":214,"column":2},"end":{"line":474,"column":3}},"line":214},"14":{"name":"executeToolCall","decl":{"start":{"line":476,"column":2},"end":{"line":576,"column":3}},"loc":{"start":{"line":476,"column":2},"end":{"line":576,"column":3}},"line":476},"15":{"name":"debugLog","decl":{"start":{"line":585,"column":0},"end":{"line":597,"column":1}},"loc":{"start":{"line":585,"column":0},"end":{"line":597,"column":1}},"line":585},"16":{"name":"generateCurlCommand","decl":{"start":{"line":599,"column":0},"end":{"line":615,"column":1}},"loc":{"start":{"line":599,"column":0},"end":{"line":615,"column":1}},"line":599}},"f":{"0":34,"1":34,"2":34,"3":35,"4":16,"5":20,"6":1,"7":1,"8":2,"9":2,"10":7,"11":3,"12":3,"13":19,"14":402,"15":4217,"16":412}}
,"/Users/e/dev/github.com/cloudbring/groq-code-cli/src/test/helpers/render-to-string.ts": {"path":"/Users/e/dev/github.com/cloudbring/groq-code-cli/src/test/helpers/render-to-string.ts","all":true,"statementMap":{"1":{"start":{"line":2,"column":0},"end":{"line":2,"column":29}},"2":{"start":{"line":3,"column":0},"end":{"line":3,"column":38}},"3":{"start":{"line":4,"column":0},"end":{"line":4,"column":42}},"14":{"start":{"line":15,"column":0},"end":{"line":15,"column":31}},"15":{"start":{"line":16,"column":0},"end":{"line":16,"column":30}},"16":{"start":{"line":17,"column":0},"end":{"line":17,"column":29}},"17":{"start":{"line":18,"column":0},"end":{"line":18,"column":11}},"18":{"start":{"line":19,"column":0},"end":{"line":19,"column":71}},"20":{"start":{"line":21,"column":0},"end":{"line":21,"column":22}},"23":{"start":{"line":24,"column":0},"end":{"line":24,"column":52}},"24":{"start":{"line":25,"column":0},"end":{"line":25,"column":12}},"25":{"start":{"line":26,"column":0},"end":{"line":26,"column":13}},"26":{"start":{"line":27,"column":0},"end":{"line":27,"column":31}},"27":{"start":{"line":28,"column":0},"end":{"line":28,"column":25}},"28":{"start":{"line":29,"column":0},"end":{"line":29,"column":18}},"29":{"start":{"line":30,"column":0},"end":{"line":30,"column":6}},"30":{"start":{"line":31,"column":0},"end":{"line":31,"column":15}},"31":{"start":{"line":32,"column":0},"end":{"line":32,"column":5}},"34":{"start":{"line":35,"column":0},"end":{"line":35,"column":51}},"35":{"start":{"line":36,"column":0},"end":{"line":36,"column":25}},"36":{"start":{"line":37,"column":0},"end":{"line":37,"column":16}},"37":{"start":{"line":38,"column":0},"end":{"line":38,"column":21}},"38":{"start":{"line":39,"column":0},"end":{"line":39,"column":20}},"39":{"start":{"line":40,"column":0},"end":{"line":40,"column":18}},"40":{"start":{"line":41,"column":0},"end":{"line":41,"column":19}},"41":{"start":{"line":42,"column":0},"end":{"line":42,"column":5}},"44":{"start":{"line":45,"column":0},"end":{"line":45,"column":40}},"45":{"start":{"line":46,"column":0},"end":{"line":46,"column":26}},"46":{"start":{"line":47,"column":0},"end":{"line":47,"column":24}},"47":{"start":{"line":48,"column":0},"end":{"line":48,"column":16}},"48":{"start":{"line":49,"column":0},"end":{"line":49,"column":5}},"51":{"start":{"line":52,"column":0},"end":{"line":52,"column":12}},"54":{"start":{"line":55,"column":0},"end":{"line":55,"column":69}},"55":{"start":{"line":56,"column":0},"end":{"line":56,"column":1}},"61":{"start":{"line":62,"column":0},"end":{"line":62,"column":97}},"62":{"start":{"line":63,"column":0},"end":{"line":63,"column":36}},"64":{"start":{"line":65,"column":0},"end":{"line":65,"column":22}},"67":{"start":{"line":68,"column":0},"end":{"line":68,"column":52}},"68":{"start":{"line":69,"column":0},"end":{"line":69,"column":12}},"69":{"start":{"line":70,"column":0},"end":{"line":70,"column":13}},"70":{"start":{"line":71,"column":0},"end":{"line":71,"column":31}},"71":{"start":{"line":72,"column":0},"end":{"line":72,"column":25}},"72":{"start":{"line":73,"column":0},"end":{"line":73,"column":18}},"73":{"start":{"line":74,"column":0},"end":{"line":74,"column":6}},"74":{"start":{"line":75,"column":0},"end":{"line":75,"column":15}},"75":{"start":{"line":76,"column":0},"end":{"line":76,"column":5}},"78":{"start":{"line":79,"column":0},"end":{"line":79,"column":42}},"79":{"start":{"line":80,"column":0},"end":{"line":80,"column":30}},"80":{"start":{"line":81,"column":0},"end":{"line":81,"column":21}},"81":{"start":{"line":82,"column":0},"end":{"line":82,"column":26}},"82":{"start":{"line":83,"column":0},"end":{"line":83,"column":25}},"83":{"start":{"line":84,"column":0},"end":{"line":84,"column":23}},"84":{"start":{"line":85,"column":0},"end":{"line":85,"column":25}},"87":{"start":{"line":88,"column":0},"end":{"line":88,"column":37}},"88":{"start":{"line":89,"column":0},"end":{"line":89,"column":26}},"89":{"start":{"line":90,"column":0},"end":{"line":90,"column":24}},"90":{"start":{"line":91,"column":0},"end":{"line":91,"column":16}},"91":{"start":{"line":92,"column":0},"end":{"line":92,"column":5}},"93":{"start":{"line":94,"column":0},"end":{"line":94,"column":10}},"94":{"start":{"line":95,"column":0},"end":{"line":95,"column":10}},"95":{"start":{"line":96,"column":0},"end":{"line":96,"column":11}},"96":{"start":{"line":97,"column":0},"end":{"line":97,"column":42}},"97":{"start":{"line":98,"column":0},"end":{"line":98,"column":71}},"98":{"start":{"line":99,"column":0},"end":{"line":99,"column":6}},"99":{"start":{"line":100,"column":0},"end":{"line":100,"column":30}},"100":{"start":{"line":101,"column":0},"end":{"line":101,"column":32}},"102":{"start":{"line":103,"column":0},"end":{"line":103,"column":53}},"104":{"start":{"line":105,"column":0},"end":{"line":105,"column":67}},"105":{"start":{"line":106,"column":0},"end":{"line":106,"column":32}},"106":{"start":{"line":107,"column":0},"end":{"line":107,"column":7}},"109":{"start":{"line":110,"column":0},"end":{"line":110,"column":35}},"110":{"start":{"line":111,"column":0},"end":{"line":111,"column":18}},"111":{"start":{"line":112,"column":0},"end":{"line":112,"column":38}},"112":{"start":{"line":113,"column":0},"end":{"line":113,"column":38}},"113":{"start":{"line":114,"column":0},"end":{"line":114,"column":40}},"114":{"start":{"line":115,"column":0},"end":{"line":115,"column":42}},"115":{"start":{"line":116,"column":0},"end":{"line":116,"column":42}},"116":{"start":{"line":117,"column":0},"end":{"line":117,"column":48}},"117":{"start":{"line":118,"column":0},"end":{"line":118,"column":42}},"118":{"start":{"line":119,"column":0},"end":{"line":119,"column":20}},"119":{"start":{"line":120,"column":0},"end":{"line":120,"column":9}},"120":{"start":{"line":121,"column":0},"end":{"line":121,"column":5}},"121":{"start":{"line":122,"column":0},"end":{"line":122,"column":4}},"122":{"start":{"line":123,"column":0},"end":{"line":123,"column":1}}},"s":{"1":0,"2":0,"3":0,"14":0,"15":0,"16":0,"17":0,"18":0,"20":0,"23":0,"24":0,"25":0,"26":0,"27":0,"28":0,"29":0,"30":0,"31":0,"34":0,"35":0,"36":0,"37":0,"38":0,"39":0,"40":0,"41":0,"44":0,"45":0,"46":0,"47":0,"48":0,"51":0,"54":0,"55":0,"61":0,"62":0,"64":0,"67":0,"68":0,"69":0,"70":0,"71":0,"72":0,"73":0,"74":0,"75":0,"78":0,"79":0,"80":0,"81":0,"82":0,"83":0,"84":0,"87":0,"88":0,"89":0,"90":0,"91":0,"93":0,"94":0,"95":0,"96":0,"97":0,"98":0,"99":0,"100":0,"102":0,"104":0,"105":0,"106":0,"109":0,"110":0,"111":0,"112":0,"113":0,"114":0,"115":0,"116":0,"117":0,"118":0,"119":0,"120":0,"121":0,"122":0},"branchMap":{"0":{"type":"branch","line":1,"loc":{"start":{"line":1,"column":3206},"end":{"line":123,"column":1}},"locations":[{"start":{"line":1,"column":3206},"end":{"line":123,"column":1}}]}},"b":{"0":[1]},"fnMap":{"0":{"name":"(empty-report)","decl":{"start":{"line":1,"column":3206},"end":{"line":123,"column":1}},"loc":{"start":{"line":1,"column":3206},"end":{"line":123,"column":1}},"line":1}},"f":{"0":1}}
[...]
0},"end":{"line":116,"column":64}},"116":{"start":{"line":117,"column":0},"end":{"line":117,"column":5}},"117":{"start":{"line":118,"column":0},"end":{"line":118,"column":3}},"118":{"start":{"line":119,"column":0},"end":{"line":119,"column":1}}},"s":{"0":1,"1":1,"2":1,"9":1,"10":1,"12":1,"13":1,"15":1,"16":21,"17":21,"18":21,"20":1,"21":8,"22":8,"23":2,"24":2,"25":8,"27":1,"28":4,"29":4,"30":1,"31":1,"33":3,"34":3,"35":4,"36":4,"37":1,"38":1,"39":1,"40":4,"42":1,"43":4,"44":4,"46":4,"47":4,"48":2,"49":2,"50":2,"52":4,"54":4,"55":4,"56":4,"57":4,"58":1,"59":1,"60":4,"62":1,"63":4,"64":4,"65":1,"66":1,"68":3,"69":3,"70":3,"72":4,"73":1,"74":1,"75":1,"76":1,"77":1,"78":1,"79":4,"80":1,"81":1,"82":4,"84":1,"85":4,"86":4,"87":1,"88":1,"90":3,"91":3,"92":4,"93":4,"94":1,"95":1,"96":1,"97":4,"99":1,"100":4,"101":4,"103":4,"104":4,"105":2,"106":2,"107":2,"109":4,"111":4,"112":4,"113":4,"114":4,"115":1,"116":1,"117":4,"118":1},"branchMap":{"0":{"type":"branch","line":14,"loc":{"start":{"line":14,"column":10},"end":{"line":14,"column":29}},"locations":[{"start":{"line":14,"column":10},"end":{"line":14,"column":29}}]},"1":{"type":"branch","line":16,"loc":{"start":{"line":16,"column":2},"end":{"line":19,"column":3}},"locations":[{"start":{"line":16,"column":2},"end":{"line":19,"column":3}}]},"2":{"type":"branch","line":21,"loc":{"start":{"line":21,"column":10},"end":{"line":26,"column":3}},"locations":[{"start":{"line":21,"column":10},"end":{"line":26,"column":3}}]},"3":{"type":"branch","line":23,"loc":{"start":{"line":23,"column":35},"end":{"line":25,"column":5}},"locations":[{"start":{"line":23,"column":35},"end":{"line":25,"column":5}}]},"4":{"type":"branch","line":28,"loc":{"start":{"line":28,"column":9},"end":{"line":41,"column":3}},"locations":[{"start":{"line":28,"column":9},"end":{"line":41,"column":3}}]},"5":{"type":"branch","line":30,"loc":{"start":{"line":30,"column":43},"end":{"line":32,"column":7}},"locations":[{"start":{"line":30,"column":43},"end":{"line":32,"column":7}}]},"6":{"type":"branch","line":32,"loc":{"start":{"line":32,"column":6},"end":{"line":36,"column":34}},"locations":[{"start":{"line":32,"column":6},"end":{"line":36,"column":34}}]},"7":{"type":"branch","line":36,"loc":{"start":{"line":36,"column":20},"end":{"line":36,"column":39}},"locations":[{"start":{"line":36,"column":20},"end":{"line":36,"column":39}}]},"8":{"type":"branch","line":37,"loc":{"start":{"line":37,"column":4},"end":{"line":40,"column":5}},"locations":[{"start":{"line":37,"column":4},"end":{"line":40,"column":5}}]},"9":{"type":"branch","line":43,"loc":{"start":{"line":43,"column":9},"end":{"line":61,"column":3}},"locations":[{"start":{"line":43,"column":9},"end":{"line":61,"column":3}}]},"10":{"type":"branch","line":48,"loc":{"start":{"line":48,"column":42},"end":{"line":51,"column":7}},"locations":[{"start":{"line":48,"column":42},"end":{"line":51,"column":7}}]},"11":{"type":"branch","line":58,"loc":{"start":{"line":58,"column":4},"end":{"line":60,"column":5}},"locations":[{"start":{"line":58,"column":4},"end":{"line":60,"column":5}}]},"12":{"type":"branch","line":63,"loc":{"start":{"line":63,"column":9},"end":{"line":83,"column":3}},"locations":[{"start":{"line":63,"column":9},"end":{"line":83,"column":3}}]},"13":{"type":"branch","line":65,"loc":{"start":{"line":65,"column":43},"end":{"line":67,"column":7}},"locations":[{"start":{"line":65,"column":43},"end":{"line":67,"column":7}}]},"14":{"type":"branch","line":67,"loc":{"start":{"line":67,"column":6},"end":{"line":73,"column":44}},"locations":[{"start":{"line":67,"column":6},"end":{"line":73,"column":44}}]},"15":{"type":"branch","line":73,"loc":{"start":{"line":73,"column":44},"end":{"line":79,"column":7}},"locations":[{"start":{"line":73,"column":44},"end":{"line":79,"column":7}}]},"16":{"type":"branch","line":80,"loc":{"start":{"line":80,"column":4},"end":{"line":82,"column":5}},"locations":[{"start":{"line":80,"column":4},"end":{"line":82,"column":5}}]},"17":{"type":"branch","line":85,"loc":{"start":{"line":85,"column":9},"end":{"line":98,"column":3}},"locations":[{"start":{"line":85,"column":9},"end":{"line":98,"column":3}}]},"18":{"type":"branch","line":87,"loc":{"start":{"line":87,"column":43},"end":{"line":89,"column":7}},"locations":[{"start":{"line":87,"column":43},"end":{"line":89,"column":7}}]},"19":{"type":"branch","line":89,"loc":{"start":{"line":89,"column":6},"end":{"line":93,"column":36}},"locations":[{"start":{"line":89,"column":6},"end":{"line":93,"column":36}}]},"20":{"type":"branch","line":93,"loc":{"start":{"line":93,"column":20},"end":{"line":93,"column":41}},"locations":[{"start":{"line":93,"column":20},"end":{"line":93,"column":41}}]},"21":{"type":"branch","line":94,"loc":{"start":{"line":94,"column":4},"end":{"line":97,"column":5}},"locations":[{"start":{"line":94,"column":4},"end":{"line":97,"column":5}}]},"22":{"type":"branch","line":100,"loc":{"start":{"line":100,"column":9},"end":{"line":118,"column":3}},"locations":[{"start":{"line":100,"column":9},"end":{"line":118,"column":3}}]},"23":{"type":"branch","line":105,"loc":{"start":{"line":105,"column":42},"end":{"line":108,"column":7}},"locations":[{"start":{"line":105,"column":42},"end":{"line":108,"column":7}}]},"24":{"type":"branch","line":115,"loc":{"start":{"line":115,"column":4},"end":{"line":117,"column":5}},"locations":[{"start":{"line":115,"column":4},"end":{"line":117,"column":5}}]}},"b":{"0":[21],"1":[21],"2":[8],"3":[2],"4":[4],"5":[1],"6":[3],"7":[1],"8":[1],"9":[4],"10":[2],"11":[1],"12":[4],"13":[1],"14":[3],"15":[1],"16":[1],"17":[4],"18":[1],"19":[3],"20":[1],"21":[1],"22":[4],"23":[2],"24":[1]},"fnMap":{"0":{"name":"<instance_members_initializer>","decl":{"start":{"line":14,"column":10},"end":{"line":14,"column":29}},"loc":{"start":{"line":14,"column":10},"end":{"line":14,"column":29}},"line":14},"1":{"name":"ConfigManager","decl":{"start":{"line":16,"column":2},"end":{"line":19,"column":3}},"loc":{"start":{"line":16,"column":2},"end":{"line":19,"column":3}},"line":16},"2":{"name":"ensureConfigDir","decl":{"start":{"line":21,"column":10},"end":{"line":26,"column":3}},"loc":{"start":{"line":21,"column":10},"end":{"line":26,"column":3}},"line":21},"3":{"name":"getApiKey","decl":{"start":{"line":28,"column":9},"end":{"line":41,"column":3}},"loc":{"start":{"line":28,"column":9},"end":{"line":41,"column":3}},"line":28},"4":{"name":"setApiKey","decl":{"start":{"line":43,"column":9},"end":{"line":61,"column":3}},"loc":{"start":{"line":43,"column":9},"end":{"line":61,"column":3}},"line":43},"5":{"name":"clearApiKey","decl":{"start":{"line":63,"column":9},"end":{"line":83,"column":3}},"loc":{"start":{"line":63,"column":9},"end":{"line":83,"column":3}},"line":63},"6":{"name":"getDefaultModel","decl":{"start":{"line":85,"column":9},"end":{"line":98,"column":3}},"loc":{"start":{"line":85,"column":9},"end":{"line":98,"column":3}},"line":85},"7":{"name":"setDefaultModel","decl":{"start":{"line":100,"column":9},"end":{"line":118,"column":3}},"loc":{"start":{"line":100,"column":9},"end":{"line":118,"column":3}},"line":100}},"f":{"0":21,"1":21,"2":8,"3":4,"4":4,"5":4,"6":4,"7":4}}
,"/Users/e/dev/github.com/cloudbring/groq-code-cli/src/utils/markdown.ts": {"path":"/Users/e/dev/github.com/cloudbring/groq-code-cli/src/utils/markdown.ts","all":false,"statementMap":{"11":{"start":{"line":12,"column":0},"end":{"line":12,"column":67}},"12":{"start":{"line":13,"column":0},"end":{"line":13,"column":36}},"13":{"start":{"line":14,"column":0},"end":{"line":14,"column":41}},"15":{"start":{"line":16,"column":0},"end":{"line":16,"column":42}},"16":{"start":{"line":17,"column":0},"end":{"line":17,"column":26}},"19":{"start":{"line":20,"column":0},"end":{"line":20,"column":33}},"20":{"start":{"line":21,"column":0},"end":{"line":21,"column":38}},"21":{"start":{"line":22,"column":0},"end":{"line":22,"column":30}},"22":{"start":{"line":23,"column":0},"end":{"line":23,"column":63}},"23":{"start":{"line":24,"column":0},"end":{"line":24,"column":34}},"24":{"start":{"line":25,"column":0},"end":{"line":25,"column":12}},"25":{"start":{"line":26,"column":0},"end":{"line":26,"column":7}},"26":{"start":{"line":27,"column":0},"end":{"line":27,"column":21}},"27":{"start":{"line":28,"column":0},"end":{"line":28,"column":27}},"28":{"start":{"line":29,"column":0},"end":{"line":29,"column":38}},"29":{"start":{"line":30,"column":0},"end":{"line":30,"column":9}},"30":{"start":{"line":31,"column":0},"end":{"line":31,"column":15}},"31":{"start":{"line":32,"column":0},"end":{"line":32,"column":5}},"34":{"start":{"line":35,"column":0},"end":{"line":35,"column":31}},"35":{"start":{"line":36,"column":0},"end":{"line":36,"column":59}},"36":{"start":{"line":37,"column":0},"end":{"line":37,"column":50}},"37":{"start":{"line":38,"column":0},"end":{"line":38,"column":21}},"38":{"start":{"line":39,"column":0},"end":{"line":39,"column":24}},"39":{"start":{"line":40,"column":0},"end":{"line":40,"column":22}},"40":{"start":{"line":41,"column":0},"end":{"line":41,"column":13}},"41":{"start":{"line":42,"column":0},"end":{"line":42,"column":9}},"42":{"start":{"line":43,"column":0},"end":{"line":43,"column":15}},"43":{"start":{"line":44,"column":0},"end":{"line":44,"column":5}},"46":{"start":{"line":47,"column":0},"end":{"line":47,"column":100}},"47":{"start":{"line":48,"column":0},"end":{"line":48,"column":21}},"48":{"start":{"line":49,"column":0},"end":{"line":49,"column":27}},"49":{"start":{"line":50,"column":0},"end":{"line":50,"column":21}},"50":{"start":{"line":51,"column":0},"end":{"line":51,"column":9}},"51":{"start":{"line":52,"column":0},"end":{"line":52,"column":15}},"52":{"start":{"line":53,"column":0},"end":{"line":53,"column":5}},"55":{"start":{"line":56,"column":0},"end":{"line":56,"column":19}},"56":{"start":{"line":57,"column":0},"end":{"line":57,"column":19}},"57":{"start":{"line":58,"column":0},"end":{"line":58,"column":26}},"58":{"start":{"line":59,"column":0},"end":{"line":59,"column":7}},"59":{"start":{"line":60,"column":0},"end":{"line":60,"column":3}},"61":{"start":{"line":62,"column":0},"end":{"line":62,"column":18}},"62":{"start":{"line":63,"column":0},"end":{"line":63,"column":1}},"64":{"start":{"line":65,"column":0},"end":{"line":65,"column":71}},"65":{"start":{"line":66,"column":0},"end":{"line":66,"column":39}},"66":{"start":{"line":67,"column":0},"end":{"line":67,"column":26}},"68":{"start":{"line":69,"column":0},"end":{"line":69,"column":32}},"70":{"start":{"line":71,"column":0},"end":{"line":71,"column":61}},"71":{"start":{"line":72,"column":0},"end":{"line":72,"column":20}},"73":{"start":{"line":74,"column":0},"end":{"line":74,"column":25}},"74":{"start":{"line":75,"column":0},"end":{"line":75,"column":23}},"75":{"start":{"line":76,"column":0},"end":{"line":76,"column":23}},"76":{"start":{"line":77,"column":0},"end":{"line":77,"column":31}},"77":{"start":{"line":78,"column":0},"end":{"line":78,"column":11}},"78":{"start":{"line":79,"column":0},"end":{"line":79,"column":7}},"80":{"start":{"line":81,"column":0},"end":{"line":81,"column":21}},"81":{"start":{"line":82,"column":0},"end":{"line":82,"column":21}},"82":{"start":{"line":83,"column":0},"end":{"line":83,"column":62}},"83":{"start":{"line":84,"column":0},"end":{"line":84,"column":9}},"84":{"start":{"line":85,"column":0},"end":{"line":85,"column":31}},"85":{"start":{"line":86,"column":0},"end":{"line":86,"column":15}},"86":{"start":{"line":87,"column":0},"end":{"line":87,"column":5}},"89":{"start":{"line":90,"column":0},"end":{"line":90,"column":67}},"90":{"start":{"line":91,"column":0},"end":{"line":91,"column":20}},"92":{"start":{"line":93,"column":0},"end":{"line":93,"column":25}},"93":{"start":{"line":94,"column":0},"end":{"line":94,"column":23}},"94":{"start":{"line":95,"column":0},"end":{"line":95,"column":23}},"95":{"start":{"line":96,"column":0},"end":{"line":96,"column":31}},"96":{"start":{"line":97,"column":0},"end":{"line":97,"column":11}},"97":{"start":{"line":98,"column":0},"end":{"line":98,"column":7}},"99":{"start":{"line":100,"column":0},"end":{"line":100,"column":21}},"100":{"start":{"line":101,"column":0},"end":{"line":101,"column":21}},"101":{"start":{"line":102,"column":0},"end":{"line":102,"column":55}},"102":{"start":{"line":103,"column":0},"end":{"line":103,"column":9}},"103":{"start":{"line":104,"column":0},"end":{"line":104,"column":31}},"104":{"start":{"line":105,"column":0},"end":{"line":105,"column":15}},"105":{"start":{"line":106,"column":0},"end":{"line":106,"column":5}},"108":{"start":{"line":109,"column":0},"end":{"line":109,"column":65}},"109":{"start":{"line":110,"column":0},"end":{"line":110,"column":22}},"111":{"start":{"line":112,"column":0},"end":{"line":112,"column":27}},"112":{"start":{"line":113,"column":0},"end":{"line":113,"column":23}},"113":{"start":{"line":114,"column":0},"end":{"line":114,"column":23}},"114":{"start":{"line":115,"column":0},"end":{"line":115,"column":33}},"115":{"start":{"line":116,"column":0},"end":{"line":116,"column":11}},"116":{"start":{"line":117,"column":0},"end":{"line":117,"column":7}},"118":{"start":{"line":119,"column":0},"end":{"line":119,"column":21}},"119":{"start":{"line":120,"column":0},"end":{"line":120,"column":23}},"120":{"start":{"line":121,"column":0},"end":{"line":121,"column":56}},"121":{"start":{"line":122,"column":0},"end":{"line":122,"column":9}},"122":{"start":{"line":123,"column":0},"end":{"line":123,"column":33}},"123":{"start":{"line":124,"column":0},"end":{"line":124,"column":15}},"124":{"start":{"line":125,"column":0},"end":{"line":125,"column":5}},"127":{"start":{"line":128,"column":0},"end":{"line":128,"column":19}},"128":{"start":{"line":129,"column":0},"end":{"line":129,"column":19}},"129":{"start":{"line":130,"column":0},"end":{"line":130,"column":24}},"130":{"start":{"line":131,"column":0},"end":{"line":131,"column":7}},"131":{"start":{"line":132,"column":0},"end":{"line":132,"column":10}},"132":{"start":{"line":133,"column":0},"end":{"line":133,"column":3}},"134":{"start":{"line":135,"column":0},"end":{"line":135,"column":18}},"135":{"start":{"line":136,"column":0},"end":{"line":136,"column":1}}},"s":{"11":1,"12":10,"13":10,"15":10,"16":28,"19":28,"20":4,"21":4,"22":4,"23":7,"24":7,"25":7,"26":4,"27":4,"28":4,"29":4,"30":4,"31":4,"34":28,"35":8,"36":8,"37":8,"38":8,"39":8,"40":8,"41":8,"42":8,"43":8,"46":28,"47":5,"48":5,"49":5,"50":5,"51":5,"52":5,"55":11,"56":11,"57":28,"58":28,"59":28,"61":10,"62":10,"64":1,"65":12,"66":12,"68":12,"70":18,"71":18,"73":6,"74":3,"75":3,"76":3,"77":3,"78":3,"80":6,"81":6,"82":6,"83":6,"84":6,"85":6,"86":6,"89":12,"90":18,"92":3,"93":2,"94":2,"95":2,"96":2,"97":2,"99":3,"100":3,"101":3,"102":3,"103":3,"104":3,"105":3,"108":9,"109":18,"111":2,"112":2,"113":2,"114":2,"115":2,"116":2,"118":2,"119":2,"120":2,"121":2,"122":2,"123":2,"124":2,"127":7,"128":7,"129":7,"130":7,"131":7,"132":7,"134":12,"135":12},"branchMap":{"0":{"type":"branch","line":12,"loc":{"start":{"line":12,"column":7},"end":{"line":63,"column":1}},"locations":[{"start":{"line":12,"column":7},"end":{"line":63,"column":1}}]},"1":{"type":"branch","line":16,"loc":{"start":{"line":16,"column":41},"end":{"line":60,"column":3}},"locations":[{"start":{"line":16,"column":41},"end":{"line":60,"column":3}}]},"2":{"type":"branch","line":20,"loc":{"start":{"line":20,"column":32},"end":{"line":32,"column":5}},"locations":[{"start":{"line":20,"column":32},"end":{"line":32,"column":5}}]},"3":{"type":"branch","line":23,"loc":{"start":{"line":23,"column":23},"end":{"line":23,"column":62}},"locations":[{"start":{"line":23,"column":23},"end":{"line":23,"column":62}}]},"4":{"type":"branch","line":23,"loc":{"start":{"line":23,"column":62},"end":{"line":26,"column":7}},"locations":[{"start":{"line":23,"column":62},"end":{"line":26,"column":7}}]},"5":{"type":"branch","line":32,"loc":{"start":{"line":32,"column":4},"end":{"line":35,"column":30}},"locations":[{"start":{"line":32,"column":4},"end":{"line":35,"column":30}}]},"6":{"type":"branch","line":35,"loc":{"start":{"line":35,"column":30},"end":{"line":44,"column":5}},"locations":[{"start":{"line":35,"column":30},"end":{"line":44,"column":5}}]},"7":{"type":"branch","line":36,"loc":{"start":{"line":36,"column":47},"end":{"line":36,"column":59}},"locations":[{"start":{"line":36,"column":47},"end":{"line":36,"column":59}}]},"8":{"type":"branch","line":44,"loc":{"start":{"line":44,"column":4},"end":{"line":47,"column":30}},"locations":[{"start":{"line":44,"column":4},"end":{"line":47,"column":30}}]},"9":{"type":"branch","line":47,"loc":{"start":{"line":47,"column":25},"end":{"line":47,"column":54}},"locations":[{"start":{"line":47,"column":25},"end":{"line":47,"column":54}}]},"10":{"type":"branch","line":47,"loc":{"start":{"line":47,"column":48},"end":{"line":47,"column":99}},"locations":[{"start":{"line":47,"column":48},"end":{"line":47,"column":99}}]},"11":{"type":"branch","line":47,"loc":{"start":{"line":47,"column":71},"end":{"line":47,"column":99}},"locations":[{"start":{"line":47,"column":71},"end":{"line":47,"column":99}}]},"12":{"type":"branch","line":47,"loc":{"start":{"line":47,"column":99},"end":{"line":53,"column":5}},"locations":[{"start":{"line":47,"column":99},"end":{"line":53,"column":5}}]},"13":{"type":"branch","line":53,"loc":{"start":{"line":53,"column":4},"end":{"line":58,"column":23}},"locations":[{"start":{"line":53,"column":4},"end":{"line":58,"column":23}}]},"14":{"type":"branch","line":58,"loc":{"start":{"line":58,"column":15},"end":{"line":58,"column":26}},"locations":[{"start":{"line":58,"column":15},"end":{"line":58,"column":26}}]},"15":{"type":"branch","line":65,"loc":{"start":{"line":65,"column":7},"end":{"line":136,"column":1}},"locations":[{"start":{"line":65,"column":7},"end":{"line":136,"column":1}}]},"16":{"type":"branch","line":69,"loc":{"start":{"line":69,"column":31},"end":{"line":133,"column":3}},"locations":[{"start":{"line":69,"column":31},"end":{"line":133,"column":3}}]},"17":{"type":"branch","line":72,"loc":{"start":{"line":72,"column":19},"end":{"line":87,"column":5}},"locations":[{"start":{"line":72,"column":19},"end":{"line":87,"column":5}}]},"18":{"type":"branch","line":74,"loc":{"start":{"line":74,"column":24},"end":{"line":79,"column":7}},"locations":[{"start":{"line":74,"column":24},"end":{"line":79,"column":7}}]},"19":{"type":"branch","line":87,"loc":{"start":{"line":87,"column":4},"end":{"line":91,"column":19}},"locations":[{"start":{"line":87,"column":4},"end":{"line":91,"column":19}}]},"20":{"type":"branch","line":91,"loc":{"start":{"line":91,"column":19},"end":{"line":106,"column":5}},"locations":[{"start":{"line":91,"column":19},"end":{"line":106,"column":5}}]},"21":{"type":"branch","line":93,"loc":{"start":{"line":93,"column":24},"end":{"line":98,"column":7}},"locations":[{"start":{"line":93,"column":24},"end":{"line":98,"column":7}}]},"22":{"type":"branch","line":106,"loc":{"start":{"line":106,"column":4},"end":{"line":110,"column":21}},"locations":[{"start":{"line":106,"column":4},"end":{"line":110,"column":21}}]},"23":{"type":"branch","line":110,"loc":{"start":{"line":110,"column":21},"end":{"line":125,"column":5}},"locations":[{"start":{"line":110,"column":21},"end":{"line":125,"column":5}}]},"24":{"type":"branch","line":125,"loc":{"start":{"line":125,"column":4},"end":{"line":133,"column":3}},"locations":[{"start":{"line":125,"column":4},"end":{"line":133,"column":3}}]}},"b":{"0":[10],"1":[28],"2":[4],"3":[10],"4":[7],"5":[24],"6":[8],"7":[0],"8":[16],"9":[14],"10":[12],"11":[1],"12":[5],"13":[11],"14":[6],"15":[12],"16":[18],"17":[6],"18":[3],"19":[12],"20":[3],"21":[2],"22":[9],"23":[2],"24":[7]},"fnMap":{"0":{"name":"parseMarkdown","decl":{"start":{"line":12,"column":7},"end":{"line":63,"column":1}},"loc":{"start":{"line":12,"column":7},"end":{"line":63,"column":1}},"line":12},"1":{"name":"parseInlineElements","decl":{"start":{"line":65,"column":7},"end":{"line":136,"column":1}},"loc":{"start":{"line":65,"column":7},"end":{"line":136,"column":1}},"line":65}},"f":{"0":10,"1":12}}
}
