TN:
SF:src/commands/base.ts
FNF:0
FNH:0
DA:16,1
DA:20,1
LF:2
LH:2
BRF:0
BRH:0
end_of_record
TN:
SF:src/commands/index.ts
FN:16,getAvailableCommands
FN:20,getCommandNames
FN:24,handleSlashCommand
FNF:3
FNH:3
FNDA:30,getAvailableCommands
FNDA:3,getCommandNames
FNDA:16,handleSlashCommand
DA:2,1
DA:3,1
DA:4,1
DA:5,1
DA:6,1
DA:8,1
DA:9,1
DA:10,1
DA:11,1
DA:12,1
DA:13,1
DA:14,1
DA:16,1
DA:17,30
DA:18,30
DA:20,1
DA:21,3
DA:22,3
DA:24,1
DA:25,16
DA:26,16
DA:27,16
DA:29,16
DA:30,16
DA:31,16
DA:33,16
DA:36,16
DA:37,16
DA:38,16
DA:39,16
DA:41,16
DA:42,14
DA:43,14
DA:44,16
DA:46,1
LF:35
LH:35
BRDA:16,0,0,30
BRDA:20,1,0,3
BRDA:21,2,0,15
BRDA:24,3,0,16
BRDA:31,4,0,2
BRDA:31,5,0,14
BRDA:41,6,0,14
BRDA:33,7,0,46
BRF:8
BRH:8
end_of_record
TN:
SF:src/commands/definitions/clear.ts
FN:6,handler
FNF:1
FNH:1
FNDA:8,handler
DA:3,1
DA:4,1
DA:5,1
DA:6,1
DA:7,8
DA:8,8
DA:9,8
DA:10,8
DA:11,8
DA:12,8
DA:13,1
LF:11
LH:11
BRDA:6,0,0,8
BRF:1
BRH:1
end_of_record
TN:
SF:src/commands/definitions/help.ts
FN:7,handler
FNF:1
FNH:1
FNDA:11,handler
DA:2,1
DA:4,1
DA:5,1
DA:6,1
DA:7,1
DA:8,11
DA:9,11
DA:11,11
DA:12,11
DA:13,11
DA:14,11
DA:28,11
DA:29,11
DA:30,1
LF:14
LH:14
BRDA:7,0,0,11
BRDA:9,1,0,55
BRF:2
BRH:2
end_of_record
TN:
SF:src/commands/definitions/login.ts
FN:6,handler
FNF:1
FNH:1
FNDA:6,handler
DA:3,1
DA:4,1
DA:5,1
DA:6,1
DA:7,6
DA:8,6
DA:9,1
LF:7
LH:7
BRDA:6,0,0,6
BRF:1
BRH:1
end_of_record
TN:
SF:src/commands/definitions/model.ts
FN:6,handler
FNF:1
FNH:1
FNDA:10,handler
DA:3,1
DA:4,1
DA:5,1
DA:6,1
DA:7,10
DA:8,6
DA:9,6
DA:10,10
DA:11,1
LF:9
LH:9
BRDA:6,0,0,10
BRDA:7,1,0,6
BRF:2
BRH:2
end_of_record
TN:
SF:src/commands/definitions/reasoning.ts
FN:6,handler
FNF:1
FNH:1
FNDA:13,handler
DA:3,1
DA:4,1
DA:5,1
DA:6,1
DA:7,13
DA:8,9
DA:9,9
DA:10,9
DA:11,9
DA:12,9
DA:13,9
DA:14,13
DA:15,4
DA:16,4
DA:17,4
DA:18,4
DA:19,4
DA:20,13
DA:21,1
LF:19
LH:19
BRDA:6,0,0,13
BRDA:7,1,0,9
BRDA:12,2,0,6
BRDA:12,3,0,3
BRDA:14,4,0,4
BRF:5
BRH:5
end_of_record
TN:
SF:src/core/agent.ts
FN:17,<instance_members_initializer>
FN:36,Agent
FN:60,create
FN:80,buildDefaultSystemMessage
FN:134,setToolCallbacks
FN:152,setApiKey
FN:160,saveApiKey
FN:165,clearApiKey
FN:171,clearHistory
FN:176,setModel
FN:190,getCurrentModel
FN:194,setSessionAutoApprove
FN:198,interrupt
FN:214,chat
FN:476,executeToolCall
FN:585,debugLog
FN:599,generateCurlCommand
FNF:17
FNH:17
FNDA:34,<instance_members_initializer>
FNDA:34,Agent
FNDA:34,create
FNDA:35,buildDefaultSystemMessage
FNDA:16,setToolCallbacks
FNDA:20,setApiKey
FNDA:1,saveApiKey
FNDA:1,clearApiKey
FNDA:2,clearHistory
FNDA:2,setModel
FNDA:7,getCurrentModel
FNDA:3,setSessionAutoApprove
FNDA:3,interrupt
FNDA:19,chat
FNDA:402,executeToolCall
FNDA:4217,debugLog
FNDA:412,generateCurlCommand
DA:1,1
DA:2,1
DA:3,1
DA:4,1
DA:5,1
DA:6,1
DA:7,1
DA:16,1
DA:17,1
DA:18,34
DA:19,34
DA:20,34
DA:21,34
DA:22,34
DA:23,34
DA:24,34
DA:25,34
DA:26,34
DA:27,34
DA:28,34
DA:29,34
DA:30,34
DA:31,34
DA:32,34
DA:33,34
DA:34,34
DA:36,1
DA:37,34
DA:38,34
DA:39,34
DA:40,34
DA:41,34
DA:42,34
DA:43,34
DA:44,34
DA:47,34
DA:50,34
DA:51,1
DA:52,34
DA:53,33
DA:54,33
DA:57,34
DA:58,34
DA:60,1
DA:61,34
DA:62,34
DA:63,34
DA:64,34
DA:65,34
DA:67,34
DA:68,34
DA:69,34
DA:71,34
DA:72,34
DA:73,34
DA:74,34
DA:75,34
DA:76,34
DA:77,34
DA:78,34
DA:80,1
DA:81,35
DA:130,35
DA:131,35
DA:134,1
DA:142,16
DA:143,16
DA:144,16
DA:145,16
DA:146,16
DA:147,16
DA:148,16
DA:149,16
DA:150,16
DA:152,1
DA:153,20
DA:154,20
DA:155,20
DA:156,20
DA:157,20
DA:158,20
DA:160,1
DA:161,1
DA:162,1
DA:163,1
DA:165,1
DA:166,1
DA:167,1
DA:168,1
DA:169,1
DA:171,1
DA:173,2
DA:174,2
DA:176,1
DA:177,2
DA:179,2
DA:181,2
DA:182,2
DA:184,2
DA:185,2
DA:186,2
DA:187,2
DA:188,2
DA:190,1
DA:191,7
DA:192,7
DA:194,1
DA:195,3
DA:196,3
DA:198,1
DA:199,3
DA:200,3
DA:202,3
DA:203,1
DA:204,1
DA:205,1
DA:208,3
DA:209,3
DA:210,3
DA:211,3
DA:212,3
DA:214,1
DA:216,19
DA:219,19
DA:220,4
DA:222,4
DA:223,4
DA:224,1
DA:225,1
DA:226,4
DA:228,3
DA:229,3
DA:230,3
DA:231,1
DA:232,1
DA:233,3
DA:234,2
DA:235,2
DA:236,2
DA:237,3
DA:238,2
DA:239,2
DA:242,17
DA:244,17
DA:245,17
DA:247,19
DA:248,18
DA:250,412
DA:251,0
DA:252,0
DA:253,0
DA:254,0
DA:256,412
DA:258,412
DA:259,0
DA:260,0
DA:262,412
DA:263,412
DA:264,412
DA:267,412
DA:268,412
DA:269,412
DA:270,412
DA:271,412
DA:272,412
DA:273,412
DA:274,412
DA:275,412
DA:278,412
DA:279,412
DA:280,412
DA:281,1
DA:282,1
DA:285,412
DA:287,412
DA:288,412
DA:289,412
DA:290,412
DA:291,412
DA:292,412
DA:293,412
DA:294,412
DA:295,412
DA:296,412
DA:297,412
DA:299,409
DA:300,409
DA:301,409
DA:302,409
DA:304,409
DA:307,409
DA:310,412
DA:311,1
DA:312,1
DA:313,1
DA:314,1
DA:315,1
DA:316,1
DA:317,412
DA:318,412
DA:319,412
DA:321,412
DA:322,0
DA:323,0
DA:326,412
DA:328,402
DA:329,402
DA:330,101
DA:331,101
DA:332,402
DA:335,402
DA:336,402
DA:337,402
DA:338,402
DA:339,402
DA:340,402
DA:343,402
DA:345,402
DA:346,0
DA:347,0
DA:348,0
DA:349,0
DA:351,402
DA:354,402
DA:355,402
DA:356,402
DA:357,402
DA:358,402
DA:361,402
DA:363,1
DA:364,1
DA:365,1
DA:366,1
DA:367,1
DA:368,1
DA:369,402
DA:372,401
DA:373,401
DA:374,401
DA:377,412
DA:378,412
DA:379,412
DA:380,412
DA:382,412
DA:383,6
DA:384,6
DA:385,412
DA:386,1
DA:387,1
DA:390,7
DA:391,7
DA:392,7
DA:393,7
DA:395,7
DA:396,7
DA:397,7
DA:399,412
DA:400,3
DA:403,3
DA:404,3
DA:405,2
DA:406,2
DA:407,3
DA:408,1
DA:410,1
DA:411,1
DA:413,2
DA:414,2
DA:415,3
DA:416,3
DA:417,3
DA:420,3
DA:421,3
DA:423,3
DA:425,2
DA:426,2
DA:427,2
DA:428,2
DA:429,2
DA:430,2
DA:431,1
DA:432,1
DA:433,2
DA:434,0
DA:435,0
DA:436,2
DA:437,0
DA:438,0
DA:439,3
DA:440,0
DA:441,0
DA:444,3
DA:445,1
DA:446,1
DA:449,1
DA:450,1
DA:451,1
DA:452,1
DA:455,1
DA:456,1
DA:457,1
DA:458,412
DA:461,8
DA:462,8
DA:463,8
DA:464,2
DA:465,2
DA:466,8
DA:467,1
DA:468,1
DA:469,8
DA:470,7
DA:471,7
DA:472,8
DA:473,18
DA:474,19
DA:476,1
DA:477,402
DA:479,402
DA:480,402
DA:481,50
DA:482,50
DA:485,402
DA:486,402
DA:487,402
DA:488,402
DA:489,50
DA:490,50
DA:491,50
DA:492,50
DA:493,50
DA:496,402
DA:497,201
DA:498,201
DA:501,402
DA:502,100
DA:503,50
DA:504,50
DA:505,50
DA:506,50
DA:507,50
DA:508,50
DA:509,50
DA:510,100
DA:513,302
DA:514,302
DA:515,402
DA:518,402
DA:520,402
DA:521,51
DA:523,51
DA:525,51
DA:526,0
DA:527,0
DA:528,0
DA:529,0
DA:530,0
DA:531,0
DA:533,51
DA:536,51
DA:537,0
DA:538,0
DA:539,0
DA:540,0
DA:541,0
DA:542,0
DA:543,51
DA:545,0
DA:546,0
DA:549,51
DA:550,0
DA:551,0
DA:553,51
DA:554,1
DA:555,1
DA:556,1
DA:557,1
DA:558,1
DA:559,1
DA:560,51
DA:563,301
DA:566,402
DA:567,1
DA:568,1
DA:570,251
DA:572,402
DA:573,50
DA:574,50
DA:575,50
DA:576,402
DA:577,1
DA:581,1
DA:582,1
DA:583,1
DA:585,4217
DA:586,4217
DA:589,4217
DA:590,1
DA:591,1
DA:592,1
DA:594,19
DA:595,4217
DA:596,4217
DA:597,4217
DA:599,412
DA:600,412
DA:602,1
DA:605,1
DA:606,1
DA:607,1
DA:609,1
DA:610,1
DA:612,1
DA:614,1
DA:615,1
LF:415
LH:381
BRDA:17,0,0,34
BRDA:36,1,0,34
BRDA:47,2,0,32
BRDA:50,3,0,1
BRDA:52,4,0,33
BRDA:60,5,0,34
BRDA:69,6,0,33
BRDA:80,7,0,35
BRDA:134,8,0,16
BRDA:152,9,0,20
BRDA:154,10,0,0
BRDA:160,11,0,1
BRDA:165,12,0,1
BRDA:171,13,0,2
BRDA:173,14,0,2
BRDA:176,15,0,2
BRDA:184,16,0,2
BRDA:190,17,0,7
BRDA:194,18,0,3
BRDA:198,19,0,3
BRDA:202,20,0,1
BRDA:214,21,0,19
BRDA:219,22,0,4
BRDA:223,23,0,1
BRDA:226,24,0,3
BRDA:230,25,0,1
BRDA:233,26,0,2
BRDA:237,27,0,2
BRDA:239,28,0,17
BRDA:247,29,0,18
BRDA:248,30,0,412
BRDA:250,31,0,0
BRDA:258,32,0,0
BRDA:280,33,0,1
BRDA:297,34,0,409
BRDA:310,35,0,3
BRDA:310,36,0,1
BRDA:316,37,0,409
BRDA:317,38,0,0
BRDA:319,39,0,402
BRDA:319,40,0,7
BRDA:321,41,0,402
BRDA:321,42,0,0
BRDA:323,43,0,409
BRDA:326,44,0,402
BRDA:328,45,0,0
BRDA:329,46,0,101
BRDA:330,47,0,0
BRDA:337,48,0,0
BRDA:345,49,0,0
BRDA:361,50,0,1
BRDA:369,51,0,401
BRDA:374,52,0,7
BRDA:377,53,0,0
BRDA:382,54,0,6
BRDA:385,55,0,1
BRDA:387,56,0,7
BRDA:399,57,0,3
BRDA:404,58,0,2
BRDA:405,59,0,2
BRDA:407,60,0,1
BRDA:411,61,0,2
BRDA:415,62,0,0
BRDA:416,63,0,2
BRDA:416,64,0,0
BRDA:423,65,0,2
BRDA:430,66,0,1
BRDA:433,67,0,0
BRDA:436,68,0,0
BRDA:439,69,0,0
BRDA:441,70,0,2
BRDA:444,71,0,1
BRDA:458,72,0,8
BRDA:463,73,0,2
BRDA:466,74,0,1
BRDA:469,75,0,7
BRDA:476,76,0,402
BRDA:480,77,0,50
BRDA:488,78,0,50
BRDA:493,79,0,352
BRDA:496,80,0,201
BRDA:498,81,0,352
BRDA:501,82,0,100
BRDA:501,83,0,100
BRDA:502,84,0,50
BRDA:510,85,0,302
BRDA:515,86,0,301
BRDA:518,87,0,100
BRDA:518,88,0,100
BRDA:520,89,0,101
BRDA:520,90,0,51
BRDA:525,91,0,0
BRDA:536,92,0,0
BRDA:543,93,0,0
BRDA:549,94,0,0
BRDA:549,95,0,0
BRDA:549,96,0,0
BRDA:553,97,0,1
BRDA:560,98,0,301
BRDA:563,99,0,251
BRDA:566,100,0,1
BRDA:568,101,0,251
BRDA:572,102,0,50
BRDA:585,103,0,4217
BRDA:586,104,0,4198
BRDA:586,105,0,19
BRDA:589,106,0,1
BRDA:592,107,0,19
BRDA:595,108,0,11
BRDA:595,109,0,8
BRDA:599,110,0,412
BRDA:600,111,0,411
BRDA:600,112,0,1
BRF:113
BRH:92
end_of_record
TN:
SF:src/test/helpers/render-to-string.ts
FN:1,(empty-report)
FNF:1
FNH:1
FNDA:1,(empty-report)
DA:2,0
DA:3,0
DA:4,0
DA:15,0
DA:16,0
DA:17,0
DA:18,0
DA:19,0
DA:21,0
DA:24,0
DA:25,0
DA:26,0
DA:27,0
DA:28,0
DA:29,0
DA:30,0
DA:31,0
DA:32,0
DA:35,0
DA:36,0
DA:37,0
DA:38,0
DA:39,0
DA:40,0
DA:41,0
DA:42,0
DA:45,0
DA:46,0
DA:47,0
DA:48,0
DA:49,0
DA:52,0
DA:55,0
DA:56,0
DA:62,0
DA:63,0
DA:65,0
DA:68,0
DA:69,0
DA:70,0
DA:71,0
DA:72,0
DA:73,0
DA:74,0
DA:75,0
DA:76,0
DA:79,0
DA:80,0
DA:81,0
DA:82,0
DA:83,0
DA:84,0
DA:85,0
DA:88,0
DA:89,0
DA:90,0
DA:91,0
DA:92,0
DA:94,0
DA:95,0
DA:96,0
DA:97,0
DA:98,0
DA:99,0
DA:100,0
DA:101,0
DA:103,0
DA:105,0
DA:106,0
DA:107,0
DA:110,0
DA:111,0
DA:112,0
DA:113,0
DA:114,0
DA:115,0
DA:116,0
DA:117,0
DA:118,0
DA:119,0
DA:120,0
DA:121,0
DA:122,0
DA:123,0
LF:84
LH:0
BRDA:1,0,0,1
BRF:1
BRH:1
end_of_record
TN:
SF:src/tools/tool-schemas.ts
FNF:0
FNH:0
DA:21,1
DA:22,1
DA:23,1
DA:24,1
DA:25,1
DA:26,1
DA:27,1
DA:28,1
DA:29,1
DA:30,1
DA:31,1
DA:32,1
DA:33,1
DA:34,1
DA:35,1
DA:36,1
DA:37,1
DA:38,1
DA:39,1
DA:40,1
DA:41,1
DA:42,1
DA:43,1
DA:44,1
DA:45,1
DA:46,1
DA:47,1
DA:49,1
DA:50,1
DA:51,1
DA:52,1
DA:53,1
DA:54,1
DA:55,1
DA:56,1
DA:57,1
DA:58,1
DA:59,1
DA:60,1
DA:61,1
DA:62,1
DA:63,1
DA:64,1
DA:65,1
DA:66,1
DA:67,1
DA:68,1
DA:69,1
DA:70,1
DA:71,1
DA:72,1
DA:73,1
DA:74,1
DA:75,1
DA:76,1
DA:77,1
DA:78,1
DA:79,1
DA:80,1
DA:82,1
DA:83,1
DA:84,1
DA:85,1
DA:86,1
DA:87,1
DA:88,1
DA:89,1
DA:90,1
DA:91,1
DA:92,1
DA:93,1
DA:94,1
DA:95,1
DA:96,1
DA:97,1
DA:98,1
DA:99,1
DA:100,1
DA:101,1
DA:102,1
DA:103,1
DA:104,1
DA:105,1
DA:106,1
DA:107,1
DA:108,1
DA:109,1
DA:110,1
DA:111,1
DA:113,1
DA:114,1
DA:115,1
DA:116,1
DA:117,1
DA:118,1
DA:119,1
DA:120,1
DA:121,1
DA:122,1
DA:123,1
DA:124,1
DA:125,1
DA:126,1
DA:127,1
DA:128,1
DA:129,1
DA:130,1
DA:131,1
DA:132,1
DA:133,1
DA:134,1
DA:138,1
DA:139,1
DA:140,1
DA:141,1
DA:142,1
DA:143,1
DA:144,1
DA:145,1
DA:146,1
DA:147,1
DA:148,1
DA:149,1
DA:150,1
DA:151,1
DA:152,1
DA:153,1
DA:154,1
DA:155,1
DA:156,1
DA:157,1
DA:158,1
DA:159,1
DA:160,1
DA:161,1
DA:162,1
DA:163,1
DA:164,1
DA:165,1
DA:166,1
DA:167,1
DA:168,1
DA:169,1
DA:173,1
DA:174,1
DA:175,1
DA:176,1
DA:177,1
DA:178,1
DA:179,1
DA:180,1
DA:181,1
DA:182,1
DA:183,1
DA:184,1
DA:185,1
DA:186,1
DA:187,1
DA:188,1
DA:189,1
DA:190,1
DA:191,1
DA:192,1
DA:193,1
DA:194,1
DA:195,1
DA:196,1
DA:197,1
DA:198,1
DA:199,1
DA:200,1
DA:201,1
DA:202,1
DA:203,1
DA:204,1
DA:205,1
DA:206,1
DA:207,1
DA:208,1
DA:209,1
DA:210,1
DA:211,1
DA:212,1
DA:213,1
DA:214,1
DA:215,1
DA:216,1
DA:217,1
DA:218,1
DA:219,1
DA:220,1
DA:221,1
DA:222,1
DA:223,1
DA:224,1
DA:225,1
DA:226,1
DA:227,1
DA:228,1
DA:229,1
DA:230,1
DA:231,1
DA:232,1
DA:233,1
DA:234,1
DA:235,1
DA:236,1
DA:237,1
DA:238,1
DA:239,1
DA:240,1
DA:241,1
DA:242,1
DA:243,1
DA:244,1
DA:246,1
DA:247,1
DA:248,1
DA:249,1
DA:250,1
DA:251,1
DA:252,1
DA:253,1
DA:254,1
DA:255,1
DA:256,1
DA:257,1
DA:258,1
DA:259,1
DA:260,1
DA:261,1
DA:262,1
DA:263,1
DA:264,1
DA:265,1
DA:266,1
DA:267,1
DA:268,1
DA:269,1
DA:270,1
DA:271,1
DA:272,1
DA:273,1
DA:274,1
DA:275,1
DA:276,1
DA:277,1
DA:278,1
DA:283,1
DA:284,1
DA:285,1
DA:286,1
DA:287,1
DA:288,1
DA:289,1
DA:290,1
DA:291,1
DA:292,1
DA:293,1
DA:294,1
DA:295,1
DA:296,1
DA:297,1
DA:298,1
DA:299,1
DA:300,1
DA:301,1
DA:302,1
DA:303,1
DA:304,1
DA:305,1
DA:306,1
DA:307,1
DA:308,1
DA:309,1
DA:310,1
DA:311,1
DA:312,1
DA:313,1
DA:314,1
DA:315,1
DA:316,1
DA:317,1
DA:318,1
DA:319,1
DA:320,1
DA:321,1
DA:322,1
DA:323,1
DA:325,1
DA:326,1
DA:327,1
DA:328,1
DA:329,1
DA:330,1
DA:331,1
DA:332,1
DA:333,1
DA:334,1
DA:335,1
DA:336,1
DA:337,1
DA:338,1
DA:339,1
DA:340,1
DA:341,1
DA:342,1
DA:343,1
DA:344,1
DA:345,1
DA:346,1
DA:347,1
DA:348,1
DA:349,1
DA:350,1
DA:351,1
DA:352,1
DA:353,1
DA:354,1
DA:355,1
DA:356,1
DA:357,1
DA:358,1
DA:359,1
DA:360,1
DA:363,1
DA:364,1
DA:365,1
DA:366,1
DA:367,1
DA:368,1
DA:369,1
DA:370,1
DA:371,1
DA:372,1
DA:373,1
DA:376,1
DA:377,1
DA:378,1
DA:379,1
DA:380,1
DA:381,1
DA:382,1
DA:385,1
DA:386,1
DA:387,1
DA:388,1
DA:391,1
DA:392,1
DA:393,1
DA:394,1
LF:351
LH:351
BRF:0
BRH:0
end_of_record
TN:
SF:src/tools/tools.ts
FN:43,getReadFilesTracker
FN:53,formatToolParams
FN:98,createToolResponse
FN:121,readFile
FN:183,createFile
FN:220,editFile
FN:253,deleteFile
FN:300,listFiles
FN:327,searchFiles
FN:492,escapeRegex
FN:497,collectFiles
FN:506,walkDirectory
FN:560,matchesPattern
FN:573,isBinaryFile
FN:590,executeCommand
FN:644,createTasks
FN:693,updateTasks
FN:782,executeTool
FNF:18
FNH:16
FNDA:1,getReadFilesTracker
FNDA:9,formatToolParams
FNDA:77,createToolResponse
FNDA:10,readFile
FNDA:9,createFile
FNDA:5,editFile
FNDA:9,deleteFile
FNDA:6,listFiles
FNDA:6,searchFiles
FNDA:1,escapeRegex
FNDA:1,collectFiles
FNDA:1,walkDirectory
FNDA:0,matchesPattern
FNDA:0,isBinaryFile
FNDA:7,executeCommand
FNDA:10,createTasks
FNDA:5,updateTasks
FNDA:15,executeTool
DA:1,1
DA:2,1
DA:3,1
DA:4,1
DA:5,1
DA:6,1
DA:8,1
DA:33,1
DA:37,1
DA:40,1
DA:43,1
DA:44,1
DA:45,1
DA:48,1
DA:53,1
DA:54,9
DA:56,9
DA:57,9
DA:58,9
DA:59,9
DA:60,9
DA:61,9
DA:62,9
DA:63,9
DA:64,9
DA:65,9
DA:66,9
DA:68,9
DA:70,9
DA:71,2
DA:72,2
DA:74,7
DA:75,7
DA:76,7
DA:77,6
DA:79,6
DA:80,1
DA:81,6
DA:82,0
DA:83,0
DA:84,6
DA:85,7
DA:87,9
DA:88,1
DA:89,1
DA:91,6
DA:92,9
DA:93,9
DA:98,1
DA:99,77
DA:101,77
DA:102,32
DA:103,21
DA:104,21
DA:105,32
DA:106,31
DA:107,31
DA:108,77
DA:109,45
DA:110,45
DA:111,1
DA:112,1
DA:113,45
DA:115,77
DA:116,77
DA:121,10
DA:122,10
DA:123,10
DA:126,10
DA:127,10
DA:128,10
DA:129,1
DA:130,1
DA:132,8
DA:133,10
DA:134,1
DA:135,1
DA:138,10
DA:139,1
DA:140,1
DA:142,6
DA:143,4
DA:146,10
DA:147,2
DA:148,2
DA:150,2
DA:151,2
DA:152,2
DA:154,2
DA:155,1
DA:156,1
DA:158,1
DA:159,1
DA:161,1
DA:162,1
DA:164,1
DA:165,2
DA:167,2
DA:168,2
DA:169,2
DA:170,2
DA:172,10
DA:173,3
DA:174,1
DA:175,1
DA:176,2
DA:177,2
DA:178,10
DA:183,9
DA:184,9
DA:185,9
DA:188,9
DA:189,9
DA:190,2
DA:191,2
DA:193,9
DA:194,2
DA:195,2
DA:196,1
DA:197,1
DA:198,1
DA:199,1
DA:200,9
DA:201,4
DA:202,4
DA:203,3
DA:204,4
DA:205,1
DA:206,1
DA:207,5
DA:208,1
DA:209,1
DA:211,9
DA:212,0
DA:213,0
DA:214,9
DA:220,5
DA:221,5
DA:222,5
DA:225,5
DA:228,4
DA:229,5
DA:230,1
DA:231,5
DA:232,3
DA:233,3
DA:236,4
DA:237,5
DA:238,3
DA:239,3
DA:240,3
DA:241,5
DA:242,1
DA:243,1
DA:245,5
DA:246,1
DA:247,1
DA:248,5
DA:253,9
DA:254,9
DA:255,9
DA:256,9
DA:259,9
DA:260,1
DA:261,1
DA:264,9
DA:265,1
DA:266,1
DA:268,7
DA:269,9
DA:270,1
DA:271,1
DA:273,6
DA:274,9
DA:276,2
DA:277,2
DA:278,1
DA:279,1
DA:280,2
DA:283,9
DA:284,2
DA:285,2
DA:286,2
DA:287,1
DA:289,9
DA:290,9
DA:292,9
DA:293,2
DA:294,2
DA:295,9
DA:300,6
DA:301,6
DA:302,6
DA:304,6
DA:305,6
DA:306,1
DA:307,1
DA:309,5
DA:310,6
DA:311,1
DA:312,1
DA:315,3
DA:317,2
DA:319,2
DA:320,2
DA:321,2
DA:322,6
DA:327,6
DA:328,6
DA:329,6
DA:330,6
DA:331,6
DA:332,6
DA:333,6
DA:334,6
DA:335,6
DA:336,6
DA:337,6
DA:338,6
DA:339,6
DA:340,6
DA:341,6
DA:344,6
DA:345,6
DA:346,1
DA:347,1
DA:349,5
DA:350,6
DA:351,1
DA:352,1
DA:355,2
DA:356,2
DA:358,6
DA:359,6
DA:362,6
DA:363,6
DA:364,6
DA:365,6
DA:366,0
DA:367,0
DA:368,6
DA:369,1
DA:370,1
DA:371,6
DA:373,0
DA:374,0
DA:375,0
DA:376,6
DA:377,6
DA:378,1
DA:379,1
DA:380,6
DA:381,1
DA:382,1
DA:383,1
DA:386,1
DA:388,1
DA:389,1
DA:390,1
DA:393,0
DA:394,0
DA:396,0
DA:397,0
DA:398,0
DA:399,0
DA:401,0
DA:402,0
DA:403,0
DA:404,0
DA:406,0
DA:407,0
DA:408,0
DA:410,0
DA:411,0
DA:412,0
DA:414,0
DA:415,0
DA:416,0
DA:417,0
DA:419,0
DA:420,0
DA:421,0
DA:422,0
DA:423,0
DA:424,0
DA:425,0
DA:426,0
DA:427,0
DA:428,0
DA:430,0
DA:431,0
DA:432,0
DA:434,0
DA:435,0
DA:436,0
DA:437,0
DA:438,0
DA:439,0
DA:440,0
DA:442,0
DA:444,0
DA:445,0
DA:446,0
DA:449,0
DA:450,0
DA:451,0
DA:452,0
DA:454,0
DA:455,0
DA:456,0
DA:457,0
DA:458,0
DA:459,0
DA:460,0
DA:461,0
DA:462,0
DA:463,0
DA:465,0
DA:466,0
DA:468,6
DA:469,2
DA:470,2
DA:471,6
DA:492,1
DA:493,1
DA:494,1
DA:497,1
DA:498,1
DA:499,1
DA:500,1
DA:501,1
DA:502,1
DA:503,1
DA:504,1
DA:506,1
DA:507,1
DA:508,1
DA:510,1
DA:511,0
DA:513,0
DA:515,0
DA:516,0
DA:517,0
DA:519,0
DA:520,0
DA:521,0
DA:522,0
DA:523,0
DA:525,0
DA:526,0
DA:527,0
DA:528,0
DA:529,0
DA:530,0
DA:533,0
DA:534,0
DA:535,0
DA:538,0
DA:539,0
DA:540,0
DA:543,0
DA:544,0
DA:545,0
DA:547,0
DA:548,0
DA:549,0
DA:550,1
DA:552,0
DA:553,1
DA:555,1
DA:556,1
DA:557,1
DA:560,0
DA:561,0
DA:564,0
DA:565,0
DA:566,0
DA:567,0
DA:569,0
DA:570,0
DA:573,0
DA:574,0
DA:575,0
DA:576,0
DA:577,0
DA:578,0
DA:579,0
DA:580,0
DA:582,0
DA:583,0
DA:584,0
DA:590,7
DA:591,7
DA:593,7
DA:594,1
DA:595,1
DA:597,6
DA:598,7
DA:599,2
DA:600,2
DA:601,2
DA:602,1
DA:603,1
DA:604,1
DA:605,1
DA:606,1
DA:608,5
DA:609,5
DA:610,7
DA:611,1
DA:612,7
DA:613,4
DA:614,4
DA:616,5
DA:617,4
DA:619,4
DA:620,4
DA:621,4
DA:622,4
DA:623,4
DA:625,7
DA:627,5
DA:628,1
DA:629,1
DA:630,5
DA:632,7
DA:633,2
DA:634,2
DA:635,0
DA:636,0
DA:637,2
DA:638,2
DA:639,7
DA:644,10
DA:645,10
DA:647,10
DA:648,14
DA:649,14
DA:650,1
DA:651,1
DA:654,14
DA:655,2
DA:656,2
DA:659,14
DA:660,1
DA:661,1
DA:662,14
DA:665,7
DA:666,7
DA:667,7
DA:668,7
DA:669,7
DA:673,7
DA:674,7
DA:675,7
DA:676,7
DA:677,7
DA:679,7
DA:680,7
DA:681,7
DA:682,7
DA:683,7
DA:685,10
DA:686,1
DA:687,1
DA:688,10
DA:693,5
DA:694,5
DA:695,5
DA:696,0
DA:697,0
DA:700,5
DA:705,5
DA:707,5
DA:708,5
DA:709,1
DA:710,1
DA:713,5
DA:714,1
DA:715,1
DA:718,3
DA:719,5
DA:720,4
DA:721,2
DA:722,2
DA:725,2
DA:726,1
DA:727,1
DA:730,2
DA:732,2
DA:733,2
DA:734,2
DA:735,2
DA:736,2
DA:737,2
DA:738,2
DA:739,2
DA:740,2
DA:741,4
DA:743,5
DA:744,1
DA:745,1
DA:746,5
DA:749,2
DA:750,2
DA:751,2
DA:752,2
DA:753,2
DA:755,2
DA:756,2
DA:757,2
DA:758,2
DA:759,2
DA:761,5
DA:762,0
DA:763,0
DA:764,5
DA:767,1
DA:768,1
DA:769,1
DA:770,1
DA:771,1
DA:772,1
DA:773,1
DA:774,1
DA:775,1
DA:776,1
DA:777,1
DA:782,15
DA:783,15
DA:784,1
DA:785,1
DA:787,14
DA:788,14
DA:791,14
DA:792,15
DA:793,5
DA:794,15
DA:795,2
DA:796,15
DA:797,1
DA:798,15
DA:799,1
DA:800,15
DA:801,1
DA:802,15
DA:803,1
DA:804,1
DA:805,1
DA:806,1
DA:807,1
DA:808,1
DA:809,1
DA:810,1
DA:811,1
DA:812,1
DA:813,1
DA:814,1
DA:815,1
DA:816,15
DA:817,1
DA:818,15
DA:819,1
DA:820,15
DA:821,1
DA:822,15
DA:823,0
DA:824,15
DA:825,15
DA:826,3
DA:827,1
DA:828,1
DA:829,2
DA:830,2
DA:831,15
LF:575
LH:451
BRDA:43,0,0,1
BRDA:53,1,0,9
BRDA:68,2,0,1
BRDA:70,3,0,2
BRDA:72,4,0,7
BRDA:87,5,0,1
BRDA:88,6,0,0
BRDA:89,7,0,6
BRDA:92,8,0,5
BRDA:92,9,0,1
BRDA:75,10,0,7
BRDA:76,11,0,6
BRDA:79,12,0,1
BRDA:81,13,0,5
BRDA:81,14,0,0
BRDA:81,15,0,0
BRDA:98,16,0,77
BRDA:101,17,0,32
BRDA:102,18,0,21
BRDA:105,19,0,31
BRDA:108,20,0,45
BRDA:110,21,0,1
BRDA:121,22,0,10
BRDA:127,23,0,8
BRDA:128,24,0,1
BRDA:130,25,0,8
BRDA:133,26,0,1
BRDA:135,27,0,7
BRDA:138,28,0,1
BRDA:140,29,0,6
BRDA:142,30,0,4
BRDA:146,31,0,2
BRDA:154,32,0,1
BRDA:172,33,0,3
BRDA:173,34,0,1
BRDA:175,35,0,2
BRDA:183,36,0,9
BRDA:189,37,0,3
BRDA:189,38,0,2
BRDA:191,39,0,7
BRDA:193,40,0,2
BRDA:195,41,0,1
BRDA:200,42,0,5
BRDA:200,43,0,4
BRDA:202,44,0,3
BRDA:204,45,0,1
BRDA:207,46,0,1
BRDA:211,47,0,0
BRDA:188,48,0,3
BRDA:188,49,0,6
BRDA:220,50,0,5
BRDA:225,51,0,4
BRDA:229,52,0,1
BRDA:231,53,0,3
BRDA:233,54,0,4
BRDA:237,55,0,3
BRDA:238,56,0,1
BRDA:239,57,0,2
BRDA:241,58,0,1
BRDA:245,59,0,1
BRDA:253,60,0,9
BRDA:259,61,0,1
BRDA:261,62,0,8
BRDA:264,63,0,1
BRDA:266,64,0,7
BRDA:269,65,0,1
BRDA:271,66,0,6
BRDA:274,67,0,3
BRDA:274,68,0,2
BRDA:277,69,0,1
BRDA:280,70,0,4
BRDA:283,71,0,2
BRDA:286,72,0,1
BRDA:287,73,0,3
BRDA:289,74,0,2
BRDA:289,75,0,1
BRDA:292,76,0,2
BRDA:268,77,0,6
BRDA:268,78,0,1
BRDA:300,79,0,6
BRDA:305,80,0,1
BRDA:307,81,0,5
BRDA:310,82,0,1
BRDA:312,83,0,3
BRDA:315,84,0,2
BRDA:304,85,0,5
BRDA:304,86,0,1
BRDA:327,87,0,6
BRDA:345,88,0,1
BRDA:347,89,0,5
BRDA:349,90,0,4
BRDA:350,91,0,1
BRDA:352,92,0,2
BRDA:359,93,0,2
BRDA:365,94,0,0
BRDA:368,95,0,1
BRDA:369,96,0,0
BRDA:371,97,0,0
BRDA:376,98,0,1
BRDA:377,99,0,1
BRDA:378,100,0,0
BRDA:380,101,0,1
BRDA:390,102,0,0
BRDA:468,103,0,2
BRDA:344,104,0,5
BRDA:344,105,0,1
BRDA:492,106,0,1
BRDA:497,107,0,1
BRDA:506,108,0,1
BRDA:510,109,0,0
BRDA:550,110,0,0
BRDA:590,111,0,7
BRDA:593,112,0,1
BRDA:595,113,0,6
BRDA:598,114,0,2
BRDA:601,115,0,1
BRDA:606,116,0,5
BRDA:610,117,0,1
BRDA:612,118,0,4
BRDA:614,119,0,5
BRDA:616,120,0,4
BRDA:625,121,0,5
BRDA:627,122,0,1
BRDA:632,123,0,2
BRDA:633,124,0,0
BRDA:634,125,0,0
BRDA:600,126,0,1
BRDA:600,127,0,1
BRDA:644,128,0,10
BRDA:647,129,0,14
BRDA:649,130,0,13
BRDA:649,131,0,1
BRDA:651,132,0,13
BRDA:654,133,0,2
BRDA:656,134,0,13
BRDA:659,135,0,1
BRDA:662,136,0,7
BRDA:685,137,0,1
BRDA:675,138,0,12
BRDA:693,139,0,5
BRDA:695,140,0,0
BRDA:708,141,0,4
BRDA:708,142,0,1
BRDA:710,143,0,4
BRDA:713,144,0,1
BRDA:715,145,0,3
BRDA:719,146,0,4
BRDA:720,147,0,2
BRDA:725,148,0,1
BRDA:741,149,0,3
BRDA:743,150,0,1
BRDA:746,151,0,2
BRDA:761,152,0,0
BRDA:751,153,0,3
BRDA:782,154,0,15
BRDA:783,155,0,1
BRDA:785,156,0,14
BRDA:792,157,0,5
BRDA:794,158,0,2
BRDA:796,159,0,1
BRDA:798,160,0,1
BRDA:800,161,0,1
BRDA:802,162,0,1
BRDA:816,163,0,1
BRDA:818,164,0,1
BRDA:820,165,0,1
BRDA:822,166,0,0
BRDA:825,167,0,3
BRDA:826,168,0,1
BRDA:828,169,0,2
BRF:170
BRH:154
end_of_record
TN:
SF:src/tools/validators.ts
FN:7,setReadFilesTracker
FN:12,validateReadBeforeEdit
FN:21,getReadBeforeEditError
FNF:3
FNH:3
FNDA:13,setReadFilesTracker
FNDA:9,validateReadBeforeEdit
FNDA:2,getReadBeforeEditError
DA:1,1
DA:5,1
DA:7,1
DA:8,13
DA:9,13
DA:12,1
DA:13,9
DA:14,2
DA:15,2
DA:17,7
DA:18,7
DA:19,7
DA:21,1
DA:22,2
DA:23,2
LF:15
LH:15
BRDA:7,0,0,13
BRDA:12,1,0,9
BRDA:13,2,0,2
BRDA:15,3,0,7
BRDA:21,4,0,2
BRF:5
BRH:5
end_of_record
TN:
SF:src/ui/App.tsx
FN:10,App
FNF:1
FNH:1
FNDA:23,App
DA:1,1
DA:2,1
DA:4,1
DA:10,23
DA:11,23
DA:13,23
DA:14,11
DA:15,23
DA:17,23
DA:18,23
DA:19,23
DA:20,12
DA:22,11
DA:23,11
DA:24,11
DA:26,23
DA:28,23
LF:17
LH:17
BRDA:10,0,0,23
BRDA:19,1,0,12
BRDA:20,2,0,11
BRDA:13,3,0,11
BRF:4
BRH:4
end_of_record
TN:
SF:src/ui/components/core/Chat.tsx
FN:19,Chat
FN:100,handleSendMessage
FN:122,handleApproval
FN:126,handleLogin
FN:136,handleLoginCancel
FN:144,handleModelSelect
FN:156,handleModelCancel
FN:187,onApprove
FN:188,onReject
FN:189,onApproveWithAutoSession
FN:194,onContinue
FN:195,onStop
FNF:12
FNH:5
FNDA:23,Chat
FNDA:1,handleSendMessage
FNDA:3,handleApproval
FNDA:0,handleLogin
FNDA:0,handleLoginCancel
FNDA:0,handleModelSelect
FNDA:0,handleModelCancel
FNDA:1,onApprove
FNDA:1,onReject
FNDA:0,onApproveWithAutoSession
FNDA:0,onContinue
FNDA:0,onStop
DA:1,1
DA:2,1
DA:4,1
DA:5,1
DA:6,1
DA:7,1
DA:8,1
DA:9,1
DA:10,1
DA:11,1
DA:12,1
DA:13,1
DA:19,23
DA:20,23
DA:21,23
DA:22,23
DA:23,23
DA:24,23
DA:25,23
DA:26,23
DA:27,23
DA:28,23
DA:29,23
DA:30,23
DA:31,23
DA:32,23
DA:33,23
DA:35,23
DA:36,23
DA:37,23
DA:38,23
DA:39,23
DA:40,23
DA:41,23
DA:42,23
DA:44,23
DA:45,23
DA:46,23
DA:47,23
DA:48,23
DA:49,23
DA:50,23
DA:51,23
DA:52,23
DA:53,23
DA:54,23
DA:55,23
DA:56,23
DA:57,23
DA:58,23
DA:59,23
DA:60,23
DA:61,23
DA:62,23
DA:64,23
DA:65,23
DA:66,23
DA:67,23
DA:68,23
DA:71,23
DA:72,4
DA:73,1
DA:74,1
DA:75,4
DA:76,1
DA:77,1
DA:78,4
DA:80,2
DA:81,1
DA:82,1
DA:84,1
DA:85,1
DA:86,1
DA:88,0
DA:89,0
DA:90,0
DA:91,2
DA:92,23
DA:95,23
DA:96,16
DA:97,23
DA:100,23
DA:101,1
DA:102,1
DA:105,1
DA:106,0
DA:107,0
DA:108,0
DA:109,0
DA:110,0
DA:111,0
DA:112,0
DA:113,0
DA:114,0
DA:115,0
DA:118,1
DA:119,1
DA:120,1
DA:122,23
DA:123,3
DA:124,3
DA:126,23
DA:127,0
DA:129,0
DA:130,0
DA:131,0
DA:132,0
DA:133,0
DA:134,0
DA:136,23
DA:137,0
DA:138,0
DA:139,0
DA:140,0
DA:141,0
DA:142,0
DA:144,23
DA:145,0
DA:147,0
DA:149,0
DA:150,0
DA:151,0
DA:152,0
DA:153,0
DA:154,0
DA:156,23
DA:157,0
DA:158,0
DA:159,0
DA:160,0
DA:161,0
DA:162,0
DA:164,23
DA:165,23
DA:167,23
DA:168,23
DA:169,23
DA:172,23
DA:173,23
DA:174,23
DA:175,23
DA:176,23
DA:177,23
DA:178,23
DA:179,23
DA:182,23
DA:183,23
DA:184,10
DA:185,10
DA:186,10
DA:187,10
DA:188,10
DA:189,10
DA:190,10
DA:191,13
DA:192,1
DA:193,1
DA:194,1
DA:195,1
DA:196,1
DA:197,12
DA:198,0
DA:199,0
DA:200,0
DA:201,0
DA:202,12
DA:203,0
DA:204,0
DA:205,0
DA:206,0
DA:207,0
DA:208,12
DA:209,10
DA:210,10
DA:211,10
DA:212,10
DA:213,10
DA:214,10
DA:215,10
DA:217,2
DA:218,2
DA:219,2
DA:221,23
DA:223,23
DA:224,23
DA:225,23
DA:226,23
DA:227,23
DA:228,23
DA:229,23
DA:230,23
DA:231,23
DA:232,23
DA:233,23
DA:234,23
DA:235,23
DA:237,23
LF:197
LH:148
BRDA:19,0,0,23
BRDA:183,1,0,10
BRDA:190,2,0,13
BRDA:191,3,0,1
BRDA:196,4,0,12
BRDA:197,5,0,0
BRDA:202,6,0,0
BRDA:208,7,0,10
BRDA:215,8,0,2
BRDA:226,9,0,0
BRDA:231,10,0,0
BRDA:71,11,0,4
BRDA:72,12,0,1
BRDA:72,13,0,1
BRDA:75,14,0,1
BRDA:75,15,0,1
BRDA:78,16,0,2
BRDA:80,17,0,1
BRDA:86,18,0,0
BRDA:95,19,0,16
BRDA:96,20,0,14
BRDA:96,21,0,9
BRDA:96,22,0,9
BRDA:100,23,0,1
BRDA:105,24,0,0
BRDA:122,25,0,3
BRDA:187,26,0,1
BRDA:188,27,0,1
BRF:28
BRH:22
end_of_record
TN:
SF:src/ui/components/core/MessageHistory.tsx
FN:12,MessageHistory
FN:22,formatTimestamp
FN:30,renderMessage
FNF:3
FNH:3
FNDA:18,MessageHistory
FNDA:19,formatTimestamp
FNDA:19,renderMessage
DA:1,1
DA:2,1
DA:4,1
DA:5,1
DA:12,18
DA:13,18
DA:16,18
DA:17,18
DA:18,0
DA:19,0
DA:20,18
DA:22,18
DA:23,19
DA:24,19
DA:25,19
DA:26,19
DA:27,19
DA:28,19
DA:30,18
DA:31,19
DA:33,19
DA:34,19
DA:35,4
DA:36,4
DA:37,4
DA:38,4
DA:39,4
DA:42,19
DA:43,12
DA:44,12
DA:45,12
DA:47,12
DA:48,2
DA:49,2
DA:50,2
DA:51,2
DA:52,2
DA:55,12
DA:56,11
DA:57,11
DA:58,1
DA:59,1
DA:60,1
DA:61,1
DA:63,11
DA:64,1
DA:65,1
DA:66,1
DA:67,1
DA:69,11
DA:70,2
DA:71,2
DA:72,2
DA:73,2
DA:74,2
DA:75,2
DA:76,1
DA:77,2
DA:78,1
DA:79,2
DA:80,0
DA:81,2
DA:82,0
DA:83,2
DA:84,2
DA:85,2
DA:87,11
DA:88,7
DA:89,11
DA:90,11
DA:91,12
DA:94,19
DA:95,1
DA:96,1
DA:97,1
DA:98,1
DA:99,1
DA:100,1
DA:103,19
DA:104,0
DA:105,0
DA:106,0
DA:107,0
DA:108,0
DA:110,0
DA:111,0
DA:112,0
DA:113,0
DA:114,0
DA:117,19
DA:118,2
DA:119,2
DA:120,2
DA:121,2
DA:122,2
DA:123,2
DA:125,19
DA:126,19
DA:128,18
DA:129,18
DA:130,18
DA:131,1
DA:132,1
DA:134,1
DA:135,1
DA:137,1
DA:138,1
DA:140,17
DA:142,18
DA:144,18
LF:110
LH:96
BRDA:12,0,0,18
BRDA:130,1,0,1
BRDA:138,2,0,17
BRDA:16,3,0,18
BRDA:17,4,0,0
BRDA:22,5,0,19
BRDA:30,6,0,19
BRDA:34,7,0,4
BRDA:42,8,0,12
BRDA:47,9,0,3
BRDA:47,10,0,2
BRDA:55,11,0,11
BRDA:94,12,0,1
BRDA:103,13,0,0
BRDA:117,14,0,2
BRDA:125,15,0,0
BRDA:55,16,0,11
BRDA:57,17,0,1
BRDA:63,18,0,1
BRDA:65,19,0,0
BRDA:69,20,0,2
BRDA:87,21,0,7
BRDA:89,22,0,0
BRDA:73,23,0,2
BRDA:75,24,0,1
BRDA:77,25,0,1
BRDA:79,26,0,0
BRDA:81,27,0,0
BRF:28
BRH:21
end_of_record
TN:
SF:src/ui/components/core/MessageInput.tsx
FN:14,MessageInput
FN:174,onSelect
FNF:2
FNH:1
FNDA:31,MessageInput
FNDA:0,onSelect
DA:1,1
DA:2,1
DA:3,1
DA:4,1
DA:14,31
DA:15,31
DA:16,31
DA:17,31
DA:18,31
DA:19,31
DA:20,31
DA:21,31
DA:22,31
DA:23,31
DA:24,31
DA:26,31
DA:27,31
DA:30,31
DA:31,29
DA:32,12
DA:34,12
DA:35,12
DA:36,29
DA:37,0
DA:38,0
DA:39,31
DA:41,31
DA:42,50
DA:43,3
DA:45,1
DA:46,1
DA:47,1
DA:48,5
DA:49,1
DA:50,1
DA:51,1
DA:52,1
DA:53,1
DA:54,1
DA:55,2
DA:56,2
DA:57,2
DA:59,50
DA:60,6
DA:61,1
DA:62,6
DA:64,5
DA:65,5
DA:66,5
DA:68,5
DA:69,5
DA:70,5
DA:71,5
DA:72,5
DA:73,5
DA:74,5
DA:75,5
DA:76,0
DA:77,0
DA:78,6
DA:79,6
DA:81,50
DA:82,2
DA:83,1
DA:84,1
DA:85,1
DA:86,5
DA:87,1
DA:88,1
DA:89,1
DA:91,0
DA:92,0
DA:93,0
DA:94,0
DA:95,0
DA:96,0
DA:97,0
DA:99,0
DA:100,0
DA:101,0
DA:102,0
DA:103,1
DA:104,1
DA:105,1
DA:106,2
DA:107,2
DA:109,50
DA:110,12
DA:111,12
DA:112,12
DA:114,50
DA:115,14
DA:116,14
DA:117,14
DA:119,50
DA:120,3
DA:121,3
DA:122,3
DA:123,3
DA:124,3
DA:125,3
DA:126,3
DA:127,3
DA:128,3
DA:130,50
DA:132,1
DA:133,1
DA:136,50
DA:137,8
DA:138,8
DA:139,8
DA:140,8
DA:141,8
DA:142,8
DA:143,8
DA:144,31
DA:146,31
DA:147,31
DA:149,31
DA:150,31
DA:151,31
DA:152,31
DA:153,31
DA:154,31
DA:155,14
DA:156,14
DA:157,14
DA:158,14
DA:160,17
DA:161,17
DA:162,17
DA:163,17
DA:164,17
DA:165,17
DA:166,17
DA:168,31
DA:169,31
DA:170,31
DA:171,4
DA:172,4
DA:173,4
DA:174,4
DA:175,4
DA:177,31
DA:179,31
LF:145
LH:130
BRDA:14,0,0,31
BRDA:146,1,0,14
BRDA:154,2,0,14
BRDA:158,3,0,17
BRDA:163,4,0,0
BRDA:170,5,0,4
BRDA:30,6,0,29
BRDA:31,7,0,12
BRDA:36,8,0,17
BRDA:36,9,0,0
BRDA:41,10,0,50
BRDA:42,11,0,3
BRDA:43,12,0,1
BRDA:51,13,0,0
BRDA:54,14,0,2
BRDA:57,15,0,47
BRDA:59,16,0,6
BRDA:60,17,0,1
BRDA:62,18,0,5
BRDA:75,19,0,0
BRDA:79,20,0,41
BRDA:81,21,0,2
BRDA:82,22,0,1
BRDA:89,23,0,0
BRDA:107,24,0,39
BRDA:109,25,0,12
BRDA:112,26,0,27
BRDA:114,27,0,14
BRDA:117,28,0,13
BRDA:119,29,0,11
BRDA:119,30,0,3
BRDA:128,31,0,10
BRDA:130,32,0,1
BRDA:133,33,0,9
BRDA:136,34,0,8
BRDA:136,35,0,8
BRDA:47,36,0,5
BRDA:61,37,0,1
BRDA:85,38,0,5
BRDA:88,39,0,1
BRDA:110,40,0,3
BRDA:115,41,0,14
BRDA:123,42,0,2
BRDA:140,43,0,3
BRF:44
BRH:39
end_of_record
TN:
SF:src/ui/components/display/DiffPreview.tsx
FN:26,DiffPreview
FN:35,generateDiff
FN:144,renderDiffLine
FN:227,computeLCS
FN:245,generateUnifiedDiff
FN:377,parseDiffIntoChunks
FNF:6
FNH:6
FNDA:51,DiffPreview
FNDA:27,generateDiff
FNDA:74,renderDiffLine
FNDA:16,computeLCS
FNDA:25,generateUnifiedDiff
FNDA:16,parseDiffIntoChunks
DA:1,1
DA:2,1
DA:3,1
DA:4,1
DA:5,1
DA:26,51
DA:27,51
DA:28,51
DA:29,51
DA:31,51
DA:32,27
DA:33,51
DA:35,51
DA:36,27
DA:37,27
DA:38,27
DA:41,27
DA:42,19
DA:43,1
DA:44,1
DA:45,1
DA:46,19
DA:48,26
DA:49,27
DA:50,1
DA:51,1
DA:52,1
DA:54,25
DA:55,25
DA:57,27
DA:59,4
DA:61,2
DA:62,2
DA:63,2
DA:65,1
DA:66,1
DA:67,1
DA:69,1
DA:70,1
DA:71,1
DA:72,27
DA:74,21
DA:77,21
DA:78,21
DA:79,21
DA:80,21
DA:82,2
DA:84,21
DA:87,21
DA:89,17
DA:92,8
DA:93,1
DA:94,0
DA:95,1
DA:96,1
DA:97,1
DA:98,1
DA:99,8
DA:101,7
DA:102,7
DA:103,17
DA:105,9
DA:106,1
DA:107,9
DA:108,8
DA:109,8
DA:110,9
DA:111,21
DA:113,4
DA:114,4
DA:115,21
DA:118,25
DA:119,25
DA:120,25
DA:121,25
DA:122,25
DA:123,25
DA:124,25
DA:125,25
DA:126,25
DA:128,27
DA:129,9
DA:130,9
DA:131,9
DA:134,16
DA:135,16
DA:137,27
DA:138,0
DA:139,27
DA:140,27
DA:141,27
DA:142,27
DA:144,51
DA:145,74
DA:146,0
DA:147,0
DA:148,0
DA:149,0
DA:151,74
DA:152,16
DA:153,16
DA:154,16
DA:155,16
DA:157,74
DA:158,18
DA:159,18
DA:160,18
DA:161,18
DA:163,58
DA:164,19
DA:165,19
DA:166,19
DA:167,19
DA:169,40
DA:170,21
DA:171,21
DA:172,21
DA:173,21
DA:175,21
DA:176,0
DA:177,0
DA:178,0
DA:179,0
DA:181,0
DA:182,74
DA:184,51
DA:185,27
DA:186,27
DA:187,27
DA:188,27
DA:190,27
DA:192,51
DA:193,2
DA:194,2
DA:195,2
DA:196,2
DA:198,2
DA:200,51
DA:201,6
DA:202,6
DA:203,6
DA:204,6
DA:206,6
DA:208,16
DA:209,16
DA:210,16
DA:211,16
DA:212,16
DA:213,16
DA:214,0
DA:216,16
DA:217,16
DA:218,16
DA:219,16
DA:221,16
DA:227,16
DA:228,16
DA:229,16
DA:230,16
DA:232,16
DA:233,1033
DA:234,1000104
DA:235,999017
DA:236,1000104
DA:237,1087
DA:238,1087
DA:239,1000104
DA:240,1033
DA:242,16
DA:243,16
DA:245,25
DA:246,25
DA:247,25
DA:248,25
DA:249,25
DA:250,25
DA:251,25
DA:252,25
DA:254,25
DA:255,9
DA:256,9
DA:259,16
DA:262,16
DA:264,16
DA:265,16
DA:267,25
DA:268,1051
DA:269,1014
DA:270,1014
DA:271,1014
DA:272,1051
DA:273,18
DA:274,18
DA:275,37
DA:276,19
DA:277,19
DA:278,19
DA:279,1051
DA:282,16
DA:285,16
DA:287,16
DA:289,25
DA:290,1041
DA:292,1041
DA:294,37
DA:295,16
DA:296,16
DA:297,16
DA:299,16
DA:300,16
DA:301,16
DA:302,16
DA:303,16
DA:304,16
DA:305,16
DA:306,37
DA:308,21
DA:309,21
DA:310,1041
DA:312,7
DA:315,7
DA:316,7
DA:317,10
DA:318,10
DA:319,10
DA:320,10
DA:321,0
DA:322,0
DA:323,10
DA:326,7
DA:327,7
DA:328,4
DA:329,0
DA:330,0
DA:331,0
DA:332,4
DA:334,7
DA:336,7
DA:337,7
DA:339,7
DA:340,7
DA:341,7
DA:342,7
DA:343,7
DA:344,1041
DA:347,25
DA:348,9
DA:349,9
DA:350,9
DA:351,9
DA:354,16
DA:355,16
DA:357,16
DA:358,16
DA:360,16
DA:361,58
DA:362,21
DA:363,58
DA:364,19
DA:365,37
DA:366,18
DA:367,18
DA:368,58
DA:369,16
DA:371,16
DA:372,16
DA:377,16
DA:378,16
DA:379,16
DA:381,16
DA:382,106
DA:384,16
DA:385,0
DA:386,0
DA:387,16
DA:388,106
DA:389,58
DA:390,58
DA:391,106
DA:393,16
DA:394,16
DA:395,16
DA:397,16
DA:398,16
LF:284
LH:265
BRDA:26,0,0,51
BRDA:184,1,0,27
BRDA:190,2,0,24
BRDA:192,3,0,2
BRDA:198,4,0,22
BRDA:200,5,0,6
BRDA:206,6,0,16
BRDA:31,7,0,27
BRDA:35,8,0,27
BRDA:41,9,0,23
BRDA:41,10,0,20
BRDA:41,11,0,19
BRDA:42,12,0,1
BRDA:46,13,0,26
BRDA:49,14,0,1
BRDA:52,15,0,25
BRDA:57,16,0,4
BRDA:59,17,0,2
BRDA:59,18,0,2
BRDA:63,19,0,1
BRDA:72,20,0,21
BRDA:79,21,0,19
BRDA:80,22,0,2
BRDA:87,23,0,17
BRDA:87,24,0,17
BRDA:89,25,0,8
BRDA:92,26,0,1
BRDA:93,27,0,0
BRDA:99,28,0,7
BRDA:103,29,0,9
BRDA:105,30,0,1
BRDA:107,31,0,8
BRDA:111,32,0,4
BRDA:113,33,0,0
BRDA:115,34,0,25
BRDA:128,35,0,9
BRDA:131,36,0,16
BRDA:137,37,0,0
BRDA:139,38,0,16
BRDA:144,39,0,74
BRDA:145,40,0,0
BRDA:151,41,0,16
BRDA:157,42,0,58
BRDA:157,43,0,18
BRDA:163,44,0,40
BRDA:163,45,0,19
BRDA:169,46,0,21
BRDA:175,47,0,0
BRDA:211,48,0,16
BRDA:212,49,0,0
BRDA:213,50,0,0
BRDA:216,51,0,74
BRDA:227,52,0,16
BRDA:232,53,0,1033
BRDA:233,54,0,1000104
BRDA:234,55,0,999017
BRDA:236,56,0,1087
BRDA:230,57,0,1049
BRDA:245,58,0,25
BRDA:254,59,0,9
BRDA:256,60,0,16
BRDA:267,61,0,1051
BRDA:268,62,0,1035
BRDA:268,63,0,1014
BRDA:272,64,0,37
BRDA:272,65,0,21
BRDA:272,66,0,18
BRDA:275,67,0,19
BRDA:275,68,0,3
BRDA:279,69,0,16
BRDA:289,70,0,1041
BRDA:292,71,0,37
BRDA:294,72,0,16
BRDA:296,73,0,0
BRDA:297,74,0,3
BRDA:297,75,0,13
BRDA:306,76,0,21
BRDA:310,77,0,1004
BRDA:310,78,0,7
BRDA:316,79,0,11
BRDA:316,80,0,10
BRDA:320,81,0,0
BRDA:327,82,0,4
BRDA:328,83,0,0
BRDA:347,84,0,9
BRDA:351,85,0,16
BRDA:360,86,0,58
BRDA:361,87,0,21
BRDA:363,88,0,37
BRDA:363,89,0,19
BRDA:365,90,0,18
BRDA:336,91,0,37
BRDA:336,92,0,16
BRDA:337,93,0,37
BRDA:337,94,0,16
BRDA:348,95,0,21
BRDA:349,96,0,21
BRDA:377,97,0,16
BRDA:381,98,0,106
BRDA:382,99,0,16
BRDA:384,100,0,0
BRDA:388,101,0,90
BRDA:388,102,0,58
BRF:103
BRH:92
end_of_record
TN:
SF:src/ui/components/display/TokenMetrics.tsx
FN:13,TokenMetrics
FN:32,updateDisplay
FN:80,getElapsedTime
FN:84,getStatusText
FNF:4
FNH:4
FNDA:25,TokenMetrics
FNDA:71,updateDisplay
FNDA:24,getElapsedTime
FNDA:18,getStatusText
DA:1,1
DA:2,1
DA:13,25
DA:14,25
DA:15,25
DA:16,25
DA:17,25
DA:18,25
DA:19,25
DA:20,25
DA:21,25
DA:22,25
DA:24,25
DA:27,25
DA:28,17
DA:29,7
DA:30,7
DA:32,10
DA:33,71
DA:34,1
DA:35,1
DA:36,1
DA:39,70
DA:40,70
DA:41,71
DA:44,10
DA:46,10
DA:47,10
DA:48,25
DA:51,25
DA:52,14
DA:53,7
DA:54,7
DA:55,25
DA:58,25
DA:59,14
DA:60,7
DA:61,7
DA:63,7
DA:64,3
DA:65,3
DA:66,3
DA:67,7
DA:69,7
DA:70,25
DA:73,25
DA:74,17
DA:75,3
DA:76,3
DA:77,3
DA:78,25
DA:80,25
DA:81,24
DA:82,24
DA:84,25
DA:85,18
DA:86,16
DA:87,0
DA:88,18
DA:91,25
DA:92,1
DA:93,1
DA:95,24
DA:96,24
DA:97,24
DA:98,24
DA:99,24
DA:100,25
DA:101,18
DA:102,18
DA:103,18
DA:105,25
DA:106,25
DA:108,25
LF:74
LH:73
BRDA:13,0,0,25
BRDA:91,1,0,7
BRDA:91,2,0,1
BRDA:93,3,0,24
BRDA:100,4,0,6
BRDA:100,5,0,18
BRDA:101,6,0,2
BRDA:101,7,0,16
BRDA:27,8,0,17
BRDA:28,9,0,12
BRDA:28,10,0,7
BRDA:30,11,0,10
BRDA:32,12,0,71
BRDA:33,13,0,1
BRDA:36,14,0,70
BRDA:47,15,0,10
BRDA:51,16,0,14
BRDA:52,17,0,9
BRDA:52,18,0,7
BRDA:58,19,0,14
BRDA:59,20,0,9
BRDA:59,21,0,7
BRDA:63,22,0,3
BRDA:64,23,0,3
BRDA:69,24,0,7
BRDA:73,25,0,17
BRDA:74,26,0,5
BRDA:74,27,0,3
BRDA:74,28,0,3
BRDA:80,29,0,24
BRDA:84,30,0,18
BRDA:85,31,0,2
BRDA:85,32,0,16
BRDA:86,33,0,0
BRF:34
BRH:33
end_of_record
TN:
SF:src/ui/components/display/ToolHistoryItem.tsx
FN:10,ToolHistoryItem
FN:13,getStatusIcon
FN:26,getStatusColor
FN:40,shouldShowDiff
FN:45,renderResult
FNF:5
FNH:5
FNDA:19,ToolHistoryItem
FNDA:19,getStatusIcon
FNDA:38,getStatusColor
FNDA:19,shouldShowDiff
FNDA:3,renderResult
DA:1,1
DA:3,1
DA:4,1
DA:10,19
DA:11,19
DA:13,19
DA:14,19
DA:15,19
DA:16,15
DA:17,19
DA:18,2
DA:19,19
DA:20,0
DA:21,19
DA:22,2
DA:23,19
DA:24,19
DA:26,19
DA:27,38
DA:28,38
DA:29,30
DA:30,38
DA:31,4
DA:32,38
DA:33,0
DA:34,38
DA:35,4
DA:36,38
DA:37,38
DA:40,19
DA:41,19
DA:42,19
DA:45,19
DA:46,3
DA:49,3
DA:50,0
DA:51,0
DA:52,0
DA:53,0
DA:55,0
DA:56,0
DA:57,0
DA:58,0
DA:59,0
DA:60,0
DA:61,0
DA:62,0
DA:63,0
DA:64,0
DA:65,0
DA:66,0
DA:67,0
DA:68,0
DA:69,0
DA:71,0
DA:72,0
DA:73,0
DA:74,0
DA:76,0
DA:77,0
DA:79,0
DA:81,0
DA:84,3
DA:85,0
DA:86,0
DA:87,0
DA:88,0
DA:90,0
DA:93,3
DA:94,0
DA:95,0
DA:98,3
DA:99,0
DA:100,0
DA:103,3
DA:104,3
DA:105,3
DA:106,3
DA:108,3
DA:110,19
DA:111,19
DA:112,19
DA:113,19
DA:114,19
DA:115,19
DA:116,19
DA:118,19
DA:119,0
DA:120,0
DA:121,0
DA:122,0
DA:123,0
DA:124,0
DA:125,0
DA:126,0
DA:128,0
DA:129,0
DA:130,19
DA:131,2
DA:132,2
DA:133,2
DA:134,2
DA:135,2
DA:136,17
DA:138,19
DA:139,3
DA:140,3
DA:141,3
DA:142,3
DA:143,3
DA:144,3
DA:145,3
DA:148,19
DA:149,13
DA:150,13
DA:151,4
DA:152,4
DA:153,3
DA:154,3
DA:155,3
DA:157,4
DA:158,1
DA:159,1
DA:160,1
DA:162,4
DA:164,9
DA:165,9
DA:166,9
DA:168,13
DA:171,19
DA:172,2
DA:173,2
DA:175,2
DA:176,1
DA:177,1
DA:178,1
DA:180,2
DA:181,2
DA:184,19
DA:185,0
DA:186,0
DA:188,0
DA:189,0
DA:191,19
DA:193,19
LF:145
LH:93
BRDA:10,0,0,19
BRDA:118,1,0,0
BRDA:118,2,0,0
BRDA:130,3,0,2
BRDA:135,4,0,17
BRDA:138,5,0,3
BRDA:138,6,0,3
BRDA:148,7,0,15
BRDA:148,8,0,13
BRDA:150,9,0,4
BRDA:152,10,0,3
BRDA:152,11,0,3
BRDA:157,12,0,1
BRDA:157,13,0,1
BRDA:157,14,0,1
BRDA:162,15,0,9
BRDA:171,16,0,2
BRDA:175,17,0,1
BRDA:184,18,0,0
BRDA:13,19,0,19
BRDA:15,20,0,15
BRDA:17,21,0,2
BRDA:19,22,0,0
BRDA:21,23,0,2
BRDA:26,24,0,38
BRDA:28,25,0,30
BRDA:30,26,0,4
BRDA:32,27,0,0
BRDA:34,28,0,4
BRDA:40,29,0,19
BRDA:45,30,0,3
BRDA:49,31,0,0
BRDA:49,32,0,0
BRDA:84,33,0,0
BRDA:93,34,0,0
BRDA:98,35,0,0
BRDA:105,36,0,0
BRF:37
BRH:26
end_of_record
TN:
SF:src/ui/components/input-overlays/Login.tsx
FN:9,Login
FNF:1
FNH:1
FNDA:21,Login
DA:1,1
DA:2,1
DA:9,21
DA:10,21
DA:12,21
DA:13,20
DA:14,2
DA:15,0
DA:16,0
DA:17,2
DA:18,2
DA:20,20
DA:21,3
DA:22,3
DA:23,3
DA:25,20
DA:26,2
DA:27,2
DA:28,2
DA:30,20
DA:31,1
DA:32,1
DA:33,1
DA:36,20
DA:37,10
DA:38,10
DA:39,21
DA:41,21
DA:42,21
DA:43,21
DA:44,21
DA:45,21
DA:47,21
DA:48,21
DA:49,21
DA:50,21
DA:51,21
DA:53,21
DA:54,21
DA:55,21
DA:56,21
DA:57,21
DA:58,21
DA:59,21
DA:60,21
DA:61,21
DA:63,21
LF:47
LH:45
BRDA:9,0,0,21
BRDA:57,1,0,0
BRDA:12,2,0,20
BRDA:13,3,0,2
BRDA:14,4,0,0
BRDA:18,5,0,18
BRDA:20,6,0,3
BRDA:23,7,0,15
BRDA:25,8,0,14
BRDA:25,9,0,2
BRDA:28,10,0,13
BRDA:30,11,0,2
BRDA:30,12,0,1
BRDA:33,13,0,12
BRDA:36,14,0,11
BRDA:36,15,0,10
BRDA:26,16,0,2
BRDA:37,17,0,8
BRF:18
BRH:16
end_of_record
TN:
SF:src/ui/components/input-overlays/MaxIterationsContinue.tsx
FN:10,MaxIterationsContinue
FNF:1
FNH:1
FNDA:36,MaxIterationsContinue
DA:1,1
DA:2,1
DA:10,36
DA:11,36
DA:12,36
DA:13,36
DA:14,36
DA:15,36
DA:18,36
DA:19,25
DA:20,36
DA:23,36
DA:24,18
DA:25,3
DA:26,18
DA:27,9
DA:28,15
DA:29,4
DA:30,3
DA:31,4
DA:32,1
DA:33,1
DA:34,6
DA:35,1
DA:36,1
DA:37,36
DA:39,36
DA:40,36
DA:42,36
DA:43,36
DA:44,36
DA:47,36
DA:48,36
DA:49,36
DA:51,36
DA:52,36
DA:55,36
DA:56,36
DA:58,36
DA:59,36
DA:60,36
DA:61,36
DA:62,36
DA:63,36
DA:64,36
DA:66,36
DA:67,36
DA:68,36
DA:69,36
DA:70,36
DA:71,36
DA:72,36
DA:73,36
DA:74,36
DA:76,36
LF:55
LH:55
BRDA:10,0,0,36
BRDA:60,1,0,29
BRDA:60,2,0,7
BRDA:61,3,0,29
BRDA:61,4,0,7
BRDA:62,5,0,29
BRDA:62,6,0,7
BRDA:67,7,0,7
BRDA:67,8,0,29
BRDA:68,9,0,7
BRDA:68,10,0,29
BRDA:69,11,0,7
BRDA:69,12,0,29
BRDA:18,13,0,25
BRDA:23,14,0,18
BRDA:24,15,0,3
BRDA:26,16,0,15
BRDA:26,17,0,9
BRDA:28,18,0,6
BRDA:28,19,0,4
BRDA:29,20,0,3
BRDA:31,21,0,1
BRDA:34,22,0,2
BRDA:34,23,0,1
BRDA:25,24,0,2
BRDA:27,25,0,7
BRF:26
BRH:26
end_of_record
TN:
SF:src/ui/components/input-overlays/ModelSelector.tsx
FN:20,ModelSelector
FNF:1
FNH:1
FNDA:31,ModelSelector
DA:1,1
DA:2,1
DA:10,1
DA:11,1
DA:12,1
DA:13,1
DA:14,1
DA:15,1
DA:16,1
DA:18,1
DA:20,31
DA:21,31
DA:22,30
DA:23,30
DA:24,31
DA:26,31
DA:27,52
DA:28,5
DA:29,5
DA:30,5
DA:32,52
DA:33,1
DA:34,1
DA:35,1
DA:37,52
DA:38,13
DA:39,13
DA:40,13
DA:42,52
DA:43,32
DA:44,32
DA:45,32
DA:47,52
DA:48,1
DA:49,1
DA:50,1
DA:51,31
DA:53,31
DA:54,31
DA:55,31
DA:56,31
DA:57,31
DA:59,31
DA:60,31
DA:62,31
DA:63,31
DA:65,31
DA:66,31
DA:67,31
DA:68,31
DA:69,31
DA:71,31
DA:72,31
DA:73,186
DA:74,186
DA:75,186
DA:76,186
DA:77,186
DA:79,186
DA:80,186
DA:81,186
DA:82,186
DA:83,186
DA:84,31
DA:85,31
DA:86,31
DA:87,31
DA:88,31
DA:90,186
DA:91,31
DA:92,31
DA:93,31
DA:95,31
LF:73
LH:73
BRDA:20,0,0,31
BRDA:21,1,0,30
BRDA:23,2,0,4
BRDA:23,3,0,26
BRDA:22,4,0,166
BRDA:26,5,0,52
BRDA:27,6,0,5
BRDA:30,7,0,47
BRDA:32,8,0,1
BRDA:35,9,0,46
BRDA:37,10,0,13
BRDA:40,11,0,33
BRDA:42,12,0,32
BRDA:45,13,0,1
BRDA:47,14,0,1
BRDA:38,15,0,3
BRDA:43,16,0,6
BRDA:72,17,0,186
BRDA:73,18,0,31
BRDA:73,19,0,155
BRDA:75,20,0,31
BRDA:75,21,0,155
BRDA:76,22,0,31
BRDA:76,23,0,155
BRDA:79,24,0,31
BRDA:79,25,0,155
BRDA:81,26,0,5
BRDA:81,27,0,181
BRDA:83,28,0,31
BRF:29
BRH:29
end_of_record
TN:
SF:src/ui/components/input-overlays/PendingToolApproval.tsx
FN:15,PendingToolApproval
FN:51,getFilename
FNF:2
FNH:2
FNDA:35,PendingToolApproval
FNDA:35,getFilename
DA:1,1
DA:2,1
DA:3,1
DA:4,1
DA:5,1
DA:15,35
DA:16,35
DA:17,35
DA:18,35
DA:19,35
DA:20,35
DA:21,35
DA:22,35
DA:25,35
DA:26,31
DA:27,35
DA:30,35
DA:31,20
DA:32,20
DA:34,20
DA:35,2
DA:36,20
DA:37,16
DA:38,18
DA:39,1
DA:40,1
DA:41,1
DA:43,0
DA:44,0
DA:46,0
DA:47,0
DA:48,1
DA:49,35
DA:51,35
DA:52,35
DA:53,35
DA:54,35
DA:55,35
DA:57,35
DA:59,35
DA:60,35
DA:62,35
DA:63,35
DA:64,35
DA:65,35
DA:66,35
DA:69,35
DA:70,35
DA:71,35
DA:72,2
DA:73,2
DA:74,2
DA:75,2
DA:76,2
DA:77,33
DA:78,35
DA:81,35
DA:82,28
DA:83,28
DA:84,28
DA:85,28
DA:86,28
DA:87,28
DA:91,35
DA:92,35
DA:93,35
DA:94,31
DA:95,4
DA:97,35
DA:99,35
DA:100,35
DA:101,35
DA:102,35
DA:103,35
DA:104,35
DA:105,35
DA:108,35
DA:109,30
DA:110,30
DA:111,30
DA:112,30
DA:113,30
DA:114,30
DA:117,35
DA:118,35
DA:119,35
DA:120,35
DA:121,35
DA:122,35
DA:123,35
DA:124,35
DA:125,35
DA:127,35
LF:93
LH:89
BRDA:15,0,0,35
BRDA:81,1,0,32
BRDA:81,2,0,28
BRDA:93,3,0,31
BRDA:94,4,0,4
BRDA:101,5,0,32
BRDA:101,6,0,3
BRDA:102,7,0,32
BRDA:102,8,0,3
BRDA:103,9,0,32
BRDA:103,10,0,3
BRDA:108,11,0,30
BRDA:110,12,0,3
BRDA:110,13,0,27
BRDA:111,14,0,3
BRDA:111,15,0,27
BRDA:112,16,0,3
BRDA:112,17,0,27
BRDA:118,18,0,5
BRDA:118,19,0,30
BRDA:118,20,0,0
BRDA:119,21,0,5
BRDA:119,22,0,30
BRDA:119,23,0,0
BRDA:120,24,0,5
BRDA:120,25,0,30
BRDA:120,26,0,0
BRDA:25,27,0,31
BRDA:30,28,0,20
BRDA:32,29,0,2
BRDA:32,30,0,18
BRDA:34,31,0,2
BRDA:36,32,0,18
BRDA:36,33,0,16
BRDA:38,34,0,2
BRDA:38,35,0,1
BRDA:41,36,0,0
BRDA:35,37,0,2
BRDA:37,38,0,6
BRDA:51,39,0,35
BRDA:52,40,0,5
BRDA:53,41,0,4
BRDA:53,42,0,31
BRDA:54,43,0,0
BRDA:69,44,0,35
BRDA:71,45,0,2
BRDA:76,46,0,33
BRF:47
BRH:42
end_of_record
TN:
SF:src/ui/components/input-overlays/SlashCommandSuggestions.tsx
FN:11,SlashCommandSuggestions
FNF:1
FNH:1
FNDA:30,SlashCommandSuggestions
DA:2,1
DA:3,1
DA:11,30
DA:12,30
DA:13,30
DA:14,30
DA:15,30
DA:16,30
DA:17,30
DA:18,101
DA:19,30
DA:21,30
DA:22,5
DA:23,5
DA:25,22
DA:26,22
DA:27,22
DA:28,41
DA:29,41
DA:30,41
DA:31,41
DA:32,41
DA:33,41
DA:34,41
DA:35,41
DA:36,22
DA:37,22
DA:39,22
LF:28
LH:28
BRDA:11,0,0,30
BRDA:21,1,0,5
BRDA:23,2,0,22
BRDA:17,3,0,101
BRDA:27,4,0,41
BRDA:30,5,0,20
BRDA:30,6,0,21
BRDA:31,7,0,20
BRDA:31,8,0,21
BRF:9
BRH:9
end_of_record
TN:
SF:src/ui/hooks/useAgent.ts
FN:23,useAgent
FN:86,onThinkingText
FN:94,onFinalMessage
FN:102,onToolStart
FN:123,onToolEnd
FN:155,onApiUsage
FN:161,onToolApproval
FN:207,onMaxIterations
FNF:8
FNH:4
FNDA:66,useAgent
FNDA:0,onThinkingText
FNDA:0,onFinalMessage
FNDA:4,onToolStart
FNDA:1,onToolEnd
FNDA:1,onApiUsage
FNDA:0,onToolApproval
FNDA:0,onMaxIterations
DA:1,1
DA:3,1
DA:23,1
DA:24,66
DA:25,66
DA:26,66
DA:27,66
DA:28,66
DA:29,66
DA:30,66
DA:31,66
DA:32,66
DA:33,66
DA:34,66
DA:35,66
DA:36,66
DA:37,66
DA:38,66
DA:42,66
DA:43,66
DA:46,66
DA:48,66
DA:49,41
DA:50,41
DA:51,41
DA:52,41
DA:53,41
DA:54,41
DA:55,41
DA:56,66
DA:58,66
DA:59,0
DA:60,0
DA:61,0
DA:62,66
DA:64,66
DA:65,19
DA:68,19
DA:69,11
DA:70,11
DA:73,18
DA:76,18
DA:77,18
DA:78,18
DA:79,18
DA:81,18
DA:83,18
DA:85,18
DA:86,18
DA:88,0
DA:89,0
DA:90,0
DA:91,0
DA:92,0
DA:93,0
DA:94,18
DA:96,0
DA:97,0
DA:98,0
DA:99,0
DA:100,0
DA:101,0
DA:102,18
DA:103,4
DA:104,4
DA:105,4
DA:106,4
DA:107,4
DA:108,4
DA:109,4
DA:112,4
DA:115,4
DA:116,4
DA:117,4
DA:118,4
DA:119,4
DA:121,4
DA:122,4
DA:123,18
DA:124,1
DA:127,1
DA:128,1
DA:130,2
DA:131,1
DA:132,1
DA:133,1
DA:134,0
DA:135,1
DA:136,1
DA:137,0
DA:138,1
DA:139,1
DA:140,1
DA:141,0
DA:142,1
DA:143,1
DA:144,0
DA:145,1
DA:146,1
DA:147,1
DA:148,1
DA:149,1
DA:150,1
DA:151,1
DA:152,1
DA:153,1
DA:154,1
DA:155,18
DA:157,1
DA:158,1
DA:159,1
DA:160,1
DA:161,18
DA:163,0
DA:164,0
DA:165,0
DA:167,0
DA:168,0
DA:169,0
DA:170,0
DA:171,0
DA:174,0
DA:175,0
DA:176,0
DA:179,0
DA:180,0
DA:181,0
DA:182,0
DA:183,0
DA:184,0
DA:186,0
DA:187,0
DA:188,0
DA:189,0
DA:190,0
DA:191,0
DA:192,0
DA:193,0
DA:194,0
DA:195,0
DA:196,0
DA:197,0
DA:199,0
DA:200,0
DA:201,0
DA:202,0
DA:203,0
DA:204,0
DA:205,0
DA:206,0
DA:207,18
DA:209,0
DA:210,0
DA:211,0
DA:213,0
DA:214,0
DA:215,0
DA:216,0
DA:219,0
DA:220,0
DA:221,0
DA:223,0
DA:224,0
DA:225,0
DA:226,0
DA:227,0
DA:228,18
DA:230,18
DA:232,19
DA:234,3
DA:235,3
DA:236,2
DA:237,2
DA:238,3
DA:240,1
DA:241,1
DA:243,2
DA:245,2
DA:247,2
DA:248,1
DA:249,1
DA:250,1
DA:251,1
DA:252,1
DA:253,1
DA:254,1
DA:255,0
DA:256,0
DA:257,1
DA:258,1
DA:259,1
DA:260,3
DA:261,0
DA:262,0
DA:264,2
DA:265,2
DA:266,2
DA:267,2
DA:268,19
DA:269,17
DA:270,17
DA:273,17
DA:274,11
DA:275,11
DA:276,17
DA:277,66
DA:279,66
DA:280,0
DA:281,0
DA:282,0
DA:283,0
DA:284,66
DA:286,66
DA:287,0
DA:288,0
DA:289,0
DA:290,0
DA:291,66
DA:293,66
DA:294,2
DA:295,66
DA:297,66
DA:298,2
DA:299,2
DA:300,2
DA:301,66
DA:303,66
DA:304,1
DA:305,1
DA:307,1
DA:308,66
DA:310,66
DA:311,1
DA:312,1
DA:313,1
DA:316,1
DA:317,1
DA:318,1
DA:319,1
DA:320,66
DA:322,66
DA:323,2
DA:324,66
DA:326,66
DA:327,66
DA:328,66
DA:329,66
DA:330,66
DA:331,66
DA:332,66
DA:333,66
DA:334,66
DA:335,66
DA:336,66
DA:337,66
DA:338,66
DA:339,66
DA:340,66
DA:341,66
DA:342,66
DA:343,66
DA:344,66
DA:345,66
LF:263
LH:180
BRDA:23,0,0,66
BRDA:48,1,0,41
BRDA:54,2,0,40
BRDA:64,3,0,19
BRDA:65,4,0,1
BRDA:65,5,0,18
BRDA:68,6,0,11
BRDA:70,7,0,18
BRDA:230,8,0,14
BRDA:232,9,0,3
BRDA:235,10,0,2
BRDA:236,11,0,2
BRDA:238,12,0,1
BRDA:241,13,0,2
BRDA:247,14,0,1
BRDA:247,15,0,1
BRDA:254,16,0,0
BRDA:260,17,0,0
BRDA:262,18,0,2
BRDA:268,19,0,16
BRDA:268,20,0,17
BRDA:273,21,0,11
BRDA:73,22,0,18
BRDA:102,23,0,4
BRDA:108,24,0,3
BRDA:123,25,0,1
BRDA:127,26,0,1
BRDA:128,27,0,2
BRDA:130,28,0,1
BRDA:130,29,0,1
BRDA:130,30,0,1
BRDA:133,31,0,0
BRDA:136,32,0,0
BRDA:140,33,0,0
BRDA:143,34,0,0
BRDA:155,35,0,1
BRDA:293,36,0,2
BRDA:297,37,0,2
BRDA:303,38,0,1
BRDA:310,39,0,1
BRDA:322,40,0,2
BRDA:323,41,0,2
BRF:42
BRH:36
end_of_record
TN:
SF:src/ui/hooks/useTokenMetrics.ts
FN:18,useTokenMetrics
FNF:1
FNH:1
FNDA:168,useTokenMetrics
DA:1,1
DA:18,1
DA:19,168
DA:20,168
DA:21,168
DA:22,168
DA:23,168
DA:24,168
DA:25,168
DA:26,168
DA:28,168
DA:29,168
DA:32,168
DA:33,38
DA:34,38
DA:35,38
DA:36,38
DA:37,38
DA:38,38
DA:39,38
DA:40,38
DA:41,38
DA:42,38
DA:43,168
DA:46,168
DA:47,67
DA:48,67
DA:49,67
DA:50,67
DA:51,67
DA:52,168
DA:55,168
DA:56,30
DA:58,29
DA:59,29
DA:60,29
DA:61,29
DA:62,29
DA:63,168
DA:66,168
DA:67,40
DA:69,22
DA:70,22
DA:72,22
DA:73,22
DA:74,22
DA:75,22
DA:76,22
DA:77,168
DA:80,168
DA:82,9
DA:83,2
DA:84,2
DA:86,2
DA:87,2
DA:88,2
DA:89,2
DA:90,2
DA:91,2
DA:92,2
DA:93,9
DA:94,7
DA:95,7
DA:96,7
DA:97,7
DA:98,7
DA:99,7
DA:100,7
DA:101,168
DA:104,168
DA:105,3
DA:106,3
DA:107,3
DA:108,3
DA:109,3
DA:110,3
DA:111,3
DA:112,3
DA:113,3
DA:114,3
DA:115,168
DA:117,168
DA:118,168
DA:119,168
DA:120,168
DA:121,168
DA:122,168
DA:123,168
DA:124,168
DA:125,168
DA:126,168
LF:91
LH:91
BRDA:18,0,0,168
BRDA:32,1,0,38
BRDA:46,2,0,67
BRDA:48,3,0,67
BRDA:55,4,0,30
BRDA:56,5,0,1
BRDA:56,6,0,29
BRDA:59,7,0,29
BRDA:66,8,0,40
BRDA:67,9,0,18
BRDA:67,10,0,22
BRDA:72,11,0,22
BRDA:80,12,0,9
BRDA:82,13,0,2
BRDA:93,14,0,7
BRDA:86,15,0,2
BRDA:94,16,0,7
BRDA:104,17,0,3
BRF:18
BRH:18
end_of_record
TN:
SF:src/utils/constants.ts
FNF:0
FNH:0
DA:2,1
DA:3,1
DA:4,1
DA:5,1
LF:4
LH:4
BRF:0
BRH:0
end_of_record
TN:
SF:src/utils/file-ops.ts
FN:8,writeFile
FN:26,createDirectory
FN:38,deleteFile
FN:65,displayTree
FN:113,shouldIgnore
FNF:5
FNH:5
FNDA:3,writeFile
FNDA:2,createDirectory
FNDA:5,deleteFile
FNDA:5,displayTree
FNDA:29,shouldIgnore
DA:1,1
DA:2,1
DA:3,1
DA:8,3
DA:9,3
DA:11,3
DA:13,3
DA:14,3
DA:16,2
DA:17,2
DA:18,3
DA:19,1
DA:20,1
DA:21,3
DA:26,2
DA:27,2
DA:28,2
DA:29,1
DA:30,1
DA:31,1
DA:32,1
DA:33,2
DA:38,5
DA:39,5
DA:41,5
DA:42,5
DA:44,5
DA:45,1
DA:46,1
DA:48,5
DA:49,1
DA:50,1
DA:51,1
DA:52,1
DA:53,2
DA:54,2
DA:55,2
DA:56,1
DA:57,1
DA:58,1
DA:59,1
DA:60,5
DA:65,5
DA:66,5
DA:67,5
DA:68,5
DA:69,5
DA:70,5
DA:71,5
DA:73,5
DA:74,5
DA:75,5
DA:76,1
DA:77,1
DA:79,4
DA:80,3
DA:81,3
DA:82,3
DA:83,3
DA:85,3
DA:86,3
DA:87,2
DA:88,3
DA:90,3
DA:92,3
DA:93,6
DA:94,6
DA:96,6
DA:97,1
DA:98,6
DA:99,5
DA:100,5
DA:101,3
DA:103,3
DA:104,5
DA:105,1
DA:106,1
DA:107,5
DA:113,1
DA:114,29
DA:115,29
DA:118,29
DA:119,264
DA:121,45
DA:122,45
DA:123,45
DA:124,3
DA:125,3
DA:126,264
DA:127,219
DA:128,13
DA:129,13
DA:130,219
DA:131,264
DA:134,13
DA:135,29
DA:136,2
DA:137,2
DA:139,11
DA:140,11
LF:100
LH:100
BRDA:8,0,0,3
BRDA:14,1,0,2
BRDA:18,2,0,1
BRDA:26,3,0,2
BRDA:28,4,0,1
BRDA:38,5,0,5
BRDA:42,6,0,3
BRDA:44,7,0,1
BRDA:46,8,0,2
BRDA:48,9,0,1
BRDA:52,10,0,2
BRDA:55,11,0,1
BRDA:65,12,0,5
BRDA:75,13,0,1
BRDA:77,14,0,4
BRDA:79,15,0,3
BRDA:104,16,0,1
BRDA:74,17,0,4
BRDA:74,18,0,1
BRDA:81,19,0,7
BRDA:82,20,0,6
BRDA:82,21,0,4
BRDA:83,22,0,3
BRDA:85,23,0,0
BRDA:85,24,0,0
BRDA:86,25,0,1
BRDA:86,26,0,2
BRDA:92,27,0,6
BRDA:94,28,0,3
BRDA:94,29,0,3
BRDA:96,30,0,1
BRDA:98,31,0,5
BRDA:113,32,0,29
BRDA:118,33,0,264
BRDA:119,34,0,45
BRDA:123,35,0,3
BRDA:126,36,0,219
BRDA:127,37,0,206
BRDA:127,38,0,13
BRDA:131,39,0,13
BRDA:135,40,0,5
BRDA:135,41,0,2
BRDA:137,42,0,11
BRF:43
BRH:41
end_of_record
TN:
SF:src/utils/local-settings.ts
FN:14,<instance_members_initializer>
FN:16,ConfigManager
FN:21,ensureConfigDir
FN:28,getApiKey
FN:43,setApiKey
FN:63,clearApiKey
FN:85,getDefaultModel
FN:100,setDefaultModel
FNF:8
FNH:8
FNDA:21,<instance_members_initializer>
FNDA:21,ConfigManager
FNDA:8,ensureConfigDir
FNDA:4,getApiKey
FNDA:4,setApiKey
FNDA:4,clearApiKey
FNDA:4,getDefaultModel
FNDA:4,setDefaultModel
DA:1,1
DA:2,1
DA:3,1
DA:10,1
DA:11,1
DA:13,1
DA:14,1
DA:16,1
DA:17,21
DA:18,21
DA:19,21
DA:21,1
DA:22,8
DA:23,8
DA:24,2
DA:25,2
DA:26,8
DA:28,1
DA:29,4
DA:30,4
DA:31,1
DA:32,1
DA:34,3
DA:35,3
DA:36,4
DA:37,4
DA:38,1
DA:39,1
DA:40,1
DA:41,4
DA:43,1
DA:44,4
DA:45,4
DA:47,4
DA:48,4
DA:49,2
DA:50,2
DA:51,2
DA:53,4
DA:55,4
DA:56,4
DA:57,4
DA:58,4
DA:59,1
DA:60,1
DA:61,4
DA:63,1
DA:64,4
DA:65,4
DA:66,1
DA:67,1
DA:69,3
DA:70,3
DA:71,3
DA:73,4
DA:74,1
DA:75,1
DA:76,1
DA:77,1
DA:78,1
DA:79,1
DA:80,4
DA:81,1
DA:82,1
DA:83,4
DA:85,1
DA:86,4
DA:87,4
DA:88,1
DA:89,1
DA:91,3
DA:92,3
DA:93,4
DA:94,4
DA:95,1
DA:96,1
DA:97,1
DA:98,4
DA:100,1
DA:101,4
DA:102,4
DA:104,4
DA:105,4
DA:106,2
DA:107,2
DA:108,2
DA:110,4
DA:112,4
DA:113,4
DA:114,4
DA:115,4
DA:116,1
DA:117,1
DA:118,4
DA:119,1
LF:95
LH:95
BRDA:14,0,0,21
BRDA:16,1,0,21
BRDA:21,2,0,8
BRDA:23,3,0,2
BRDA:28,4,0,4
BRDA:30,5,0,1
BRDA:32,6,0,3
BRDA:36,7,0,1
BRDA:37,8,0,1
BRDA:43,9,0,4
BRDA:48,10,0,2
BRDA:58,11,0,1
BRDA:63,12,0,4
BRDA:65,13,0,1
BRDA:67,14,0,3
BRDA:73,15,0,1
BRDA:80,16,0,1
BRDA:85,17,0,4
BRDA:87,18,0,1
BRDA:89,19,0,3
BRDA:93,20,0,1
BRDA:94,21,0,1
BRDA:100,22,0,4
BRDA:105,23,0,2
BRDA:115,24,0,1
BRF:25
BRH:25
end_of_record
TN:
SF:src/utils/markdown.ts
FN:12,parseMarkdown
FN:65,parseInlineElements
FNF:2
FNH:2
FNDA:10,parseMarkdown
FNDA:12,parseInlineElements
DA:12,1
DA:13,10
DA:14,10
DA:16,10
DA:17,28
DA:20,28
DA:21,4
DA:22,4
DA:23,4
DA:24,7
DA:25,7
DA:26,7
DA:27,4
DA:28,4
DA:29,4
DA:30,4
DA:31,4
DA:32,4
DA:35,28
DA:36,8
DA:37,8
DA:38,8
DA:39,8
DA:40,8
DA:41,8
DA:42,8
DA:43,8
DA:44,8
DA:47,28
DA:48,5
DA:49,5
DA:50,5
DA:51,5
DA:52,5
DA:53,5
DA:56,11
DA:57,11
DA:58,28
DA:59,28
DA:60,28
DA:62,10
DA:63,10
DA:65,1
DA:66,12
DA:67,12
DA:69,12
DA:71,18
DA:72,18
DA:74,6
DA:75,3
DA:76,3
DA:77,3
DA:78,3
DA:79,3
DA:81,6
DA:82,6
DA:83,6
DA:84,6
DA:85,6
DA:86,6
DA:87,6
DA:90,12
DA:91,18
DA:93,3
DA:94,2
DA:95,2
DA:96,2
DA:97,2
DA:98,2
DA:100,3
DA:101,3
DA:102,3
DA:103,3
DA:104,3
DA:105,3
DA:106,3
DA:109,9
DA:110,18
DA:112,2
DA:113,2
DA:114,2
DA:115,2
DA:116,2
DA:117,2
DA:119,2
DA:120,2
DA:121,2
DA:122,2
DA:123,2
DA:124,2
DA:125,2
DA:128,7
DA:129,7
DA:130,7
DA:131,7
DA:132,7
DA:133,7
DA:135,12
DA:136,12
LF:99
LH:99
BRDA:12,0,0,10
BRDA:16,1,0,28
BRDA:20,2,0,4
BRDA:23,3,0,10
BRDA:23,4,0,7
BRDA:32,5,0,24
BRDA:35,6,0,8
BRDA:36,7,0,0
BRDA:44,8,0,16
BRDA:47,9,0,14
BRDA:47,10,0,12
BRDA:47,11,0,1
BRDA:47,12,0,5
BRDA:53,13,0,11
BRDA:58,14,0,6
BRDA:65,15,0,12
BRDA:69,16,0,18
BRDA:72,17,0,6
BRDA:74,18,0,3
BRDA:87,19,0,12
BRDA:91,20,0,3
BRDA:93,21,0,2
BRDA:106,22,0,9
BRDA:110,23,0,2
BRDA:125,24,0,7
BRF:25
BRH:24
end_of_record
